2018-05-18 09:28:03 [main] INFO  org.springframework.test.context.support.DefaultTestContextBootstrapper [AbstractTestContextBootstrapper.java line: 257] - Loaded default TestExecutionListener class names from location [META-INF/spring.factories]: [org.springframework.test.context.web.ServletTestExecutionListener, org.springframework.test.context.support.DirtiesContextBeforeModesTestExecutionListener, org.springframework.test.context.support.DependencyInjectionTestExecutionListener, org.springframework.test.context.support.DirtiesContextTestExecutionListener, org.springframework.test.context.transaction.TransactionalTestExecutionListener, org.springframework.test.context.jdbc.SqlScriptsTestExecutionListener] 
 2018-05-18 09:28:03 [main] INFO  org.springframework.test.context.support.DefaultTestContextBootstrapper [AbstractTestContextBootstrapper.java line: 184] - Using TestExecutionListeners: [org.springframework.test.context.web.ServletTestExecutionListener@5b0abc94, org.springframework.test.context.support.DirtiesContextBeforeModesTestExecutionListener@75c072cb, org.springframework.test.context.support.DependencyInjectionTestExecutionListener@1f1c7bf6, org.springframework.test.context.support.DirtiesContextTestExecutionListener@25b485ba, org.springframework.test.context.transaction.TransactionalTestExecutionListener@2b546384, org.springframework.test.context.jdbc.SqlScriptsTestExecutionListener@5d740a0f] 
 2018-05-18 09:28:03 [main] INFO  org.springframework.test.context.support.DefaultTestContextBootstrapper [AbstractTestContextBootstrapper.java line: 257] - Loaded default TestExecutionListener class names from location [META-INF/spring.factories]: [org.springframework.test.context.web.ServletTestExecutionListener, org.springframework.test.context.support.DirtiesContextBeforeModesTestExecutionListener, org.springframework.test.context.support.DependencyInjectionTestExecutionListener, org.springframework.test.context.support.DirtiesContextTestExecutionListener, org.springframework.test.context.transaction.TransactionalTestExecutionListener, org.springframework.test.context.jdbc.SqlScriptsTestExecutionListener] 
 2018-05-18 09:28:03 [main] INFO  org.springframework.test.context.support.DefaultTestContextBootstrapper [AbstractTestContextBootstrapper.java line: 184] - Using TestExecutionListeners: [org.springframework.test.context.web.ServletTestExecutionListener@691a7f8f, org.springframework.test.context.support.DirtiesContextBeforeModesTestExecutionListener@50a7bc6e, org.springframework.test.context.support.DependencyInjectionTestExecutionListener@161b062a, org.springframework.test.context.support.DirtiesContextTestExecutionListener@17c1bced, org.springframework.test.context.transaction.TransactionalTestExecutionListener@2d9d4f9d, org.springframework.test.context.jdbc.SqlScriptsTestExecutionListener@4034c28c] 
 2018-05-18 09:28:03 [main] INFO  org.springframework.test.context.support.DefaultTestContextBootstrapper [AbstractTestContextBootstrapper.java line: 257] - Loaded default TestExecutionListener class names from location [META-INF/spring.factories]: [org.springframework.test.context.web.ServletTestExecutionListener, org.springframework.test.context.support.DirtiesContextBeforeModesTestExecutionListener, org.springframework.test.context.support.DependencyInjectionTestExecutionListener, org.springframework.test.context.support.DirtiesContextTestExecutionListener, org.springframework.test.context.transaction.TransactionalTestExecutionListener, org.springframework.test.context.jdbc.SqlScriptsTestExecutionListener] 
 2018-05-18 09:28:03 [main] INFO  org.springframework.test.context.support.DefaultTestContextBootstrapper [AbstractTestContextBootstrapper.java line: 184] - Using TestExecutionListeners: [org.springframework.test.context.web.ServletTestExecutionListener@436a4e4b, org.springframework.test.context.support.DirtiesContextBeforeModesTestExecutionListener@f2f2cc1, org.springframework.test.context.support.DependencyInjectionTestExecutionListener@3a079870, org.springframework.test.context.support.DirtiesContextTestExecutionListener@3b2cf7ab, org.springframework.test.context.transaction.TransactionalTestExecutionListener@2aa5fe93, org.springframework.test.context.jdbc.SqlScriptsTestExecutionListener@5c1a8622] 
 2018-05-18 09:28:04 [main] INFO  org.springframework.context.support.GenericApplicationContext [AbstractApplicationContext.java line: 589] - Refreshing org.springframework.context.support.GenericApplicationContext@43ee72e6: startup date [Fri May 18 09:28:04 WAT 2018]; root of context hierarchy 
 2018-05-18 09:28:07 [main] INFO  org.springframework.jdbc.datasource.DriverManagerDataSource [DriverManagerDataSource.java line: 133] - Loaded JDBC driver: org.hsqldb.jdbcDriver 
 2018-05-18 09:28:08 [main] INFO  org.springframework.jdbc.datasource.init.ScriptUtils [ScriptUtils.java line: 442] - Executing SQL script from class path resource [mode.sql] 
 2018-05-18 09:28:08 [main] INFO  org.springframework.jdbc.datasource.init.ScriptUtils [ScriptUtils.java line: 508] - Executed SQL script from class path resource [mode.sql] in 36 ms. 
 2018-05-18 09:28:08 [main] INFO  org.springframework.jdbc.datasource.init.ScriptUtils [ScriptUtils.java line: 442] - Executing SQL script from class path resource [sample_data_test.sql] 
 2018-05-18 09:28:08 [main] INFO  org.springframework.jdbc.datasource.init.ScriptUtils [ScriptUtils.java line: 508] - Executed SQL script from class path resource [sample_data_test.sql] in 2 ms. 
 2018-05-18 09:28:09 [main] INFO  org.springframework.orm.jpa.LocalContainerEntityManagerFactoryBean [LocalContainerEntityManagerFactoryBean.java line: 361] - Building JPA container EntityManagerFactory for persistence unit 'default' 
 2018-05-18 09:28:17 [main] INFO  org.springframework.orm.jpa.LocalContainerEntityManagerFactoryBean [AbstractEntityManagerFactoryBean.java line: 393] - Initialized JPA EntityManagerFactory for persistence unit 'default' 
 2018-05-18 09:28:21 [main] INFO  org.springframework.test.context.support.DefaultTestContextBootstrapper [AbstractTestContextBootstrapper.java line: 257] - Loaded default TestExecutionListener class names from location [META-INF/spring.factories]: [org.springframework.test.context.web.ServletTestExecutionListener, org.springframework.test.context.support.DirtiesContextBeforeModesTestExecutionListener, org.springframework.test.context.support.DependencyInjectionTestExecutionListener, org.springframework.test.context.support.DirtiesContextTestExecutionListener, org.springframework.test.context.transaction.TransactionalTestExecutionListener, org.springframework.test.context.jdbc.SqlScriptsTestExecutionListener] 
 2018-05-18 09:28:21 [main] INFO  org.springframework.test.context.support.DefaultTestContextBootstrapper [AbstractTestContextBootstrapper.java line: 184] - Using TestExecutionListeners: [org.springframework.test.context.web.ServletTestExecutionListener@4fa86cb8, org.springframework.test.context.support.DirtiesContextBeforeModesTestExecutionListener@54c60202, org.springframework.test.context.support.DependencyInjectionTestExecutionListener@7889b4b9, org.springframework.test.context.support.DirtiesContextTestExecutionListener@1e545821, org.springframework.test.context.transaction.TransactionalTestExecutionListener@12952aff, org.springframework.test.context.jdbc.SqlScriptsTestExecutionListener@76a7fcbd] 
 2018-05-18 09:28:21 [Thread-1] INFO  org.springframework.context.support.GenericApplicationContext [AbstractApplicationContext.java line: 989] - Closing org.springframework.context.support.GenericApplicationContext@43ee72e6: startup date [Fri May 18 09:28:04 WAT 2018]; root of context hierarchy 
 2018-05-18 09:28:21 [Thread-1] INFO  org.springframework.orm.jpa.LocalContainerEntityManagerFactoryBean [AbstractEntityManagerFactoryBean.java line: 571] - Closing JPA EntityManagerFactory for persistence unit 'default' 
 2018-05-18 09:45:58 [main] INFO  org.springframework.test.context.support.DefaultTestContextBootstrapper [AbstractTestContextBootstrapper.java line: 257] - Loaded default TestExecutionListener class names from location [META-INF/spring.factories]: [org.springframework.test.context.web.ServletTestExecutionListener, org.springframework.test.context.support.DirtiesContextBeforeModesTestExecutionListener, org.springframework.test.context.support.DependencyInjectionTestExecutionListener, org.springframework.test.context.support.DirtiesContextTestExecutionListener, org.springframework.test.context.transaction.TransactionalTestExecutionListener, org.springframework.test.context.jdbc.SqlScriptsTestExecutionListener] 
 2018-05-18 09:45:58 [main] INFO  org.springframework.test.context.support.DefaultTestContextBootstrapper [AbstractTestContextBootstrapper.java line: 184] - Using TestExecutionListeners: [org.springframework.test.context.web.ServletTestExecutionListener@5b0abc94, org.springframework.test.context.support.DirtiesContextBeforeModesTestExecutionListener@75c072cb, org.springframework.test.context.support.DependencyInjectionTestExecutionListener@1f1c7bf6, org.springframework.test.context.support.DirtiesContextTestExecutionListener@25b485ba, org.springframework.test.context.transaction.TransactionalTestExecutionListener@2b546384, org.springframework.test.context.jdbc.SqlScriptsTestExecutionListener@5d740a0f] 
 2018-05-18 09:45:58 [main] INFO  org.springframework.test.context.support.DefaultTestContextBootstrapper [AbstractTestContextBootstrapper.java line: 257] - Loaded default TestExecutionListener class names from location [META-INF/spring.factories]: [org.springframework.test.context.web.ServletTestExecutionListener, org.springframework.test.context.support.DirtiesContextBeforeModesTestExecutionListener, org.springframework.test.context.support.DependencyInjectionTestExecutionListener, org.springframework.test.context.support.DirtiesContextTestExecutionListener, org.springframework.test.context.transaction.TransactionalTestExecutionListener, org.springframework.test.context.jdbc.SqlScriptsTestExecutionListener] 
 2018-05-18 09:45:58 [main] INFO  org.springframework.test.context.support.DefaultTestContextBootstrapper [AbstractTestContextBootstrapper.java line: 184] - Using TestExecutionListeners: [org.springframework.test.context.web.ServletTestExecutionListener@691a7f8f, org.springframework.test.context.support.DirtiesContextBeforeModesTestExecutionListener@50a7bc6e, org.springframework.test.context.support.DependencyInjectionTestExecutionListener@161b062a, org.springframework.test.context.support.DirtiesContextTestExecutionListener@17c1bced, org.springframework.test.context.transaction.TransactionalTestExecutionListener@2d9d4f9d, org.springframework.test.context.jdbc.SqlScriptsTestExecutionListener@4034c28c] 
 2018-05-18 09:45:58 [main] INFO  org.springframework.test.context.support.DefaultTestContextBootstrapper [AbstractTestContextBootstrapper.java line: 257] - Loaded default TestExecutionListener class names from location [META-INF/spring.factories]: [org.springframework.test.context.web.ServletTestExecutionListener, org.springframework.test.context.support.DirtiesContextBeforeModesTestExecutionListener, org.springframework.test.context.support.DependencyInjectionTestExecutionListener, org.springframework.test.context.support.DirtiesContextTestExecutionListener, org.springframework.test.context.transaction.TransactionalTestExecutionListener, org.springframework.test.context.jdbc.SqlScriptsTestExecutionListener] 
 2018-05-18 09:45:58 [main] INFO  org.springframework.test.context.support.DefaultTestContextBootstrapper [AbstractTestContextBootstrapper.java line: 184] - Using TestExecutionListeners: [org.springframework.test.context.web.ServletTestExecutionListener@436a4e4b, org.springframework.test.context.support.DirtiesContextBeforeModesTestExecutionListener@f2f2cc1, org.springframework.test.context.support.DependencyInjectionTestExecutionListener@3a079870, org.springframework.test.context.support.DirtiesContextTestExecutionListener@3b2cf7ab, org.springframework.test.context.transaction.TransactionalTestExecutionListener@2aa5fe93, org.springframework.test.context.jdbc.SqlScriptsTestExecutionListener@5c1a8622] 
 2018-05-18 09:45:58 [main] INFO  org.springframework.context.support.GenericApplicationContext [AbstractApplicationContext.java line: 589] - Refreshing org.springframework.context.support.GenericApplicationContext@43ee72e6: startup date [Fri May 18 09:45:58 WAT 2018]; root of context hierarchy 
 2018-05-18 09:46:00 [main] INFO  org.springframework.jdbc.datasource.DriverManagerDataSource [DriverManagerDataSource.java line: 133] - Loaded JDBC driver: org.hsqldb.jdbcDriver 
 2018-05-18 09:46:01 [main] INFO  org.springframework.jdbc.datasource.init.ScriptUtils [ScriptUtils.java line: 442] - Executing SQL script from class path resource [mode.sql] 
 2018-05-18 09:46:01 [main] INFO  org.springframework.jdbc.datasource.init.ScriptUtils [ScriptUtils.java line: 508] - Executed SQL script from class path resource [mode.sql] in 17 ms. 
 2018-05-18 09:46:01 [main] INFO  org.springframework.jdbc.datasource.init.ScriptUtils [ScriptUtils.java line: 442] - Executing SQL script from class path resource [sample_data_test.sql] 
 2018-05-18 09:46:01 [main] INFO  org.springframework.jdbc.datasource.init.ScriptUtils [ScriptUtils.java line: 508] - Executed SQL script from class path resource [sample_data_test.sql] in 3 ms. 
 2018-05-18 09:46:01 [main] INFO  org.springframework.orm.jpa.LocalContainerEntityManagerFactoryBean [LocalContainerEntityManagerFactoryBean.java line: 361] - Building JPA container EntityManagerFactory for persistence unit 'default' 
 2018-05-18 09:46:05 [main] INFO  org.springframework.orm.jpa.LocalContainerEntityManagerFactoryBean [AbstractEntityManagerFactoryBean.java line: 393] - Initialized JPA EntityManagerFactory for persistence unit 'default' 
 2018-05-18 09:46:14 [main] INFO  org.springframework.test.context.support.DefaultTestContextBootstrapper [AbstractTestContextBootstrapper.java line: 257] - Loaded default TestExecutionListener class names from location [META-INF/spring.factories]: [org.springframework.test.context.web.ServletTestExecutionListener, org.springframework.test.context.support.DirtiesContextBeforeModesTestExecutionListener, org.springframework.test.context.support.DependencyInjectionTestExecutionListener, org.springframework.test.context.support.DirtiesContextTestExecutionListener, org.springframework.test.context.transaction.TransactionalTestExecutionListener, org.springframework.test.context.jdbc.SqlScriptsTestExecutionListener] 
 2018-05-18 09:46:14 [main] INFO  org.springframework.test.context.support.DefaultTestContextBootstrapper [AbstractTestContextBootstrapper.java line: 184] - Using TestExecutionListeners: [org.springframework.test.context.web.ServletTestExecutionListener@7c11d32, org.springframework.test.context.support.DirtiesContextBeforeModesTestExecutionListener@2f9dda71, org.springframework.test.context.support.DependencyInjectionTestExecutionListener@58278366, org.springframework.test.context.support.DirtiesContextTestExecutionListener@7f5fcfe9, org.springframework.test.context.transaction.TransactionalTestExecutionListener@707865bd, org.springframework.test.context.jdbc.SqlScriptsTestExecutionListener@31f77791] 
 2018-05-18 09:46:14 [Thread-1] INFO  org.springframework.context.support.GenericApplicationContext [AbstractApplicationContext.java line: 989] - Closing org.springframework.context.support.GenericApplicationContext@43ee72e6: startup date [Fri May 18 09:45:58 WAT 2018]; root of context hierarchy 
 2018-05-18 09:46:14 [Thread-1] INFO  org.springframework.orm.jpa.LocalContainerEntityManagerFactoryBean [AbstractEntityManagerFactoryBean.java line: 571] - Closing JPA EntityManagerFactory for persistence unit 'default' 
 2018-05-18 15:11:21 [main] INFO  org.springframework.test.context.support.DefaultTestContextBootstrapper [AbstractTestContextBootstrapper.java line: 257] - Loaded default TestExecutionListener class names from location [META-INF/spring.factories]: [org.springframework.test.context.web.ServletTestExecutionListener, org.springframework.test.context.support.DirtiesContextBeforeModesTestExecutionListener, org.springframework.test.context.support.DependencyInjectionTestExecutionListener, org.springframework.test.context.support.DirtiesContextTestExecutionListener, org.springframework.test.context.transaction.TransactionalTestExecutionListener, org.springframework.test.context.jdbc.SqlScriptsTestExecutionListener] 
 2018-05-18 15:11:22 [main] INFO  org.springframework.test.context.support.DefaultTestContextBootstrapper [AbstractTestContextBootstrapper.java line: 184] - Using TestExecutionListeners: [org.springframework.test.context.web.ServletTestExecutionListener@1f1c7bf6, org.springframework.test.context.support.DirtiesContextBeforeModesTestExecutionListener@25b485ba, org.springframework.test.context.support.DependencyInjectionTestExecutionListener@2b546384, org.springframework.test.context.support.DirtiesContextTestExecutionListener@5d740a0f, org.springframework.test.context.transaction.TransactionalTestExecutionListener@214b199c, org.springframework.test.context.jdbc.SqlScriptsTestExecutionListener@20d3d15a] 
 2018-05-18 15:11:22 [main] INFO  org.springframework.beans.factory.xml.XmlBeanDefinitionReader [XmlBeanDefinitionReader.java line: 316] - Loading XML bean definitions from class path resource [TestConfig.xml] 
 2018-05-18 15:11:23 [main] INFO  org.springframework.context.support.GenericApplicationContext [AbstractApplicationContext.java line: 589] - Refreshing org.springframework.context.support.GenericApplicationContext@7ea37dbf: startup date [Fri May 18 15:11:23 WAT 2018]; root of context hierarchy 
 2018-05-18 15:11:23 [main] WARN  org.springframework.context.support.GenericApplicationContext [AbstractApplicationContext.java line: 557] - Exception encountered during context initialization - cancelling refresh attempt: org.springframework.beans.factory.BeanDefinitionStoreException: Invalid bean definition with name 'mailSender' defined in class path resource [TestConfig.xml]: Circular placeholder reference 'mailSender.host' in property definitions; nested exception is java.lang.IllegalArgumentException: Circular placeholder reference 'mailSender.host' in property definitions 
 2018-05-18 15:11:23 [main] ERROR org.springframework.test.context.TestContextManager [TestContextManager.java line: 246] - Caught exception while allowing TestExecutionListener [org.springframework.test.context.support.DependencyInjectionTestExecutionListener@2b546384] to prepare test instance [org.guce.epayment.core.services.CoreServiceTest@1040be71] 
 java.lang.IllegalStateException: Failed to load ApplicationContext
	at org.springframework.test.context.cache.DefaultCacheAwareContextLoaderDelegate.loadContext(DefaultCacheAwareContextLoaderDelegate.java:125)
	at org.springframework.test.context.support.DefaultTestContext.getApplicationContext(DefaultTestContext.java:107)
	at org.springframework.test.context.support.DependencyInjectionTestExecutionListener.injectDependencies(DependencyInjectionTestExecutionListener.java:117)
	at org.springframework.test.context.support.DependencyInjectionTestExecutionListener.prepareTestInstance(DependencyInjectionTestExecutionListener.java:83)
	at org.springframework.test.context.TestContextManager.prepareTestInstance(TestContextManager.java:242)
	at org.springframework.test.context.junit4.SpringJUnit4ClassRunner.createTest(SpringJUnit4ClassRunner.java:227)
	at org.springframework.test.context.junit4.SpringJUnit4ClassRunner$1.runReflectiveCall(SpringJUnit4ClassRunner.java:289)
	at org.junit.internal.runners.model.ReflectiveCallable.run(ReflectiveCallable.java:12)
	at org.springframework.test.context.junit4.SpringJUnit4ClassRunner.methodBlock(SpringJUnit4ClassRunner.java:291)
	at org.springframework.test.context.junit4.SpringJUnit4ClassRunner.runChild(SpringJUnit4ClassRunner.java:246)
	at org.springframework.test.context.junit4.SpringJUnit4ClassRunner.runChild(SpringJUnit4ClassRunner.java:97)
	at org.junit.runners.ParentRunner$3.run(ParentRunner.java:290)
	at org.junit.runners.ParentRunner$1.schedule(ParentRunner.java:71)
	at org.junit.runners.ParentRunner.runChildren(ParentRunner.java:288)
	at org.junit.runners.ParentRunner.access$000(ParentRunner.java:58)
	at org.junit.runners.ParentRunner$2.evaluate(ParentRunner.java:268)
	at org.springframework.test.context.junit4.statements.RunBeforeTestClassCallbacks.evaluate(RunBeforeTestClassCallbacks.java:61)
	at org.springframework.test.context.junit4.statements.RunAfterTestClassCallbacks.evaluate(RunAfterTestClassCallbacks.java:70)
	at org.junit.runners.ParentRunner.run(ParentRunner.java:363)
	at org.springframework.test.context.junit4.SpringJUnit4ClassRunner.run(SpringJUnit4ClassRunner.java:190)
	at org.apache.maven.surefire.junit4.JUnit4Provider.execute(JUnit4Provider.java:252)
	at org.apache.maven.surefire.junit4.JUnit4Provider.executeTestSet(JUnit4Provider.java:141)
	at org.apache.maven.surefire.junit4.JUnit4Provider.invoke(JUnit4Provider.java:112)
	at sun.reflect.NativeMethodAccessorImpl.invoke0(Native Method)
	at sun.reflect.NativeMethodAccessorImpl.invoke(NativeMethodAccessorImpl.java:62)
	at sun.reflect.DelegatingMethodAccessorImpl.invoke(DelegatingMethodAccessorImpl.java:43)
	at java.lang.reflect.Method.invoke(Method.java:483)
	at org.apache.maven.surefire.util.ReflectionUtils.invokeMethodWithArray(ReflectionUtils.java:189)
	at org.apache.maven.surefire.booter.ProviderFactory$ProviderProxy.invoke(ProviderFactory.java:165)
	at org.apache.maven.surefire.booter.ProviderFactory.invokeProvider(ProviderFactory.java:85)
	at org.apache.maven.surefire.booter.ForkedBooter.runSuitesInProcess(ForkedBooter.java:115)
	at org.apache.maven.surefire.booter.ForkedBooter.main(ForkedBooter.java:75)
Caused by: org.springframework.beans.factory.BeanDefinitionStoreException: Invalid bean definition with name 'mailSender' defined in class path resource [TestConfig.xml]: Circular placeholder reference 'mailSender.host' in property definitions; nested exception is java.lang.IllegalArgumentException: Circular placeholder reference 'mailSender.host' in property definitions
	at org.springframework.beans.factory.config.PlaceholderConfigurerSupport.doProcessProperties(PlaceholderConfigurerSupport.java:228)
	at org.springframework.context.support.PropertySourcesPlaceholderConfigurer.processProperties(PropertySourcesPlaceholderConfigurer.java:182)
	at org.springframework.context.support.PropertySourcesPlaceholderConfigurer.postProcessBeanFactory(PropertySourcesPlaceholderConfigurer.java:157)
	at org.springframework.context.support.PostProcessorRegistrationDelegate.invokeBeanFactoryPostProcessors(PostProcessorRegistrationDelegate.java:284)
	at org.springframework.context.support.PostProcessorRegistrationDelegate.invokeBeanFactoryPostProcessors(PostProcessorRegistrationDelegate.java:164)
	at org.springframework.context.support.AbstractApplicationContext.invokeBeanFactoryPostProcessors(AbstractApplicationContext.java:693)
	at org.springframework.context.support.AbstractApplicationContext.refresh(AbstractApplicationContext.java:531)
	at org.springframework.test.context.support.AbstractGenericContextLoader.loadContext(AbstractGenericContextLoader.java:128)
	at org.springframework.test.context.support.AbstractGenericContextLoader.loadContext(AbstractGenericContextLoader.java:60)
	at org.springframework.test.context.support.AbstractDelegatingSmartContextLoader.delegateLoading(AbstractDelegatingSmartContextLoader.java:109)
	at org.springframework.test.context.support.AbstractDelegatingSmartContextLoader.loadContext(AbstractDelegatingSmartContextLoader.java:246)
	at org.springframework.test.context.cache.DefaultCacheAwareContextLoaderDelegate.loadContextInternal(DefaultCacheAwareContextLoaderDelegate.java:99)
	at org.springframework.test.context.cache.DefaultCacheAwareContextLoaderDelegate.loadContext(DefaultCacheAwareContextLoaderDelegate.java:117)
	... 31 common frames omitted
Caused by: java.lang.IllegalArgumentException: Circular placeholder reference 'mailSender.host' in property definitions
	at org.springframework.util.PropertyPlaceholderHelper.parseStringValue(PropertyPlaceholderHelper.java:139)
	at org.springframework.util.PropertyPlaceholderHelper.parseStringValue(PropertyPlaceholderHelper.java:160)
	at org.springframework.util.PropertyPlaceholderHelper.replacePlaceholders(PropertyPlaceholderHelper.java:124)
	at org.springframework.core.env.AbstractPropertyResolver.doResolvePlaceholders(AbstractPropertyResolver.java:237)
	at org.springframework.core.env.AbstractPropertyResolver.resolveRequiredPlaceholders(AbstractPropertyResolver.java:211)
	at org.springframework.core.env.AbstractPropertyResolver.resolveNestedPlaceholders(AbstractPropertyResolver.java:228)
	at org.springframework.core.env.PropertySourcesPropertyResolver.getProperty(PropertySourcesPropertyResolver.java:88)
	at org.springframework.core.env.PropertySourcesPropertyResolver.getProperty(PropertySourcesPropertyResolver.java:62)
	at org.springframework.core.env.AbstractEnvironment.getProperty(AbstractEnvironment.java:531)
	at org.springframework.context.support.PropertySourcesPlaceholderConfigurer$1.getProperty(PropertySourcesPlaceholderConfigurer.java:137)
	at org.springframework.context.support.PropertySourcesPlaceholderConfigurer$1.getProperty(PropertySourcesPlaceholderConfigurer.java:133)
	at org.springframework.core.env.PropertySourcesPropertyResolver.getProperty(PropertySourcesPropertyResolver.java:85)
	at org.springframework.core.env.PropertySourcesPropertyResolver.getPropertyAsRawString(PropertySourcesPropertyResolver.java:74)
	at org.springframework.core.env.AbstractPropertyResolver$$Lambda$13/166794956.resolvePlaceholder(Unknown Source)
	at org.springframework.util.PropertyPlaceholderHelper.parseStringValue(PropertyPlaceholderHelper.java:145)
	at org.springframework.util.PropertyPlaceholderHelper.replacePlaceholders(PropertyPlaceholderHelper.java:124)
	at org.springframework.core.env.AbstractPropertyResolver.doResolvePlaceholders(AbstractPropertyResolver.java:237)
	at org.springframework.core.env.AbstractPropertyResolver.resolveRequiredPlaceholders(AbstractPropertyResolver.java:211)
	at org.springframework.context.support.PropertySourcesPlaceholderConfigurer.lambda$processProperties$0(PropertySourcesPlaceholderConfigurer.java:175)
	at org.springframework.context.support.PropertySourcesPlaceholderConfigurer$$Lambda$35/1944798106.resolveStringValue(Unknown Source)
	at org.springframework.beans.factory.config.BeanDefinitionVisitor.resolveStringValue(BeanDefinitionVisitor.java:296)
	at org.springframework.beans.factory.config.BeanDefinitionVisitor.resolveValue(BeanDefinitionVisitor.java:217)
	at org.springframework.beans.factory.config.BeanDefinitionVisitor.visitPropertyValues(BeanDefinitionVisitor.java:147)
	at org.springframework.beans.factory.config.BeanDefinitionVisitor.visitBeanDefinition(BeanDefinitionVisitor.java:85)
	at org.springframework.beans.factory.config.PlaceholderConfigurerSupport.doProcessProperties(PlaceholderConfigurerSupport.java:225)
	... 43 common frames omitted
2018-05-18 15:11:23 [main] INFO  org.springframework.test.context.support.DefaultTestContextBootstrapper [AbstractTestContextBootstrapper.java line: 257] - Loaded default TestExecutionListener class names from location [META-INF/spring.factories]: [org.springframework.test.context.web.ServletTestExecutionListener, org.springframework.test.context.support.DirtiesContextBeforeModesTestExecutionListener, org.springframework.test.context.support.DependencyInjectionTestExecutionListener, org.springframework.test.context.support.DirtiesContextTestExecutionListener, org.springframework.test.context.transaction.TransactionalTestExecutionListener, org.springframework.test.context.jdbc.SqlScriptsTestExecutionListener] 
 2018-05-18 15:11:23 [main] INFO  org.springframework.test.context.support.DefaultTestContextBootstrapper [AbstractTestContextBootstrapper.java line: 184] - Using TestExecutionListeners: [org.springframework.test.context.web.ServletTestExecutionListener@4007f65e, org.springframework.test.context.support.DirtiesContextBeforeModesTestExecutionListener@1a245833, org.springframework.test.context.support.DependencyInjectionTestExecutionListener@673fdbce, org.springframework.test.context.support.DirtiesContextTestExecutionListener@5965d37, org.springframework.test.context.transaction.TransactionalTestExecutionListener@7a5ceedd, org.springframework.test.context.jdbc.SqlScriptsTestExecutionListener@4201c465] 
 2018-05-18 15:11:23 [main] INFO  org.springframework.test.context.support.DefaultTestContextBootstrapper [AbstractTestContextBootstrapper.java line: 257] - Loaded default TestExecutionListener class names from location [META-INF/spring.factories]: [org.springframework.test.context.web.ServletTestExecutionListener, org.springframework.test.context.support.DirtiesContextBeforeModesTestExecutionListener, org.springframework.test.context.support.DependencyInjectionTestExecutionListener, org.springframework.test.context.support.DirtiesContextTestExecutionListener, org.springframework.test.context.transaction.TransactionalTestExecutionListener, org.springframework.test.context.jdbc.SqlScriptsTestExecutionListener] 
 2018-05-18 15:11:23 [main] INFO  org.springframework.test.context.support.DefaultTestContextBootstrapper [AbstractTestContextBootstrapper.java line: 184] - Using TestExecutionListeners: [org.springframework.test.context.web.ServletTestExecutionListener@5f8e8a9d, org.springframework.test.context.support.DirtiesContextBeforeModesTestExecutionListener@5745ca0e, org.springframework.test.context.support.DependencyInjectionTestExecutionListener@3ad83a66, org.springframework.test.context.support.DirtiesContextTestExecutionListener@3cce5371, org.springframework.test.context.transaction.TransactionalTestExecutionListener@17bffc17, org.springframework.test.context.jdbc.SqlScriptsTestExecutionListener@6e535154] 
 2018-05-18 15:11:23 [main] INFO  org.springframework.test.context.support.DefaultTestContextBootstrapper [AbstractTestContextBootstrapper.java line: 257] - Loaded default TestExecutionListener class names from location [META-INF/spring.factories]: [org.springframework.test.context.web.ServletTestExecutionListener, org.springframework.test.context.support.DirtiesContextBeforeModesTestExecutionListener, org.springframework.test.context.support.DependencyInjectionTestExecutionListener, org.springframework.test.context.support.DirtiesContextTestExecutionListener, org.springframework.test.context.transaction.TransactionalTestExecutionListener, org.springframework.test.context.jdbc.SqlScriptsTestExecutionListener] 
 2018-05-18 15:11:23 [main] INFO  org.springframework.test.context.support.DefaultTestContextBootstrapper [AbstractTestContextBootstrapper.java line: 184] - Using TestExecutionListeners: [org.springframework.test.context.web.ServletTestExecutionListener@72c8e7b, org.springframework.test.context.support.DirtiesContextBeforeModesTestExecutionListener@65f8f5ae, org.springframework.test.context.support.DependencyInjectionTestExecutionListener@431cd9b2, org.springframework.test.context.support.DirtiesContextTestExecutionListener@38467116, org.springframework.test.context.transaction.TransactionalTestExecutionListener@5b7a7f33, org.springframework.test.context.jdbc.SqlScriptsTestExecutionListener@790da477] 
 2018-05-18 15:19:14 [main] INFO  org.springframework.test.context.support.DefaultTestContextBootstrapper [AbstractTestContextBootstrapper.java line: 257] - Loaded default TestExecutionListener class names from location [META-INF/spring.factories]: [org.springframework.test.context.web.ServletTestExecutionListener, org.springframework.test.context.support.DirtiesContextBeforeModesTestExecutionListener, org.springframework.test.context.support.DependencyInjectionTestExecutionListener, org.springframework.test.context.support.DirtiesContextTestExecutionListener, org.springframework.test.context.transaction.TransactionalTestExecutionListener, org.springframework.test.context.jdbc.SqlScriptsTestExecutionListener] 
 2018-05-18 15:19:14 [main] INFO  org.springframework.test.context.support.DefaultTestContextBootstrapper [AbstractTestContextBootstrapper.java line: 184] - Using TestExecutionListeners: [org.springframework.test.context.web.ServletTestExecutionListener@1f1c7bf6, org.springframework.test.context.support.DirtiesContextBeforeModesTestExecutionListener@25b485ba, org.springframework.test.context.support.DependencyInjectionTestExecutionListener@2b546384, org.springframework.test.context.support.DirtiesContextTestExecutionListener@5d740a0f, org.springframework.test.context.transaction.TransactionalTestExecutionListener@214b199c, org.springframework.test.context.jdbc.SqlScriptsTestExecutionListener@20d3d15a] 
 2018-05-18 15:19:14 [main] INFO  org.springframework.beans.factory.xml.XmlBeanDefinitionReader [XmlBeanDefinitionReader.java line: 316] - Loading XML bean definitions from class path resource [TestConfig.xml] 
 2018-05-18 15:19:15 [main] INFO  org.springframework.context.support.GenericApplicationContext [AbstractApplicationContext.java line: 589] - Refreshing org.springframework.context.support.GenericApplicationContext@7ea37dbf: startup date [Fri May 18 15:19:15 WAT 2018]; root of context hierarchy 
 2018-05-18 15:19:16 [main] INFO  org.springframework.jdbc.datasource.DriverManagerDataSource [DriverManagerDataSource.java line: 133] - Loaded JDBC driver: org.hsqldb.jdbcDriver 
 2018-05-18 15:19:16 [main] INFO  org.springframework.orm.jpa.LocalContainerEntityManagerFactoryBean [LocalContainerEntityManagerFactoryBean.java line: 361] - Building JPA container EntityManagerFactory for persistence unit 'jpaData' 
 2018-05-18 15:19:22 [main] INFO  org.springframework.orm.jpa.LocalContainerEntityManagerFactoryBean [AbstractEntityManagerFactoryBean.java line: 393] - Initialized JPA EntityManagerFactory for persistence unit 'jpaData' 
 2018-05-18 15:19:22 [main] WARN  org.springframework.context.support.GenericApplicationContext [AbstractApplicationContext.java line: 557] - Exception encountered during context initialization - cancelling refresh attempt: org.springframework.beans.factory.BeanCreationException: Error creating bean with name 'applicationServiceImpl': Injection of autowired dependencies failed; nested exception is java.lang.IllegalArgumentException: Could not resolve placeholder 'version' in value "${version}" 
 2018-05-18 15:19:22 [main] INFO  org.springframework.orm.jpa.LocalContainerEntityManagerFactoryBean [AbstractEntityManagerFactoryBean.java line: 571] - Closing JPA EntityManagerFactory for persistence unit 'jpaData' 
 2018-05-18 15:19:22 [main] ERROR org.springframework.test.context.TestContextManager [TestContextManager.java line: 246] - Caught exception while allowing TestExecutionListener [org.springframework.test.context.support.DependencyInjectionTestExecutionListener@2b546384] to prepare test instance [org.guce.epayment.core.services.CoreServiceTest@12e5da86] 
 java.lang.IllegalStateException: Failed to load ApplicationContext
	at org.springframework.test.context.cache.DefaultCacheAwareContextLoaderDelegate.loadContext(DefaultCacheAwareContextLoaderDelegate.java:125)
	at org.springframework.test.context.support.DefaultTestContext.getApplicationContext(DefaultTestContext.java:107)
	at org.springframework.test.context.support.DependencyInjectionTestExecutionListener.injectDependencies(DependencyInjectionTestExecutionListener.java:117)
	at org.springframework.test.context.support.DependencyInjectionTestExecutionListener.prepareTestInstance(DependencyInjectionTestExecutionListener.java:83)
	at org.springframework.test.context.TestContextManager.prepareTestInstance(TestContextManager.java:242)
	at org.springframework.test.context.junit4.SpringJUnit4ClassRunner.createTest(SpringJUnit4ClassRunner.java:227)
	at org.springframework.test.context.junit4.SpringJUnit4ClassRunner$1.runReflectiveCall(SpringJUnit4ClassRunner.java:289)
	at org.junit.internal.runners.model.ReflectiveCallable.run(ReflectiveCallable.java:12)
	at org.springframework.test.context.junit4.SpringJUnit4ClassRunner.methodBlock(SpringJUnit4ClassRunner.java:291)
	at org.springframework.test.context.junit4.SpringJUnit4ClassRunner.runChild(SpringJUnit4ClassRunner.java:246)
	at org.springframework.test.context.junit4.SpringJUnit4ClassRunner.runChild(SpringJUnit4ClassRunner.java:97)
	at org.junit.runners.ParentRunner$3.run(ParentRunner.java:290)
	at org.junit.runners.ParentRunner$1.schedule(ParentRunner.java:71)
	at org.junit.runners.ParentRunner.runChildren(ParentRunner.java:288)
	at org.junit.runners.ParentRunner.access$000(ParentRunner.java:58)
	at org.junit.runners.ParentRunner$2.evaluate(ParentRunner.java:268)
	at org.springframework.test.context.junit4.statements.RunBeforeTestClassCallbacks.evaluate(RunBeforeTestClassCallbacks.java:61)
	at org.springframework.test.context.junit4.statements.RunAfterTestClassCallbacks.evaluate(RunAfterTestClassCallbacks.java:70)
	at org.junit.runners.ParentRunner.run(ParentRunner.java:363)
	at org.springframework.test.context.junit4.SpringJUnit4ClassRunner.run(SpringJUnit4ClassRunner.java:190)
	at org.apache.maven.surefire.junit4.JUnit4Provider.execute(JUnit4Provider.java:252)
	at org.apache.maven.surefire.junit4.JUnit4Provider.executeTestSet(JUnit4Provider.java:141)
	at org.apache.maven.surefire.junit4.JUnit4Provider.invoke(JUnit4Provider.java:112)
	at sun.reflect.NativeMethodAccessorImpl.invoke0(Native Method)
	at sun.reflect.NativeMethodAccessorImpl.invoke(NativeMethodAccessorImpl.java:62)
	at sun.reflect.DelegatingMethodAccessorImpl.invoke(DelegatingMethodAccessorImpl.java:43)
	at java.lang.reflect.Method.invoke(Method.java:483)
	at org.apache.maven.surefire.util.ReflectionUtils.invokeMethodWithArray(ReflectionUtils.java:189)
	at org.apache.maven.surefire.booter.ProviderFactory$ProviderProxy.invoke(ProviderFactory.java:165)
	at org.apache.maven.surefire.booter.ProviderFactory.invokeProvider(ProviderFactory.java:85)
	at org.apache.maven.surefire.booter.ForkedBooter.runSuitesInProcess(ForkedBooter.java:115)
	at org.apache.maven.surefire.booter.ForkedBooter.main(ForkedBooter.java:75)
Caused by: org.springframework.beans.factory.BeanCreationException: Error creating bean with name 'applicationServiceImpl': Injection of autowired dependencies failed; nested exception is java.lang.IllegalArgumentException: Could not resolve placeholder 'version' in value "${version}"
	at org.springframework.beans.factory.annotation.AutowiredAnnotationBeanPostProcessor.postProcessPropertyValues(AutowiredAnnotationBeanPostProcessor.java:378)
	at org.springframework.beans.factory.support.AbstractAutowireCapableBeanFactory.populateBean(AbstractAutowireCapableBeanFactory.java:1344)
	at org.springframework.beans.factory.support.AbstractAutowireCapableBeanFactory.doCreateBean(AbstractAutowireCapableBeanFactory.java:582)
	at org.springframework.beans.factory.support.AbstractAutowireCapableBeanFactory.createBean(AbstractAutowireCapableBeanFactory.java:502)
	at org.springframework.beans.factory.support.AbstractBeanFactory.lambda$doGetBean$0(AbstractBeanFactory.java:312)
	at org.springframework.beans.factory.support.AbstractBeanFactory$$Lambda$26/263885523.getObject(Unknown Source)
	at org.springframework.beans.factory.support.DefaultSingletonBeanRegistry.getSingleton(DefaultSingletonBeanRegistry.java:228)
	at org.springframework.beans.factory.support.AbstractBeanFactory.doGetBean(AbstractBeanFactory.java:310)
	at org.springframework.beans.factory.support.AbstractBeanFactory.getBean(AbstractBeanFactory.java:200)
	at org.springframework.beans.factory.support.DefaultListableBeanFactory.preInstantiateSingletons(DefaultListableBeanFactory.java:758)
	at org.springframework.context.support.AbstractApplicationContext.finishBeanFactoryInitialization(AbstractApplicationContext.java:868)
	at org.springframework.context.support.AbstractApplicationContext.refresh(AbstractApplicationContext.java:549)
	at org.springframework.test.context.support.AbstractGenericContextLoader.loadContext(AbstractGenericContextLoader.java:128)
	at org.springframework.test.context.support.AbstractGenericContextLoader.loadContext(AbstractGenericContextLoader.java:60)
	at org.springframework.test.context.support.AbstractDelegatingSmartContextLoader.delegateLoading(AbstractDelegatingSmartContextLoader.java:109)
	at org.springframework.test.context.support.AbstractDelegatingSmartContextLoader.loadContext(AbstractDelegatingSmartContextLoader.java:246)
	at org.springframework.test.context.cache.DefaultCacheAwareContextLoaderDelegate.loadContextInternal(DefaultCacheAwareContextLoaderDelegate.java:99)
	at org.springframework.test.context.cache.DefaultCacheAwareContextLoaderDelegate.loadContext(DefaultCacheAwareContextLoaderDelegate.java:117)
	... 31 common frames omitted
Caused by: java.lang.IllegalArgumentException: Could not resolve placeholder 'version' in value "${version}"
	at org.springframework.util.PropertyPlaceholderHelper.parseStringValue(PropertyPlaceholderHelper.java:172)
	at org.springframework.util.PropertyPlaceholderHelper.replacePlaceholders(PropertyPlaceholderHelper.java:124)
	at org.springframework.core.env.AbstractPropertyResolver.doResolvePlaceholders(AbstractPropertyResolver.java:237)
	at org.springframework.core.env.AbstractPropertyResolver.resolveRequiredPlaceholders(AbstractPropertyResolver.java:211)
	at org.springframework.core.env.AbstractPropertyResolver.resolveNestedPlaceholders(AbstractPropertyResolver.java:228)
	at org.springframework.core.env.PropertySourcesPropertyResolver.getProperty(PropertySourcesPropertyResolver.java:88)
	at org.springframework.core.env.PropertySourcesPropertyResolver.getProperty(PropertySourcesPropertyResolver.java:62)
	at org.springframework.core.env.AbstractEnvironment.getProperty(AbstractEnvironment.java:531)
	at org.springframework.context.support.PropertySourcesPlaceholderConfigurer$1.getProperty(PropertySourcesPlaceholderConfigurer.java:137)
	at org.springframework.context.support.PropertySourcesPlaceholderConfigurer$1.getProperty(PropertySourcesPlaceholderConfigurer.java:133)
	at org.springframework.core.env.PropertySourcesPropertyResolver.getProperty(PropertySourcesPropertyResolver.java:85)
	at org.springframework.core.env.PropertySourcesPropertyResolver.getPropertyAsRawString(PropertySourcesPropertyResolver.java:74)
	at org.springframework.core.env.AbstractPropertyResolver$$Lambda$13/166794956.resolvePlaceholder(Unknown Source)
	at org.springframework.util.PropertyPlaceholderHelper.parseStringValue(PropertyPlaceholderHelper.java:145)
	at org.springframework.util.PropertyPlaceholderHelper.replacePlaceholders(PropertyPlaceholderHelper.java:124)
	at org.springframework.core.env.AbstractPropertyResolver.doResolvePlaceholders(AbstractPropertyResolver.java:237)
	at org.springframework.core.env.AbstractPropertyResolver.resolveRequiredPlaceholders(AbstractPropertyResolver.java:211)
	at org.springframework.context.support.PropertySourcesPlaceholderConfigurer.lambda$processProperties$0(PropertySourcesPlaceholderConfigurer.java:175)
	at org.springframework.context.support.PropertySourcesPlaceholderConfigurer$$Lambda$35/1944798106.resolveStringValue(Unknown Source)
	at org.springframework.beans.factory.support.AbstractBeanFactory.resolveEmbeddedValue(AbstractBeanFactory.java:834)
	at org.springframework.beans.factory.support.DefaultListableBeanFactory.doResolveDependency(DefaultListableBeanFactory.java:1083)
	at org.springframework.beans.factory.support.DefaultListableBeanFactory.resolveDependency(DefaultListableBeanFactory.java:1062)
	at org.springframework.beans.factory.annotation.AutowiredAnnotationBeanPostProcessor$AutowiredFieldElement.inject(AutowiredAnnotationBeanPostProcessor.java:583)
	at org.springframework.beans.factory.annotation.InjectionMetadata.inject(InjectionMetadata.java:91)
	at org.springframework.beans.factory.annotation.AutowiredAnnotationBeanPostProcessor.postProcessPropertyValues(AutowiredAnnotationBeanPostProcessor.java:372)
	... 48 common frames omitted
2018-05-18 15:19:22 [main] INFO  org.springframework.test.context.support.DefaultTestContextBootstrapper [AbstractTestContextBootstrapper.java line: 257] - Loaded default TestExecutionListener class names from location [META-INF/spring.factories]: [org.springframework.test.context.web.ServletTestExecutionListener, org.springframework.test.context.support.DirtiesContextBeforeModesTestExecutionListener, org.springframework.test.context.support.DependencyInjectionTestExecutionListener, org.springframework.test.context.support.DirtiesContextTestExecutionListener, org.springframework.test.context.transaction.TransactionalTestExecutionListener, org.springframework.test.context.jdbc.SqlScriptsTestExecutionListener] 
 2018-05-18 15:19:22 [main] INFO  org.springframework.test.context.support.DefaultTestContextBootstrapper [AbstractTestContextBootstrapper.java line: 184] - Using TestExecutionListeners: [org.springframework.test.context.web.ServletTestExecutionListener@60b34931, org.springframework.test.context.support.DirtiesContextBeforeModesTestExecutionListener@4aa21f9d, org.springframework.test.context.support.DependencyInjectionTestExecutionListener@71c17a57, org.springframework.test.context.support.DirtiesContextTestExecutionListener@640ab13c, org.springframework.test.context.transaction.TransactionalTestExecutionListener@1e0a864d, org.springframework.test.context.jdbc.SqlScriptsTestExecutionListener@440e3ce6] 
 2018-05-18 15:19:22 [main] INFO  org.springframework.test.context.support.DefaultTestContextBootstrapper [AbstractTestContextBootstrapper.java line: 257] - Loaded default TestExecutionListener class names from location [META-INF/spring.factories]: [org.springframework.test.context.web.ServletTestExecutionListener, org.springframework.test.context.support.DirtiesContextBeforeModesTestExecutionListener, org.springframework.test.context.support.DependencyInjectionTestExecutionListener, org.springframework.test.context.support.DirtiesContextTestExecutionListener, org.springframework.test.context.transaction.TransactionalTestExecutionListener, org.springframework.test.context.jdbc.SqlScriptsTestExecutionListener] 
 2018-05-18 15:19:22 [main] INFO  org.springframework.test.context.support.DefaultTestContextBootstrapper [AbstractTestContextBootstrapper.java line: 184] - Using TestExecutionListeners: [org.springframework.test.context.web.ServletTestExecutionListener@5c723f2d, org.springframework.test.context.support.DirtiesContextBeforeModesTestExecutionListener@432f521f, org.springframework.test.context.support.DependencyInjectionTestExecutionListener@2d7a9786, org.springframework.test.context.support.DirtiesContextTestExecutionListener@7bab5898, org.springframework.test.context.transaction.TransactionalTestExecutionListener@366d8b97, org.springframework.test.context.jdbc.SqlScriptsTestExecutionListener@feb98ef] 
 2018-05-18 15:19:22 [main] INFO  org.springframework.test.context.support.DefaultTestContextBootstrapper [AbstractTestContextBootstrapper.java line: 257] - Loaded default TestExecutionListener class names from location [META-INF/spring.factories]: [org.springframework.test.context.web.ServletTestExecutionListener, org.springframework.test.context.support.DirtiesContextBeforeModesTestExecutionListener, org.springframework.test.context.support.DependencyInjectionTestExecutionListener, org.springframework.test.context.support.DirtiesContextTestExecutionListener, org.springframework.test.context.transaction.TransactionalTestExecutionListener, org.springframework.test.context.jdbc.SqlScriptsTestExecutionListener] 
 2018-05-18 15:19:22 [main] INFO  org.springframework.test.context.support.DefaultTestContextBootstrapper [AbstractTestContextBootstrapper.java line: 184] - Using TestExecutionListeners: [org.springframework.test.context.web.ServletTestExecutionListener@2c88a3e8, org.springframework.test.context.support.DirtiesContextBeforeModesTestExecutionListener@68ac9ec5, org.springframework.test.context.support.DependencyInjectionTestExecutionListener@a50d709, org.springframework.test.context.support.DirtiesContextTestExecutionListener@5ed4bc, org.springframework.test.context.transaction.TransactionalTestExecutionListener@6920b0bc, org.springframework.test.context.jdbc.SqlScriptsTestExecutionListener@65f651eb] 
 2018-05-18 19:00:39 [main] INFO  org.springframework.test.context.support.DefaultTestContextBootstrapper [AbstractTestContextBootstrapper.java line: 257] - Loaded default TestExecutionListener class names from location [META-INF/spring.factories]: [org.springframework.test.context.web.ServletTestExecutionListener, org.springframework.test.context.support.DirtiesContextBeforeModesTestExecutionListener, org.springframework.test.context.support.DependencyInjectionTestExecutionListener, org.springframework.test.context.support.DirtiesContextTestExecutionListener, org.springframework.test.context.transaction.TransactionalTestExecutionListener, org.springframework.test.context.jdbc.SqlScriptsTestExecutionListener] 
 2018-05-18 19:00:39 [main] INFO  org.springframework.test.context.support.DefaultTestContextBootstrapper [AbstractTestContextBootstrapper.java line: 184] - Using TestExecutionListeners: [org.springframework.test.context.web.ServletTestExecutionListener@1f1c7bf6, org.springframework.test.context.support.DirtiesContextBeforeModesTestExecutionListener@25b485ba, org.springframework.test.context.support.DependencyInjectionTestExecutionListener@2b546384, org.springframework.test.context.support.DirtiesContextTestExecutionListener@5d740a0f, org.springframework.test.context.transaction.TransactionalTestExecutionListener@214b199c, org.springframework.test.context.jdbc.SqlScriptsTestExecutionListener@20d3d15a] 
 2018-05-18 19:00:39 [main] INFO  org.springframework.beans.factory.xml.XmlBeanDefinitionReader [XmlBeanDefinitionReader.java line: 316] - Loading XML bean definitions from class path resource [TestConfig.xml] 
 2018-05-18 19:00:41 [main] INFO  org.springframework.context.support.GenericApplicationContext [AbstractApplicationContext.java line: 589] - Refreshing org.springframework.context.support.GenericApplicationContext@7ea37dbf: startup date [Fri May 18 19:00:41 WAT 2018]; root of context hierarchy 
 2018-05-18 19:00:42 [main] INFO  org.springframework.jdbc.datasource.DriverManagerDataSource [DriverManagerDataSource.java line: 133] - Loaded JDBC driver: org.hsqldb.jdbcDriver 
 2018-05-18 19:00:43 [main] INFO  org.springframework.orm.jpa.LocalContainerEntityManagerFactoryBean [LocalContainerEntityManagerFactoryBean.java line: 361] - Building JPA container EntityManagerFactory for persistence unit 'jpaData' 
 2018-05-18 19:00:49 [main] INFO  org.springframework.orm.jpa.LocalContainerEntityManagerFactoryBean [AbstractEntityManagerFactoryBean.java line: 393] - Initialized JPA EntityManagerFactory for persistence unit 'jpaData' 
 2018-05-18 19:00:49 [main] WARN  org.springframework.context.support.GenericApplicationContext [AbstractApplicationContext.java line: 557] - Exception encountered during context initialization - cancelling refresh attempt: org.springframework.beans.factory.UnsatisfiedDependencyException: Error creating bean with name 'coreServiceImpl': Unsatisfied dependency expressed through field 'partnerGroupRepository'; nested exception is org.springframework.beans.factory.NoSuchBeanDefinitionException: No qualifying bean of type 'org.guce.epayment.core.repositories.RepPartnerGroupRepository' available: expected at least 1 bean which qualifies as autowire candidate. Dependency annotations: {@org.springframework.beans.factory.annotation.Autowired(required=true)} 
 2018-05-18 19:00:49 [main] INFO  org.springframework.orm.jpa.LocalContainerEntityManagerFactoryBean [AbstractEntityManagerFactoryBean.java line: 571] - Closing JPA EntityManagerFactory for persistence unit 'jpaData' 
 2018-05-18 19:00:49 [main] ERROR org.springframework.test.context.TestContextManager [TestContextManager.java line: 246] - Caught exception while allowing TestExecutionListener [org.springframework.test.context.support.DependencyInjectionTestExecutionListener@2b546384] to prepare test instance [org.guce.epayment.core.services.CoreServiceTest@80bfa9d] 
 java.lang.IllegalStateException: Failed to load ApplicationContext
	at org.springframework.test.context.cache.DefaultCacheAwareContextLoaderDelegate.loadContext(DefaultCacheAwareContextLoaderDelegate.java:125)
	at org.springframework.test.context.support.DefaultTestContext.getApplicationContext(DefaultTestContext.java:107)
	at org.springframework.test.context.support.DependencyInjectionTestExecutionListener.injectDependencies(DependencyInjectionTestExecutionListener.java:117)
	at org.springframework.test.context.support.DependencyInjectionTestExecutionListener.prepareTestInstance(DependencyInjectionTestExecutionListener.java:83)
	at org.springframework.test.context.TestContextManager.prepareTestInstance(TestContextManager.java:242)
	at org.springframework.test.context.junit4.SpringJUnit4ClassRunner.createTest(SpringJUnit4ClassRunner.java:227)
	at org.springframework.test.context.junit4.SpringJUnit4ClassRunner$1.runReflectiveCall(SpringJUnit4ClassRunner.java:289)
	at org.junit.internal.runners.model.ReflectiveCallable.run(ReflectiveCallable.java:12)
	at org.springframework.test.context.junit4.SpringJUnit4ClassRunner.methodBlock(SpringJUnit4ClassRunner.java:291)
	at org.springframework.test.context.junit4.SpringJUnit4ClassRunner.runChild(SpringJUnit4ClassRunner.java:246)
	at org.springframework.test.context.junit4.SpringJUnit4ClassRunner.runChild(SpringJUnit4ClassRunner.java:97)
	at org.junit.runners.ParentRunner$3.run(ParentRunner.java:290)
	at org.junit.runners.ParentRunner$1.schedule(ParentRunner.java:71)
	at org.junit.runners.ParentRunner.runChildren(ParentRunner.java:288)
	at org.junit.runners.ParentRunner.access$000(ParentRunner.java:58)
	at org.junit.runners.ParentRunner$2.evaluate(ParentRunner.java:268)
	at org.springframework.test.context.junit4.statements.RunBeforeTestClassCallbacks.evaluate(RunBeforeTestClassCallbacks.java:61)
	at org.springframework.test.context.junit4.statements.RunAfterTestClassCallbacks.evaluate(RunAfterTestClassCallbacks.java:70)
	at org.junit.runners.ParentRunner.run(ParentRunner.java:363)
	at org.springframework.test.context.junit4.SpringJUnit4ClassRunner.run(SpringJUnit4ClassRunner.java:190)
	at org.apache.maven.surefire.junit4.JUnit4Provider.execute(JUnit4Provider.java:252)
	at org.apache.maven.surefire.junit4.JUnit4Provider.executeTestSet(JUnit4Provider.java:141)
	at org.apache.maven.surefire.junit4.JUnit4Provider.invoke(JUnit4Provider.java:112)
	at sun.reflect.NativeMethodAccessorImpl.invoke0(Native Method)
	at sun.reflect.NativeMethodAccessorImpl.invoke(NativeMethodAccessorImpl.java:62)
	at sun.reflect.DelegatingMethodAccessorImpl.invoke(DelegatingMethodAccessorImpl.java:43)
	at java.lang.reflect.Method.invoke(Method.java:483)
	at org.apache.maven.surefire.util.ReflectionUtils.invokeMethodWithArray(ReflectionUtils.java:189)
	at org.apache.maven.surefire.booter.ProviderFactory$ProviderProxy.invoke(ProviderFactory.java:165)
	at org.apache.maven.surefire.booter.ProviderFactory.invokeProvider(ProviderFactory.java:85)
	at org.apache.maven.surefire.booter.ForkedBooter.runSuitesInProcess(ForkedBooter.java:115)
	at org.apache.maven.surefire.booter.ForkedBooter.main(ForkedBooter.java:75)
Caused by: org.springframework.beans.factory.UnsatisfiedDependencyException: Error creating bean with name 'coreServiceImpl': Unsatisfied dependency expressed through field 'partnerGroupRepository'; nested exception is org.springframework.beans.factory.NoSuchBeanDefinitionException: No qualifying bean of type 'org.guce.epayment.core.repositories.RepPartnerGroupRepository' available: expected at least 1 bean which qualifies as autowire candidate. Dependency annotations: {@org.springframework.beans.factory.annotation.Autowired(required=true)}
	at org.springframework.beans.factory.annotation.AutowiredAnnotationBeanPostProcessor$AutowiredFieldElement.inject(AutowiredAnnotationBeanPostProcessor.java:586)
	at org.springframework.beans.factory.annotation.InjectionMetadata.inject(InjectionMetadata.java:91)
	at org.springframework.beans.factory.annotation.AutowiredAnnotationBeanPostProcessor.postProcessPropertyValues(AutowiredAnnotationBeanPostProcessor.java:372)
	at org.springframework.beans.factory.support.AbstractAutowireCapableBeanFactory.populateBean(AbstractAutowireCapableBeanFactory.java:1344)
	at org.springframework.beans.factory.support.AbstractAutowireCapableBeanFactory.doCreateBean(AbstractAutowireCapableBeanFactory.java:582)
	at org.springframework.beans.factory.support.AbstractAutowireCapableBeanFactory.createBean(AbstractAutowireCapableBeanFactory.java:502)
	at org.springframework.beans.factory.support.AbstractBeanFactory.lambda$doGetBean$0(AbstractBeanFactory.java:312)
	at org.springframework.beans.factory.support.AbstractBeanFactory$$Lambda$26/263885523.getObject(Unknown Source)
	at org.springframework.beans.factory.support.DefaultSingletonBeanRegistry.getSingleton(DefaultSingletonBeanRegistry.java:228)
	at org.springframework.beans.factory.support.AbstractBeanFactory.doGetBean(AbstractBeanFactory.java:310)
	at org.springframework.beans.factory.support.AbstractBeanFactory.getBean(AbstractBeanFactory.java:200)
	at org.springframework.beans.factory.support.DefaultListableBeanFactory.preInstantiateSingletons(DefaultListableBeanFactory.java:758)
	at org.springframework.context.support.AbstractApplicationContext.finishBeanFactoryInitialization(AbstractApplicationContext.java:868)
	at org.springframework.context.support.AbstractApplicationContext.refresh(AbstractApplicationContext.java:549)
	at org.springframework.test.context.support.AbstractGenericContextLoader.loadContext(AbstractGenericContextLoader.java:128)
	at org.springframework.test.context.support.AbstractGenericContextLoader.loadContext(AbstractGenericContextLoader.java:60)
	at org.springframework.test.context.support.AbstractDelegatingSmartContextLoader.delegateLoading(AbstractDelegatingSmartContextLoader.java:109)
	at org.springframework.test.context.support.AbstractDelegatingSmartContextLoader.loadContext(AbstractDelegatingSmartContextLoader.java:246)
	at org.springframework.test.context.cache.DefaultCacheAwareContextLoaderDelegate.loadContextInternal(DefaultCacheAwareContextLoaderDelegate.java:99)
	at org.springframework.test.context.cache.DefaultCacheAwareContextLoaderDelegate.loadContext(DefaultCacheAwareContextLoaderDelegate.java:117)
	... 31 common frames omitted
Caused by: org.springframework.beans.factory.NoSuchBeanDefinitionException: No qualifying bean of type 'org.guce.epayment.core.repositories.RepPartnerGroupRepository' available: expected at least 1 bean which qualifies as autowire candidate. Dependency annotations: {@org.springframework.beans.factory.annotation.Autowired(required=true)}
	at org.springframework.beans.factory.support.DefaultListableBeanFactory.raiseNoMatchingBeanFound(DefaultListableBeanFactory.java:1504)
	at org.springframework.beans.factory.support.DefaultListableBeanFactory.doResolveDependency(DefaultListableBeanFactory.java:1101)
	at org.springframework.beans.factory.support.DefaultListableBeanFactory.resolveDependency(DefaultListableBeanFactory.java:1062)
	at org.springframework.beans.factory.annotation.AutowiredAnnotationBeanPostProcessor$AutowiredFieldElement.inject(AutowiredAnnotationBeanPostProcessor.java:583)
	... 50 common frames omitted
2018-05-18 19:00:49 [main] INFO  org.springframework.test.context.support.DefaultTestContextBootstrapper [AbstractTestContextBootstrapper.java line: 257] - Loaded default TestExecutionListener class names from location [META-INF/spring.factories]: [org.springframework.test.context.web.ServletTestExecutionListener, org.springframework.test.context.support.DirtiesContextBeforeModesTestExecutionListener, org.springframework.test.context.support.DependencyInjectionTestExecutionListener, org.springframework.test.context.support.DirtiesContextTestExecutionListener, org.springframework.test.context.transaction.TransactionalTestExecutionListener, org.springframework.test.context.jdbc.SqlScriptsTestExecutionListener] 
 2018-05-18 19:00:49 [main] INFO  org.springframework.test.context.support.DefaultTestContextBootstrapper [AbstractTestContextBootstrapper.java line: 184] - Using TestExecutionListeners: [org.springframework.test.context.web.ServletTestExecutionListener@d7109be, org.springframework.test.context.support.DirtiesContextBeforeModesTestExecutionListener@5e0ec41f, org.springframework.test.context.support.DependencyInjectionTestExecutionListener@f4a3a8d, org.springframework.test.context.support.DirtiesContextTestExecutionListener@8d8f754, org.springframework.test.context.transaction.TransactionalTestExecutionListener@d613308, org.springframework.test.context.jdbc.SqlScriptsTestExecutionListener@25673087] 
 2018-05-18 19:00:49 [main] INFO  org.springframework.test.context.support.DefaultTestContextBootstrapper [AbstractTestContextBootstrapper.java line: 257] - Loaded default TestExecutionListener class names from location [META-INF/spring.factories]: [org.springframework.test.context.web.ServletTestExecutionListener, org.springframework.test.context.support.DirtiesContextBeforeModesTestExecutionListener, org.springframework.test.context.support.DependencyInjectionTestExecutionListener, org.springframework.test.context.support.DirtiesContextTestExecutionListener, org.springframework.test.context.transaction.TransactionalTestExecutionListener, org.springframework.test.context.jdbc.SqlScriptsTestExecutionListener] 
 2018-05-18 19:00:49 [main] INFO  org.springframework.test.context.support.DefaultTestContextBootstrapper [AbstractTestContextBootstrapper.java line: 184] - Using TestExecutionListeners: [org.springframework.test.context.web.ServletTestExecutionListener@5ed4bc, org.springframework.test.context.support.DirtiesContextBeforeModesTestExecutionListener@6920b0bc, org.springframework.test.context.support.DependencyInjectionTestExecutionListener@65f651eb, org.springframework.test.context.support.DirtiesContextTestExecutionListener@69923ac3, org.springframework.test.context.transaction.TransactionalTestExecutionListener@1f1ff879, org.springframework.test.context.jdbc.SqlScriptsTestExecutionListener@73d60e76] 
 2018-05-18 19:00:49 [main] INFO  org.springframework.test.context.support.DefaultTestContextBootstrapper [AbstractTestContextBootstrapper.java line: 257] - Loaded default TestExecutionListener class names from location [META-INF/spring.factories]: [org.springframework.test.context.web.ServletTestExecutionListener, org.springframework.test.context.support.DirtiesContextBeforeModesTestExecutionListener, org.springframework.test.context.support.DependencyInjectionTestExecutionListener, org.springframework.test.context.support.DirtiesContextTestExecutionListener, org.springframework.test.context.transaction.TransactionalTestExecutionListener, org.springframework.test.context.jdbc.SqlScriptsTestExecutionListener] 
 2018-05-18 19:00:49 [main] INFO  org.springframework.test.context.support.DefaultTestContextBootstrapper [AbstractTestContextBootstrapper.java line: 184] - Using TestExecutionListeners: [org.springframework.test.context.web.ServletTestExecutionListener@75a0c890, org.springframework.test.context.support.DirtiesContextBeforeModesTestExecutionListener@358ab600, org.springframework.test.context.support.DependencyInjectionTestExecutionListener@e26af6, org.springframework.test.context.support.DirtiesContextTestExecutionListener@44065156, org.springframework.test.context.transaction.TransactionalTestExecutionListener@3791f50e, org.springframework.test.context.jdbc.SqlScriptsTestExecutionListener@574b7f4a] 
 2018-05-18 19:14:36 [main] INFO  org.springframework.test.context.support.DefaultTestContextBootstrapper [AbstractTestContextBootstrapper.java line: 257] - Loaded default TestExecutionListener class names from location [META-INF/spring.factories]: [org.springframework.test.context.web.ServletTestExecutionListener, org.springframework.test.context.support.DirtiesContextBeforeModesTestExecutionListener, org.springframework.test.context.support.DependencyInjectionTestExecutionListener, org.springframework.test.context.support.DirtiesContextTestExecutionListener, org.springframework.test.context.transaction.TransactionalTestExecutionListener, org.springframework.test.context.jdbc.SqlScriptsTestExecutionListener] 
 2018-05-18 19:14:36 [main] INFO  org.springframework.test.context.support.DefaultTestContextBootstrapper [AbstractTestContextBootstrapper.java line: 184] - Using TestExecutionListeners: [org.springframework.test.context.web.ServletTestExecutionListener@1f1c7bf6, org.springframework.test.context.support.DirtiesContextBeforeModesTestExecutionListener@25b485ba, org.springframework.test.context.support.DependencyInjectionTestExecutionListener@2b546384, org.springframework.test.context.support.DirtiesContextTestExecutionListener@5d740a0f, org.springframework.test.context.transaction.TransactionalTestExecutionListener@214b199c, org.springframework.test.context.jdbc.SqlScriptsTestExecutionListener@20d3d15a] 
 2018-05-18 19:14:37 [main] INFO  org.springframework.beans.factory.xml.XmlBeanDefinitionReader [XmlBeanDefinitionReader.java line: 316] - Loading XML bean definitions from class path resource [TestConfig.xml] 
 2018-05-18 19:14:38 [main] INFO  org.springframework.context.support.GenericApplicationContext [AbstractApplicationContext.java line: 589] - Refreshing org.springframework.context.support.GenericApplicationContext@7ea37dbf: startup date [Fri May 18 19:14:38 WAT 2018]; root of context hierarchy 
 2018-05-18 19:14:39 [main] INFO  org.springframework.jdbc.datasource.DriverManagerDataSource [DriverManagerDataSource.java line: 133] - Loaded JDBC driver: org.hsqldb.jdbcDriver 
 2018-05-18 19:14:39 [main] INFO  org.springframework.orm.jpa.LocalContainerEntityManagerFactoryBean [LocalContainerEntityManagerFactoryBean.java line: 361] - Building JPA container EntityManagerFactory for persistence unit 'jpaData' 
 2018-05-18 19:14:45 [main] INFO  org.springframework.orm.jpa.LocalContainerEntityManagerFactoryBean [AbstractEntityManagerFactoryBean.java line: 393] - Initialized JPA EntityManagerFactory for persistence unit 'jpaData' 
 2018-05-18 19:14:52 [main] WARN  org.springframework.context.support.GenericApplicationContext [AbstractApplicationContext.java line: 557] - Exception encountered during context initialization - cancelling refresh attempt: org.springframework.beans.factory.UnsatisfiedDependencyException: Error creating bean with name 'authenticationService': Unsatisfied dependency expressed through field 'passwordEncoder'; nested exception is org.springframework.beans.factory.NoSuchBeanDefinitionException: No qualifying bean of type 'org.springframework.security.crypto.password.PasswordEncoder' available: expected at least 1 bean which qualifies as autowire candidate. Dependency annotations: {@org.springframework.beans.factory.annotation.Autowired(required=true)} 
 2018-05-18 19:14:52 [main] INFO  org.springframework.orm.jpa.LocalContainerEntityManagerFactoryBean [AbstractEntityManagerFactoryBean.java line: 571] - Closing JPA EntityManagerFactory for persistence unit 'jpaData' 
 2018-05-18 19:14:52 [main] ERROR org.springframework.test.context.TestContextManager [TestContextManager.java line: 246] - Caught exception while allowing TestExecutionListener [org.springframework.test.context.support.DependencyInjectionTestExecutionListener@2b546384] to prepare test instance [org.guce.epayment.core.services.CoreServiceTest@739e8b96] 
 java.lang.IllegalStateException: Failed to load ApplicationContext
	at org.springframework.test.context.cache.DefaultCacheAwareContextLoaderDelegate.loadContext(DefaultCacheAwareContextLoaderDelegate.java:125)
	at org.springframework.test.context.support.DefaultTestContext.getApplicationContext(DefaultTestContext.java:107)
	at org.springframework.test.context.support.DependencyInjectionTestExecutionListener.injectDependencies(DependencyInjectionTestExecutionListener.java:117)
	at org.springframework.test.context.support.DependencyInjectionTestExecutionListener.prepareTestInstance(DependencyInjectionTestExecutionListener.java:83)
	at org.springframework.test.context.TestContextManager.prepareTestInstance(TestContextManager.java:242)
	at org.springframework.test.context.junit4.SpringJUnit4ClassRunner.createTest(SpringJUnit4ClassRunner.java:227)
	at org.springframework.test.context.junit4.SpringJUnit4ClassRunner$1.runReflectiveCall(SpringJUnit4ClassRunner.java:289)
	at org.junit.internal.runners.model.ReflectiveCallable.run(ReflectiveCallable.java:12)
	at org.springframework.test.context.junit4.SpringJUnit4ClassRunner.methodBlock(SpringJUnit4ClassRunner.java:291)
	at org.springframework.test.context.junit4.SpringJUnit4ClassRunner.runChild(SpringJUnit4ClassRunner.java:246)
	at org.springframework.test.context.junit4.SpringJUnit4ClassRunner.runChild(SpringJUnit4ClassRunner.java:97)
	at org.junit.runners.ParentRunner$3.run(ParentRunner.java:290)
	at org.junit.runners.ParentRunner$1.schedule(ParentRunner.java:71)
	at org.junit.runners.ParentRunner.runChildren(ParentRunner.java:288)
	at org.junit.runners.ParentRunner.access$000(ParentRunner.java:58)
	at org.junit.runners.ParentRunner$2.evaluate(ParentRunner.java:268)
	at org.springframework.test.context.junit4.statements.RunBeforeTestClassCallbacks.evaluate(RunBeforeTestClassCallbacks.java:61)
	at org.springframework.test.context.junit4.statements.RunAfterTestClassCallbacks.evaluate(RunAfterTestClassCallbacks.java:70)
	at org.junit.runners.ParentRunner.run(ParentRunner.java:363)
	at org.springframework.test.context.junit4.SpringJUnit4ClassRunner.run(SpringJUnit4ClassRunner.java:190)
	at org.apache.maven.surefire.junit4.JUnit4Provider.execute(JUnit4Provider.java:252)
	at org.apache.maven.surefire.junit4.JUnit4Provider.executeTestSet(JUnit4Provider.java:141)
	at org.apache.maven.surefire.junit4.JUnit4Provider.invoke(JUnit4Provider.java:112)
	at sun.reflect.NativeMethodAccessorImpl.invoke0(Native Method)
	at sun.reflect.NativeMethodAccessorImpl.invoke(NativeMethodAccessorImpl.java:62)
	at sun.reflect.DelegatingMethodAccessorImpl.invoke(DelegatingMethodAccessorImpl.java:43)
	at java.lang.reflect.Method.invoke(Method.java:483)
	at org.apache.maven.surefire.util.ReflectionUtils.invokeMethodWithArray(ReflectionUtils.java:189)
	at org.apache.maven.surefire.booter.ProviderFactory$ProviderProxy.invoke(ProviderFactory.java:165)
	at org.apache.maven.surefire.booter.ProviderFactory.invokeProvider(ProviderFactory.java:85)
	at org.apache.maven.surefire.booter.ForkedBooter.runSuitesInProcess(ForkedBooter.java:115)
	at org.apache.maven.surefire.booter.ForkedBooter.main(ForkedBooter.java:75)
Caused by: org.springframework.beans.factory.UnsatisfiedDependencyException: Error creating bean with name 'authenticationService': Unsatisfied dependency expressed through field 'passwordEncoder'; nested exception is org.springframework.beans.factory.NoSuchBeanDefinitionException: No qualifying bean of type 'org.springframework.security.crypto.password.PasswordEncoder' available: expected at least 1 bean which qualifies as autowire candidate. Dependency annotations: {@org.springframework.beans.factory.annotation.Autowired(required=true)}
	at org.springframework.beans.factory.annotation.AutowiredAnnotationBeanPostProcessor$AutowiredFieldElement.inject(AutowiredAnnotationBeanPostProcessor.java:586)
	at org.springframework.beans.factory.annotation.InjectionMetadata.inject(InjectionMetadata.java:91)
	at org.springframework.beans.factory.annotation.AutowiredAnnotationBeanPostProcessor.postProcessPropertyValues(AutowiredAnnotationBeanPostProcessor.java:372)
	at org.springframework.beans.factory.support.AbstractAutowireCapableBeanFactory.populateBean(AbstractAutowireCapableBeanFactory.java:1344)
	at org.springframework.beans.factory.support.AbstractAutowireCapableBeanFactory.doCreateBean(AbstractAutowireCapableBeanFactory.java:582)
	at org.springframework.beans.factory.support.AbstractAutowireCapableBeanFactory.createBean(AbstractAutowireCapableBeanFactory.java:502)
	at org.springframework.beans.factory.support.AbstractBeanFactory.lambda$doGetBean$0(AbstractBeanFactory.java:312)
	at org.springframework.beans.factory.support.AbstractBeanFactory$$Lambda$71/20224131.getObject(Unknown Source)
	at org.springframework.beans.factory.support.DefaultSingletonBeanRegistry.getSingleton(DefaultSingletonBeanRegistry.java:228)
	at org.springframework.beans.factory.support.AbstractBeanFactory.doGetBean(AbstractBeanFactory.java:310)
	at org.springframework.beans.factory.support.AbstractBeanFactory.getBean(AbstractBeanFactory.java:200)
	at org.springframework.beans.factory.support.DefaultListableBeanFactory.preInstantiateSingletons(DefaultListableBeanFactory.java:758)
	at org.springframework.context.support.AbstractApplicationContext.finishBeanFactoryInitialization(AbstractApplicationContext.java:868)
	at org.springframework.context.support.AbstractApplicationContext.refresh(AbstractApplicationContext.java:549)
	at org.springframework.test.context.support.AbstractGenericContextLoader.loadContext(AbstractGenericContextLoader.java:128)
	at org.springframework.test.context.support.AbstractGenericContextLoader.loadContext(AbstractGenericContextLoader.java:60)
	at org.springframework.test.context.support.AbstractDelegatingSmartContextLoader.delegateLoading(AbstractDelegatingSmartContextLoader.java:109)
	at org.springframework.test.context.support.AbstractDelegatingSmartContextLoader.loadContext(AbstractDelegatingSmartContextLoader.java:246)
	at org.springframework.test.context.cache.DefaultCacheAwareContextLoaderDelegate.loadContextInternal(DefaultCacheAwareContextLoaderDelegate.java:99)
	at org.springframework.test.context.cache.DefaultCacheAwareContextLoaderDelegate.loadContext(DefaultCacheAwareContextLoaderDelegate.java:117)
	... 31 common frames omitted
Caused by: org.springframework.beans.factory.NoSuchBeanDefinitionException: No qualifying bean of type 'org.springframework.security.crypto.password.PasswordEncoder' available: expected at least 1 bean which qualifies as autowire candidate. Dependency annotations: {@org.springframework.beans.factory.annotation.Autowired(required=true)}
	at org.springframework.beans.factory.support.DefaultListableBeanFactory.raiseNoMatchingBeanFound(DefaultListableBeanFactory.java:1504)
	at org.springframework.beans.factory.support.DefaultListableBeanFactory.doResolveDependency(DefaultListableBeanFactory.java:1101)
	at org.springframework.beans.factory.support.DefaultListableBeanFactory.resolveDependency(DefaultListableBeanFactory.java:1062)
	at org.springframework.beans.factory.annotation.AutowiredAnnotationBeanPostProcessor$AutowiredFieldElement.inject(AutowiredAnnotationBeanPostProcessor.java:583)
	... 50 common frames omitted
2018-05-18 19:14:52 [main] INFO  org.springframework.test.context.support.DefaultTestContextBootstrapper [AbstractTestContextBootstrapper.java line: 257] - Loaded default TestExecutionListener class names from location [META-INF/spring.factories]: [org.springframework.test.context.web.ServletTestExecutionListener, org.springframework.test.context.support.DirtiesContextBeforeModesTestExecutionListener, org.springframework.test.context.support.DependencyInjectionTestExecutionListener, org.springframework.test.context.support.DirtiesContextTestExecutionListener, org.springframework.test.context.transaction.TransactionalTestExecutionListener, org.springframework.test.context.jdbc.SqlScriptsTestExecutionListener] 
 2018-05-18 19:14:52 [main] INFO  org.springframework.test.context.support.DefaultTestContextBootstrapper [AbstractTestContextBootstrapper.java line: 184] - Using TestExecutionListeners: [org.springframework.test.context.web.ServletTestExecutionListener@531ec978, org.springframework.test.context.support.DirtiesContextBeforeModesTestExecutionListener@93501be, org.springframework.test.context.support.DependencyInjectionTestExecutionListener@11d4d979, org.springframework.test.context.support.DirtiesContextTestExecutionListener@195580ba, org.springframework.test.context.transaction.TransactionalTestExecutionListener@3c25cfe1, org.springframework.test.context.jdbc.SqlScriptsTestExecutionListener@1d3c112a] 
 2018-05-18 19:14:52 [main] INFO  org.springframework.test.context.support.DefaultTestContextBootstrapper [AbstractTestContextBootstrapper.java line: 257] - Loaded default TestExecutionListener class names from location [META-INF/spring.factories]: [org.springframework.test.context.web.ServletTestExecutionListener, org.springframework.test.context.support.DirtiesContextBeforeModesTestExecutionListener, org.springframework.test.context.support.DependencyInjectionTestExecutionListener, org.springframework.test.context.support.DirtiesContextTestExecutionListener, org.springframework.test.context.transaction.TransactionalTestExecutionListener, org.springframework.test.context.jdbc.SqlScriptsTestExecutionListener] 
 2018-05-18 19:14:52 [main] INFO  org.springframework.test.context.support.DefaultTestContextBootstrapper [AbstractTestContextBootstrapper.java line: 184] - Using TestExecutionListeners: [org.springframework.test.context.web.ServletTestExecutionListener@2c604965, org.springframework.test.context.support.DirtiesContextBeforeModesTestExecutionListener@57f8951a, org.springframework.test.context.support.DependencyInjectionTestExecutionListener@6c17c0f8, org.springframework.test.context.support.DirtiesContextTestExecutionListener@260e3837, org.springframework.test.context.transaction.TransactionalTestExecutionListener@88b76f2, org.springframework.test.context.jdbc.SqlScriptsTestExecutionListener@1b4872bc] 
 2018-05-18 19:14:52 [main] INFO  org.springframework.test.context.support.DefaultTestContextBootstrapper [AbstractTestContextBootstrapper.java line: 257] - Loaded default TestExecutionListener class names from location [META-INF/spring.factories]: [org.springframework.test.context.web.ServletTestExecutionListener, org.springframework.test.context.support.DirtiesContextBeforeModesTestExecutionListener, org.springframework.test.context.support.DependencyInjectionTestExecutionListener, org.springframework.test.context.support.DirtiesContextTestExecutionListener, org.springframework.test.context.transaction.TransactionalTestExecutionListener, org.springframework.test.context.jdbc.SqlScriptsTestExecutionListener] 
 2018-05-18 19:14:52 [main] INFO  org.springframework.test.context.support.DefaultTestContextBootstrapper [AbstractTestContextBootstrapper.java line: 184] - Using TestExecutionListeners: [org.springframework.test.context.web.ServletTestExecutionListener@f613067, org.springframework.test.context.support.DirtiesContextBeforeModesTestExecutionListener@c1e14f, org.springframework.test.context.support.DependencyInjectionTestExecutionListener@226de93c, org.springframework.test.context.support.DirtiesContextTestExecutionListener@72028a45, org.springframework.test.context.transaction.TransactionalTestExecutionListener@74667e6a, org.springframework.test.context.jdbc.SqlScriptsTestExecutionListener@7b222230] 
 2018-05-18 19:20:56 [main] INFO  org.springframework.test.context.support.DefaultTestContextBootstrapper [AbstractTestContextBootstrapper.java line: 257] - Loaded default TestExecutionListener class names from location [META-INF/spring.factories]: [org.springframework.test.context.web.ServletTestExecutionListener, org.springframework.test.context.support.DirtiesContextBeforeModesTestExecutionListener, org.springframework.test.context.support.DependencyInjectionTestExecutionListener, org.springframework.test.context.support.DirtiesContextTestExecutionListener, org.springframework.test.context.transaction.TransactionalTestExecutionListener, org.springframework.test.context.jdbc.SqlScriptsTestExecutionListener] 
 2018-05-18 19:20:56 [main] INFO  org.springframework.test.context.support.DefaultTestContextBootstrapper [AbstractTestContextBootstrapper.java line: 184] - Using TestExecutionListeners: [org.springframework.test.context.web.ServletTestExecutionListener@1f1c7bf6, org.springframework.test.context.support.DirtiesContextBeforeModesTestExecutionListener@25b485ba, org.springframework.test.context.support.DependencyInjectionTestExecutionListener@2b546384, org.springframework.test.context.support.DirtiesContextTestExecutionListener@5d740a0f, org.springframework.test.context.transaction.TransactionalTestExecutionListener@214b199c, org.springframework.test.context.jdbc.SqlScriptsTestExecutionListener@20d3d15a] 
 2018-05-18 19:20:56 [main] INFO  org.springframework.beans.factory.xml.XmlBeanDefinitionReader [XmlBeanDefinitionReader.java line: 316] - Loading XML bean definitions from class path resource [TestConfig.xml] 
 2018-05-18 19:20:59 [main] INFO  org.springframework.context.support.GenericApplicationContext [AbstractApplicationContext.java line: 589] - Refreshing org.springframework.context.support.GenericApplicationContext@7ea37dbf: startup date [Fri May 18 19:20:59 WAT 2018]; root of context hierarchy 
 2018-05-18 19:21:01 [main] INFO  org.springframework.jdbc.datasource.DriverManagerDataSource [DriverManagerDataSource.java line: 133] - Loaded JDBC driver: org.hsqldb.jdbcDriver 
 2018-05-18 19:21:02 [main] INFO  org.springframework.orm.jpa.LocalContainerEntityManagerFactoryBean [LocalContainerEntityManagerFactoryBean.java line: 361] - Building JPA container EntityManagerFactory for persistence unit 'jpaData' 
 2018-05-18 19:21:12 [main] INFO  org.springframework.orm.jpa.LocalContainerEntityManagerFactoryBean [AbstractEntityManagerFactoryBean.java line: 393] - Initialized JPA EntityManagerFactory for persistence unit 'jpaData' 
 2018-05-18 19:21:17 [main] INFO  org.springframework.jdbc.datasource.init.ScriptUtils [ScriptUtils.java line: 442] - Executing SQL script from class path resource [mode.sql] 
 2018-05-18 19:21:17 [main] INFO  org.springframework.jdbc.datasource.init.ScriptUtils [ScriptUtils.java line: 508] - Executed SQL script from class path resource [mode.sql] in 14 ms. 
 2018-05-18 19:21:17 [main] INFO  org.springframework.jdbc.datasource.init.ScriptUtils [ScriptUtils.java line: 442] - Executing SQL script from class path resource [sample_data_test.sql] 
 2018-05-18 19:21:17 [main] INFO  org.springframework.jdbc.datasource.init.ScriptUtils [ScriptUtils.java line: 508] - Executed SQL script from class path resource [sample_data_test.sql] in 7 ms. 
 2018-05-18 19:21:17 [main] INFO  org.springframework.test.context.support.DefaultTestContextBootstrapper [AbstractTestContextBootstrapper.java line: 257] - Loaded default TestExecutionListener class names from location [META-INF/spring.factories]: [org.springframework.test.context.web.ServletTestExecutionListener, org.springframework.test.context.support.DirtiesContextBeforeModesTestExecutionListener, org.springframework.test.context.support.DependencyInjectionTestExecutionListener, org.springframework.test.context.support.DirtiesContextTestExecutionListener, org.springframework.test.context.transaction.TransactionalTestExecutionListener, org.springframework.test.context.jdbc.SqlScriptsTestExecutionListener] 
 2018-05-18 19:21:17 [main] INFO  org.springframework.test.context.support.DefaultTestContextBootstrapper [AbstractTestContextBootstrapper.java line: 184] - Using TestExecutionListeners: [org.springframework.test.context.web.ServletTestExecutionListener@2bebd114, org.springframework.test.context.support.DirtiesContextBeforeModesTestExecutionListener@b379bc6, org.springframework.test.context.support.DependencyInjectionTestExecutionListener@374c40ba, org.springframework.test.context.support.DirtiesContextTestExecutionListener@18dcb8a7, org.springframework.test.context.transaction.TransactionalTestExecutionListener@6dcab9d9, org.springframework.test.context.jdbc.SqlScriptsTestExecutionListener@5a14e60d] 
 2018-05-18 19:21:17 [main] INFO  org.springframework.test.context.support.DefaultTestContextBootstrapper [AbstractTestContextBootstrapper.java line: 257] - Loaded default TestExecutionListener class names from location [META-INF/spring.factories]: [org.springframework.test.context.web.ServletTestExecutionListener, org.springframework.test.context.support.DirtiesContextBeforeModesTestExecutionListener, org.springframework.test.context.support.DependencyInjectionTestExecutionListener, org.springframework.test.context.support.DirtiesContextTestExecutionListener, org.springframework.test.context.transaction.TransactionalTestExecutionListener, org.springframework.test.context.jdbc.SqlScriptsTestExecutionListener] 
 2018-05-18 19:21:17 [main] INFO  org.springframework.test.context.support.DefaultTestContextBootstrapper [AbstractTestContextBootstrapper.java line: 184] - Using TestExecutionListeners: [org.springframework.test.context.web.ServletTestExecutionListener@22d477c2, org.springframework.test.context.support.DirtiesContextBeforeModesTestExecutionListener@5e85c21b, org.springframework.test.context.support.DependencyInjectionTestExecutionListener@41def031, org.springframework.test.context.support.DirtiesContextTestExecutionListener@38e83838, org.springframework.test.context.transaction.TransactionalTestExecutionListener@39832280, org.springframework.test.context.jdbc.SqlScriptsTestExecutionListener@4966bab1] 
 2018-05-18 19:21:17 [main] INFO  org.springframework.test.context.support.DefaultTestContextBootstrapper [AbstractTestContextBootstrapper.java line: 257] - Loaded default TestExecutionListener class names from location [META-INF/spring.factories]: [org.springframework.test.context.web.ServletTestExecutionListener, org.springframework.test.context.support.DirtiesContextBeforeModesTestExecutionListener, org.springframework.test.context.support.DependencyInjectionTestExecutionListener, org.springframework.test.context.support.DirtiesContextTestExecutionListener, org.springframework.test.context.transaction.TransactionalTestExecutionListener, org.springframework.test.context.jdbc.SqlScriptsTestExecutionListener] 
 2018-05-18 19:21:17 [main] INFO  org.springframework.test.context.support.DefaultTestContextBootstrapper [AbstractTestContextBootstrapper.java line: 184] - Using TestExecutionListeners: [org.springframework.test.context.web.ServletTestExecutionListener@5aa76ad2, org.springframework.test.context.support.DirtiesContextBeforeModesTestExecutionListener@590d6c76, org.springframework.test.context.support.DependencyInjectionTestExecutionListener@25791d40, org.springframework.test.context.support.DirtiesContextTestExecutionListener@448c92fc, org.springframework.test.context.transaction.TransactionalTestExecutionListener@251c8145, org.springframework.test.context.jdbc.SqlScriptsTestExecutionListener@17c0274c] 
 2018-05-18 19:21:17 [Thread-1] INFO  org.springframework.context.support.GenericApplicationContext [AbstractApplicationContext.java line: 989] - Closing org.springframework.context.support.GenericApplicationContext@7ea37dbf: startup date [Fri May 18 19:20:59 WAT 2018]; root of context hierarchy 
 2018-05-18 19:21:17 [Thread-1] INFO  org.springframework.orm.jpa.LocalContainerEntityManagerFactoryBean [AbstractEntityManagerFactoryBean.java line: 571] - Closing JPA EntityManagerFactory for persistence unit 'jpaData' 
 2018-05-18 19:41:45 [main] INFO  org.springframework.test.context.support.DefaultTestContextBootstrapper [AbstractTestContextBootstrapper.java line: 257] - Loaded default TestExecutionListener class names from location [META-INF/spring.factories]: [org.springframework.test.context.web.ServletTestExecutionListener, org.springframework.test.context.support.DirtiesContextBeforeModesTestExecutionListener, org.springframework.test.context.support.DependencyInjectionTestExecutionListener, org.springframework.test.context.support.DirtiesContextTestExecutionListener, org.springframework.test.context.transaction.TransactionalTestExecutionListener, org.springframework.test.context.jdbc.SqlScriptsTestExecutionListener] 
 2018-05-18 19:41:45 [main] INFO  org.springframework.test.context.support.DefaultTestContextBootstrapper [AbstractTestContextBootstrapper.java line: 184] - Using TestExecutionListeners: [org.springframework.test.context.web.ServletTestExecutionListener@1f1c7bf6, org.springframework.test.context.support.DirtiesContextBeforeModesTestExecutionListener@25b485ba, org.springframework.test.context.support.DependencyInjectionTestExecutionListener@2b546384, org.springframework.test.context.support.DirtiesContextTestExecutionListener@5d740a0f, org.springframework.test.context.transaction.TransactionalTestExecutionListener@214b199c, org.springframework.test.context.jdbc.SqlScriptsTestExecutionListener@20d3d15a] 
 2018-05-18 19:41:45 [main] INFO  org.springframework.test.context.support.DefaultTestContextBootstrapper [AbstractTestContextBootstrapper.java line: 257] - Loaded default TestExecutionListener class names from location [META-INF/spring.factories]: [org.springframework.test.context.web.ServletTestExecutionListener, org.springframework.test.context.support.DirtiesContextBeforeModesTestExecutionListener, org.springframework.test.context.support.DependencyInjectionTestExecutionListener, org.springframework.test.context.support.DirtiesContextTestExecutionListener, org.springframework.test.context.transaction.TransactionalTestExecutionListener, org.springframework.test.context.jdbc.SqlScriptsTestExecutionListener] 
 2018-05-18 19:41:45 [main] INFO  org.springframework.test.context.support.DefaultTestContextBootstrapper [AbstractTestContextBootstrapper.java line: 184] - Using TestExecutionListeners: [org.springframework.test.context.web.ServletTestExecutionListener@17c1bced, org.springframework.test.context.support.DirtiesContextBeforeModesTestExecutionListener@2d9d4f9d, org.springframework.test.context.support.DependencyInjectionTestExecutionListener@4034c28c, org.springframework.test.context.support.DirtiesContextTestExecutionListener@e50a6f6, org.springframework.test.context.transaction.TransactionalTestExecutionListener@14ec4505, org.springframework.test.context.jdbc.SqlScriptsTestExecutionListener@53ca01a2] 
 2018-05-18 19:41:45 [main] INFO  org.springframework.test.context.support.DefaultTestContextBootstrapper [AbstractTestContextBootstrapper.java line: 257] - Loaded default TestExecutionListener class names from location [META-INF/spring.factories]: [org.springframework.test.context.web.ServletTestExecutionListener, org.springframework.test.context.support.DirtiesContextBeforeModesTestExecutionListener, org.springframework.test.context.support.DependencyInjectionTestExecutionListener, org.springframework.test.context.support.DirtiesContextTestExecutionListener, org.springframework.test.context.transaction.TransactionalTestExecutionListener, org.springframework.test.context.jdbc.SqlScriptsTestExecutionListener] 
 2018-05-18 19:41:45 [main] INFO  org.springframework.test.context.support.DefaultTestContextBootstrapper [AbstractTestContextBootstrapper.java line: 184] - Using TestExecutionListeners: [org.springframework.test.context.web.ServletTestExecutionListener@3b2cf7ab, org.springframework.test.context.support.DirtiesContextBeforeModesTestExecutionListener@2aa5fe93, org.springframework.test.context.support.DependencyInjectionTestExecutionListener@5c1a8622, org.springframework.test.context.support.DirtiesContextTestExecutionListener@5ad851c9, org.springframework.test.context.transaction.TransactionalTestExecutionListener@6156496, org.springframework.test.context.jdbc.SqlScriptsTestExecutionListener@3c153a1] 
 2018-05-18 19:41:45 [main] INFO  org.springframework.beans.factory.xml.XmlBeanDefinitionReader [XmlBeanDefinitionReader.java line: 316] - Loading XML bean definitions from class path resource [TestConfig.xml] 
 2018-05-18 19:41:45 [main] ERROR org.springframework.test.context.TestContextManager [TestContextManager.java line: 246] - Caught exception while allowing TestExecutionListener [org.springframework.test.context.support.DependencyInjectionTestExecutionListener@5c1a8622] to prepare test instance [org.guce.epayment.repositories.RepositoriesTest@7193666c] 
 java.lang.IllegalStateException: Failed to load ApplicationContext
	at org.springframework.test.context.cache.DefaultCacheAwareContextLoaderDelegate.loadContext(DefaultCacheAwareContextLoaderDelegate.java:125)
	at org.springframework.test.context.support.DefaultTestContext.getApplicationContext(DefaultTestContext.java:107)
	at org.springframework.test.context.support.DependencyInjectionTestExecutionListener.injectDependencies(DependencyInjectionTestExecutionListener.java:117)
	at org.springframework.test.context.support.DependencyInjectionTestExecutionListener.prepareTestInstance(DependencyInjectionTestExecutionListener.java:83)
	at org.springframework.test.context.TestContextManager.prepareTestInstance(TestContextManager.java:242)
	at org.springframework.test.context.junit4.SpringJUnit4ClassRunner.createTest(SpringJUnit4ClassRunner.java:227)
	at org.springframework.test.context.junit4.SpringJUnit4ClassRunner$1.runReflectiveCall(SpringJUnit4ClassRunner.java:289)
	at org.junit.internal.runners.model.ReflectiveCallable.run(ReflectiveCallable.java:12)
	at org.springframework.test.context.junit4.SpringJUnit4ClassRunner.methodBlock(SpringJUnit4ClassRunner.java:291)
	at org.springframework.test.context.junit4.SpringJUnit4ClassRunner.runChild(SpringJUnit4ClassRunner.java:246)
	at org.springframework.test.context.junit4.SpringJUnit4ClassRunner.runChild(SpringJUnit4ClassRunner.java:97)
	at org.junit.runners.ParentRunner$3.run(ParentRunner.java:290)
	at org.junit.runners.ParentRunner$1.schedule(ParentRunner.java:71)
	at org.junit.runners.ParentRunner.runChildren(ParentRunner.java:288)
	at org.junit.runners.ParentRunner.access$000(ParentRunner.java:58)
	at org.junit.runners.ParentRunner$2.evaluate(ParentRunner.java:268)
	at org.springframework.test.context.junit4.statements.RunBeforeTestClassCallbacks.evaluate(RunBeforeTestClassCallbacks.java:61)
	at org.springframework.test.context.junit4.statements.RunAfterTestClassCallbacks.evaluate(RunAfterTestClassCallbacks.java:70)
	at org.junit.runners.ParentRunner.run(ParentRunner.java:363)
	at org.springframework.test.context.junit4.SpringJUnit4ClassRunner.run(SpringJUnit4ClassRunner.java:190)
	at org.apache.maven.surefire.junit4.JUnit4Provider.execute(JUnit4Provider.java:252)
	at org.apache.maven.surefire.junit4.JUnit4Provider.executeTestSet(JUnit4Provider.java:141)
	at org.apache.maven.surefire.junit4.JUnit4Provider.invoke(JUnit4Provider.java:112)
	at sun.reflect.NativeMethodAccessorImpl.invoke0(Native Method)
	at sun.reflect.NativeMethodAccessorImpl.invoke(NativeMethodAccessorImpl.java:62)
	at sun.reflect.DelegatingMethodAccessorImpl.invoke(DelegatingMethodAccessorImpl.java:43)
	at java.lang.reflect.Method.invoke(Method.java:483)
	at org.apache.maven.surefire.util.ReflectionUtils.invokeMethodWithArray(ReflectionUtils.java:189)
	at org.apache.maven.surefire.booter.ProviderFactory$ProviderProxy.invoke(ProviderFactory.java:165)
	at org.apache.maven.surefire.booter.ProviderFactory.invokeProvider(ProviderFactory.java:85)
	at org.apache.maven.surefire.booter.ForkedBooter.runSuitesInProcess(ForkedBooter.java:115)
	at org.apache.maven.surefire.booter.ForkedBooter.main(ForkedBooter.java:75)
Caused by: org.springframework.beans.factory.xml.XmlBeanDefinitionStoreException: Line 76 in XML document from class path resource [TestConfig.xml] is invalid; nested exception is org.xml.sax.SAXParseException; lineNumber: 76; columnNumber: 71; Le prfixe "jdbc" de l'lment "jdbc:initialize-database" n'est pas li.
	at org.springframework.beans.factory.xml.XmlBeanDefinitionReader.doLoadBeanDefinitions(XmlBeanDefinitionReader.java:398)
	at org.springframework.beans.factory.xml.XmlBeanDefinitionReader.loadBeanDefinitions(XmlBeanDefinitionReader.java:335)
	at org.springframework.beans.factory.xml.XmlBeanDefinitionReader.loadBeanDefinitions(XmlBeanDefinitionReader.java:303)
	at org.springframework.beans.factory.support.AbstractBeanDefinitionReader.loadBeanDefinitions(AbstractBeanDefinitionReader.java:187)
	at org.springframework.beans.factory.support.AbstractBeanDefinitionReader.loadBeanDefinitions(AbstractBeanDefinitionReader.java:223)
	at org.springframework.beans.factory.support.AbstractBeanDefinitionReader.loadBeanDefinitions(AbstractBeanDefinitionReader.java:194)
	at org.springframework.beans.factory.support.AbstractBeanDefinitionReader.loadBeanDefinitions(AbstractBeanDefinitionReader.java:258)
	at org.springframework.test.context.support.AbstractGenericContextLoader.loadBeanDefinitions(AbstractGenericContextLoader.java:257)
	at org.springframework.test.context.support.AbstractGenericContextLoader.loadContext(AbstractGenericContextLoader.java:124)
	at org.springframework.test.context.support.AbstractGenericContextLoader.loadContext(AbstractGenericContextLoader.java:60)
	at org.springframework.test.context.support.AbstractDelegatingSmartContextLoader.delegateLoading(AbstractDelegatingSmartContextLoader.java:109)
	at org.springframework.test.context.support.AbstractDelegatingSmartContextLoader.loadContext(AbstractDelegatingSmartContextLoader.java:246)
	at org.springframework.test.context.cache.DefaultCacheAwareContextLoaderDelegate.loadContextInternal(DefaultCacheAwareContextLoaderDelegate.java:99)
	at org.springframework.test.context.cache.DefaultCacheAwareContextLoaderDelegate.loadContext(DefaultCacheAwareContextLoaderDelegate.java:117)
	... 31 common frames omitted
Caused by: org.xml.sax.SAXParseException: Le prfixe "jdbc" de l'lment "jdbc:initialize-database" n'est pas li.
	at com.sun.org.apache.xerces.internal.util.ErrorHandlerWrapper.createSAXParseException(ErrorHandlerWrapper.java:203)
	at com.sun.org.apache.xerces.internal.util.ErrorHandlerWrapper.fatalError(ErrorHandlerWrapper.java:177)
	at com.sun.org.apache.xerces.internal.impl.XMLErrorReporter.reportError(XMLErrorReporter.java:441)
	at com.sun.org.apache.xerces.internal.impl.XMLErrorReporter.reportError(XMLErrorReporter.java:368)
	at com.sun.org.apache.xerces.internal.impl.XMLErrorReporter.reportError(XMLErrorReporter.java:325)
	at com.sun.org.apache.xerces.internal.impl.XMLNSDocumentScannerImpl.scanStartElement(XMLNSDocumentScannerImpl.java:289)
	at com.sun.org.apache.xerces.internal.impl.XMLDocumentFragmentScannerImpl$FragmentContentDriver.next(XMLDocumentFragmentScannerImpl.java:2786)
	at com.sun.org.apache.xerces.internal.impl.XMLDocumentScannerImpl.next(XMLDocumentScannerImpl.java:606)
	at com.sun.org.apache.xerces.internal.impl.XMLNSDocumentScannerImpl.next(XMLNSDocumentScannerImpl.java:117)
	at com.sun.org.apache.xerces.internal.impl.XMLDocumentFragmentScannerImpl.scanDocument(XMLDocumentFragmentScannerImpl.java:510)
	at com.sun.org.apache.xerces.internal.parsers.XML11Configuration.parse(XML11Configuration.java:848)
	at com.sun.org.apache.xerces.internal.parsers.XML11Configuration.parse(XML11Configuration.java:777)
	at com.sun.org.apache.xerces.internal.parsers.XMLParser.parse(XMLParser.java:141)
	at com.sun.org.apache.xerces.internal.parsers.DOMParser.parse(DOMParser.java:243)
	at com.sun.org.apache.xerces.internal.jaxp.DocumentBuilderImpl.parse(DocumentBuilderImpl.java:348)
	at org.springframework.beans.factory.xml.DefaultDocumentLoader.loadDocument(DefaultDocumentLoader.java:77)
	at org.springframework.beans.factory.xml.XmlBeanDefinitionReader.doLoadDocument(XmlBeanDefinitionReader.java:428)
	at org.springframework.beans.factory.xml.XmlBeanDefinitionReader.doLoadBeanDefinitions(XmlBeanDefinitionReader.java:390)
	... 44 common frames omitted
2018-05-18 19:41:45 [main] INFO  org.springframework.test.context.support.DefaultTestContextBootstrapper [AbstractTestContextBootstrapper.java line: 257] - Loaded default TestExecutionListener class names from location [META-INF/spring.factories]: [org.springframework.test.context.web.ServletTestExecutionListener, org.springframework.test.context.support.DirtiesContextBeforeModesTestExecutionListener, org.springframework.test.context.support.DependencyInjectionTestExecutionListener, org.springframework.test.context.support.DirtiesContextTestExecutionListener, org.springframework.test.context.transaction.TransactionalTestExecutionListener, org.springframework.test.context.jdbc.SqlScriptsTestExecutionListener] 
 2018-05-18 19:41:45 [main] INFO  org.springframework.test.context.support.DefaultTestContextBootstrapper [AbstractTestContextBootstrapper.java line: 184] - Using TestExecutionListeners: [org.springframework.test.context.web.ServletTestExecutionListener@5e0826e7, org.springframework.test.context.support.DirtiesContextBeforeModesTestExecutionListener@32eff876, org.springframework.test.context.support.DependencyInjectionTestExecutionListener@8dbdac1, org.springframework.test.context.support.DirtiesContextTestExecutionListener@6e20b53a, org.springframework.test.context.transaction.TransactionalTestExecutionListener@71809907, org.springframework.test.context.jdbc.SqlScriptsTestExecutionListener@3ce1e309] 
 2018-05-18 19:44:22 [main] INFO  org.springframework.test.context.support.DefaultTestContextBootstrapper [AbstractTestContextBootstrapper.java line: 257] - Loaded default TestExecutionListener class names from location [META-INF/spring.factories]: [org.springframework.test.context.web.ServletTestExecutionListener, org.springframework.test.context.support.DirtiesContextBeforeModesTestExecutionListener, org.springframework.test.context.support.DependencyInjectionTestExecutionListener, org.springframework.test.context.support.DirtiesContextTestExecutionListener, org.springframework.test.context.transaction.TransactionalTestExecutionListener, org.springframework.test.context.jdbc.SqlScriptsTestExecutionListener] 
 2018-05-18 19:44:22 [main] INFO  org.springframework.test.context.support.DefaultTestContextBootstrapper [AbstractTestContextBootstrapper.java line: 184] - Using TestExecutionListeners: [org.springframework.test.context.web.ServletTestExecutionListener@1f1c7bf6, org.springframework.test.context.support.DirtiesContextBeforeModesTestExecutionListener@25b485ba, org.springframework.test.context.support.DependencyInjectionTestExecutionListener@2b546384, org.springframework.test.context.support.DirtiesContextTestExecutionListener@5d740a0f, org.springframework.test.context.transaction.TransactionalTestExecutionListener@214b199c, org.springframework.test.context.jdbc.SqlScriptsTestExecutionListener@20d3d15a] 
 2018-05-18 19:44:22 [main] INFO  org.springframework.test.context.support.DefaultTestContextBootstrapper [AbstractTestContextBootstrapper.java line: 257] - Loaded default TestExecutionListener class names from location [META-INF/spring.factories]: [org.springframework.test.context.web.ServletTestExecutionListener, org.springframework.test.context.support.DirtiesContextBeforeModesTestExecutionListener, org.springframework.test.context.support.DependencyInjectionTestExecutionListener, org.springframework.test.context.support.DirtiesContextTestExecutionListener, org.springframework.test.context.transaction.TransactionalTestExecutionListener, org.springframework.test.context.jdbc.SqlScriptsTestExecutionListener] 
 2018-05-18 19:44:22 [main] INFO  org.springframework.test.context.support.DefaultTestContextBootstrapper [AbstractTestContextBootstrapper.java line: 184] - Using TestExecutionListeners: [org.springframework.test.context.web.ServletTestExecutionListener@17c1bced, org.springframework.test.context.support.DirtiesContextBeforeModesTestExecutionListener@2d9d4f9d, org.springframework.test.context.support.DependencyInjectionTestExecutionListener@4034c28c, org.springframework.test.context.support.DirtiesContextTestExecutionListener@e50a6f6, org.springframework.test.context.transaction.TransactionalTestExecutionListener@14ec4505, org.springframework.test.context.jdbc.SqlScriptsTestExecutionListener@53ca01a2] 
 2018-05-18 19:44:22 [main] INFO  org.springframework.test.context.support.DefaultTestContextBootstrapper [AbstractTestContextBootstrapper.java line: 257] - Loaded default TestExecutionListener class names from location [META-INF/spring.factories]: [org.springframework.test.context.web.ServletTestExecutionListener, org.springframework.test.context.support.DirtiesContextBeforeModesTestExecutionListener, org.springframework.test.context.support.DependencyInjectionTestExecutionListener, org.springframework.test.context.support.DirtiesContextTestExecutionListener, org.springframework.test.context.transaction.TransactionalTestExecutionListener, org.springframework.test.context.jdbc.SqlScriptsTestExecutionListener] 
 2018-05-18 19:44:22 [main] INFO  org.springframework.test.context.support.DefaultTestContextBootstrapper [AbstractTestContextBootstrapper.java line: 184] - Using TestExecutionListeners: [org.springframework.test.context.web.ServletTestExecutionListener@3b2cf7ab, org.springframework.test.context.support.DirtiesContextBeforeModesTestExecutionListener@2aa5fe93, org.springframework.test.context.support.DependencyInjectionTestExecutionListener@5c1a8622, org.springframework.test.context.support.DirtiesContextTestExecutionListener@5ad851c9, org.springframework.test.context.transaction.TransactionalTestExecutionListener@6156496, org.springframework.test.context.jdbc.SqlScriptsTestExecutionListener@3c153a1] 
 2018-05-18 19:44:22 [main] INFO  org.springframework.beans.factory.xml.XmlBeanDefinitionReader [XmlBeanDefinitionReader.java line: 316] - Loading XML bean definitions from class path resource [TestConfig.xml] 
 2018-05-18 19:44:24 [main] INFO  org.springframework.context.support.GenericApplicationContext [AbstractApplicationContext.java line: 589] - Refreshing org.springframework.context.support.GenericApplicationContext@2805c96b: startup date [Fri May 18 19:44:24 WAT 2018]; root of context hierarchy 
 2018-05-18 19:44:25 [main] INFO  org.springframework.jdbc.datasource.DriverManagerDataSource [DriverManagerDataSource.java line: 133] - Loaded JDBC driver: org.hsqldb.jdbcDriver 
 2018-05-18 19:44:25 [main] INFO  org.springframework.orm.jpa.LocalContainerEntityManagerFactoryBean [LocalContainerEntityManagerFactoryBean.java line: 361] - Building JPA container EntityManagerFactory for persistence unit 'jpaData' 
 2018-05-18 19:44:30 [main] INFO  org.springframework.orm.jpa.LocalContainerEntityManagerFactoryBean [AbstractEntityManagerFactoryBean.java line: 393] - Initialized JPA EntityManagerFactory for persistence unit 'jpaData' 
 2018-05-18 19:44:34 [main] INFO  org.springframework.jdbc.datasource.init.ScriptUtils [ScriptUtils.java line: 442] - Executing SQL script from class path resource [mode.sql] 
 2018-05-18 19:44:34 [main] INFO  org.springframework.jdbc.datasource.init.ScriptUtils [ScriptUtils.java line: 508] - Executed SQL script from class path resource [mode.sql] in 22 ms. 
 2018-05-18 19:44:34 [main] INFO  org.springframework.jdbc.datasource.init.ScriptUtils [ScriptUtils.java line: 442] - Executing SQL script from class path resource [sample_data_test.sql] 
 2018-05-18 19:44:34 [main] INFO  org.springframework.jdbc.datasource.init.ScriptUtils [ScriptUtils.java line: 508] - Executed SQL script from class path resource [sample_data_test.sql] in 2 ms. 
 2018-05-18 19:44:35 [main] INFO  org.springframework.test.context.support.DefaultTestContextBootstrapper [AbstractTestContextBootstrapper.java line: 257] - Loaded default TestExecutionListener class names from location [META-INF/spring.factories]: [org.springframework.test.context.web.ServletTestExecutionListener, org.springframework.test.context.support.DirtiesContextBeforeModesTestExecutionListener, org.springframework.test.context.support.DependencyInjectionTestExecutionListener, org.springframework.test.context.support.DirtiesContextTestExecutionListener, org.springframework.test.context.transaction.TransactionalTestExecutionListener, org.springframework.test.context.jdbc.SqlScriptsTestExecutionListener] 
 2018-05-18 19:44:35 [main] INFO  org.springframework.test.context.support.DefaultTestContextBootstrapper [AbstractTestContextBootstrapper.java line: 184] - Using TestExecutionListeners: [org.springframework.test.context.web.ServletTestExecutionListener@7ab2a07e, org.springframework.test.context.support.DirtiesContextBeforeModesTestExecutionListener@437c4b25, org.springframework.test.context.support.DependencyInjectionTestExecutionListener@5ec6fede, org.springframework.test.context.support.DirtiesContextTestExecutionListener@580902cd, org.springframework.test.context.transaction.TransactionalTestExecutionListener@3757e8e2, org.springframework.test.context.jdbc.SqlScriptsTestExecutionListener@1653b84e] 
 2018-05-18 19:44:35 [Thread-1] INFO  org.springframework.context.support.GenericApplicationContext [AbstractApplicationContext.java line: 989] - Closing org.springframework.context.support.GenericApplicationContext@2805c96b: startup date [Fri May 18 19:44:24 WAT 2018]; root of context hierarchy 
 2018-05-18 19:44:35 [Thread-1] INFO  org.springframework.orm.jpa.LocalContainerEntityManagerFactoryBean [AbstractEntityManagerFactoryBean.java line: 571] - Closing JPA EntityManagerFactory for persistence unit 'jpaData' 
 2018-05-18 19:45:36 [main] INFO  org.springframework.test.context.support.DefaultTestContextBootstrapper [AbstractTestContextBootstrapper.java line: 257] - Loaded default TestExecutionListener class names from location [META-INF/spring.factories]: [org.springframework.test.context.web.ServletTestExecutionListener, org.springframework.test.context.support.DirtiesContextBeforeModesTestExecutionListener, org.springframework.test.context.support.DependencyInjectionTestExecutionListener, org.springframework.test.context.support.DirtiesContextTestExecutionListener, org.springframework.test.context.transaction.TransactionalTestExecutionListener, org.springframework.test.context.jdbc.SqlScriptsTestExecutionListener] 
 2018-05-18 19:45:36 [main] INFO  org.springframework.test.context.support.DefaultTestContextBootstrapper [AbstractTestContextBootstrapper.java line: 184] - Using TestExecutionListeners: [org.springframework.test.context.web.ServletTestExecutionListener@1f1c7bf6, org.springframework.test.context.support.DirtiesContextBeforeModesTestExecutionListener@25b485ba, org.springframework.test.context.support.DependencyInjectionTestExecutionListener@2b546384, org.springframework.test.context.support.DirtiesContextTestExecutionListener@5d740a0f, org.springframework.test.context.transaction.TransactionalTestExecutionListener@214b199c, org.springframework.test.context.jdbc.SqlScriptsTestExecutionListener@20d3d15a] 
 2018-05-18 19:45:36 [main] INFO  org.springframework.test.context.support.DefaultTestContextBootstrapper [AbstractTestContextBootstrapper.java line: 257] - Loaded default TestExecutionListener class names from location [META-INF/spring.factories]: [org.springframework.test.context.web.ServletTestExecutionListener, org.springframework.test.context.support.DirtiesContextBeforeModesTestExecutionListener, org.springframework.test.context.support.DependencyInjectionTestExecutionListener, org.springframework.test.context.support.DirtiesContextTestExecutionListener, org.springframework.test.context.transaction.TransactionalTestExecutionListener, org.springframework.test.context.jdbc.SqlScriptsTestExecutionListener] 
 2018-05-18 19:45:36 [main] INFO  org.springframework.test.context.support.DefaultTestContextBootstrapper [AbstractTestContextBootstrapper.java line: 184] - Using TestExecutionListeners: [org.springframework.test.context.web.ServletTestExecutionListener@17c1bced, org.springframework.test.context.support.DirtiesContextBeforeModesTestExecutionListener@2d9d4f9d, org.springframework.test.context.support.DependencyInjectionTestExecutionListener@4034c28c, org.springframework.test.context.support.DirtiesContextTestExecutionListener@e50a6f6, org.springframework.test.context.transaction.TransactionalTestExecutionListener@14ec4505, org.springframework.test.context.jdbc.SqlScriptsTestExecutionListener@53ca01a2] 
 2018-05-18 19:45:36 [main] INFO  org.springframework.test.context.support.DefaultTestContextBootstrapper [AbstractTestContextBootstrapper.java line: 257] - Loaded default TestExecutionListener class names from location [META-INF/spring.factories]: [org.springframework.test.context.web.ServletTestExecutionListener, org.springframework.test.context.support.DirtiesContextBeforeModesTestExecutionListener, org.springframework.test.context.support.DependencyInjectionTestExecutionListener, org.springframework.test.context.support.DirtiesContextTestExecutionListener, org.springframework.test.context.transaction.TransactionalTestExecutionListener, org.springframework.test.context.jdbc.SqlScriptsTestExecutionListener] 
 2018-05-18 19:45:36 [main] INFO  org.springframework.test.context.support.DefaultTestContextBootstrapper [AbstractTestContextBootstrapper.java line: 184] - Using TestExecutionListeners: [org.springframework.test.context.web.ServletTestExecutionListener@3b2cf7ab, org.springframework.test.context.support.DirtiesContextBeforeModesTestExecutionListener@2aa5fe93, org.springframework.test.context.support.DependencyInjectionTestExecutionListener@5c1a8622, org.springframework.test.context.support.DirtiesContextTestExecutionListener@5ad851c9, org.springframework.test.context.transaction.TransactionalTestExecutionListener@6156496, org.springframework.test.context.jdbc.SqlScriptsTestExecutionListener@3c153a1] 
 2018-05-18 19:45:36 [main] INFO  org.springframework.beans.factory.xml.XmlBeanDefinitionReader [XmlBeanDefinitionReader.java line: 316] - Loading XML bean definitions from class path resource [TestConfig.xml] 
 2018-05-18 19:45:37 [main] INFO  org.springframework.context.support.GenericApplicationContext [AbstractApplicationContext.java line: 589] - Refreshing org.springframework.context.support.GenericApplicationContext@2805c96b: startup date [Fri May 18 19:45:37 WAT 2018]; root of context hierarchy 
 2018-05-18 19:45:38 [main] INFO  org.springframework.jdbc.datasource.DriverManagerDataSource [DriverManagerDataSource.java line: 133] - Loaded JDBC driver: org.hsqldb.jdbcDriver 
 2018-05-18 19:45:39 [main] INFO  org.springframework.orm.jpa.LocalContainerEntityManagerFactoryBean [LocalContainerEntityManagerFactoryBean.java line: 361] - Building JPA container EntityManagerFactory for persistence unit 'jpaData' 
 2018-05-18 19:45:43 [main] INFO  org.springframework.orm.jpa.LocalContainerEntityManagerFactoryBean [AbstractEntityManagerFactoryBean.java line: 393] - Initialized JPA EntityManagerFactory for persistence unit 'jpaData' 
 2018-05-18 19:45:48 [main] INFO  org.springframework.jdbc.datasource.init.ScriptUtils [ScriptUtils.java line: 442] - Executing SQL script from class path resource [mode.sql] 
 2018-05-18 19:45:48 [main] INFO  org.springframework.jdbc.datasource.init.ScriptUtils [ScriptUtils.java line: 508] - Executed SQL script from class path resource [mode.sql] in 15 ms. 
 2018-05-18 19:45:48 [main] INFO  org.springframework.jdbc.datasource.init.ScriptUtils [ScriptUtils.java line: 442] - Executing SQL script from class path resource [sample_data_test.sql] 
 2018-05-18 19:45:48 [main] INFO  org.springframework.jdbc.datasource.init.ScriptUtils [ScriptUtils.java line: 508] - Executed SQL script from class path resource [sample_data_test.sql] in 2 ms. 
 2018-05-18 19:45:48 [main] INFO  org.springframework.test.context.support.DefaultTestContextBootstrapper [AbstractTestContextBootstrapper.java line: 257] - Loaded default TestExecutionListener class names from location [META-INF/spring.factories]: [org.springframework.test.context.web.ServletTestExecutionListener, org.springframework.test.context.support.DirtiesContextBeforeModesTestExecutionListener, org.springframework.test.context.support.DependencyInjectionTestExecutionListener, org.springframework.test.context.support.DirtiesContextTestExecutionListener, org.springframework.test.context.transaction.TransactionalTestExecutionListener, org.springframework.test.context.jdbc.SqlScriptsTestExecutionListener] 
 2018-05-18 19:45:48 [main] INFO  org.springframework.test.context.support.DefaultTestContextBootstrapper [AbstractTestContextBootstrapper.java line: 184] - Using TestExecutionListeners: [org.springframework.test.context.web.ServletTestExecutionListener@1653b84e, org.springframework.test.context.support.DirtiesContextBeforeModesTestExecutionListener@7f8a9454, org.springframework.test.context.support.DependencyInjectionTestExecutionListener@6f85ee02, org.springframework.test.context.support.DirtiesContextTestExecutionListener@679d0be8, org.springframework.test.context.transaction.TransactionalTestExecutionListener@6c075e9d, org.springframework.test.context.jdbc.SqlScriptsTestExecutionListener@47044f7d] 
 2018-05-18 19:45:48 [Thread-1] INFO  org.springframework.context.support.GenericApplicationContext [AbstractApplicationContext.java line: 989] - Closing org.springframework.context.support.GenericApplicationContext@2805c96b: startup date [Fri May 18 19:45:37 WAT 2018]; root of context hierarchy 
 2018-05-18 19:45:48 [Thread-1] INFO  org.springframework.orm.jpa.LocalContainerEntityManagerFactoryBean [AbstractEntityManagerFactoryBean.java line: 571] - Closing JPA EntityManagerFactory for persistence unit 'jpaData' 
 2018-05-18 19:51:27 [main] INFO  org.springframework.test.context.support.DefaultTestContextBootstrapper [AbstractTestContextBootstrapper.java line: 257] - Loaded default TestExecutionListener class names from location [META-INF/spring.factories]: [org.springframework.test.context.web.ServletTestExecutionListener, org.springframework.test.context.support.DirtiesContextBeforeModesTestExecutionListener, org.springframework.test.context.support.DependencyInjectionTestExecutionListener, org.springframework.test.context.support.DirtiesContextTestExecutionListener, org.springframework.test.context.transaction.TransactionalTestExecutionListener, org.springframework.test.context.jdbc.SqlScriptsTestExecutionListener] 
 2018-05-18 19:51:27 [main] INFO  org.springframework.test.context.support.DefaultTestContextBootstrapper [AbstractTestContextBootstrapper.java line: 184] - Using TestExecutionListeners: [org.springframework.test.context.web.ServletTestExecutionListener@1f1c7bf6, org.springframework.test.context.support.DirtiesContextBeforeModesTestExecutionListener@25b485ba, org.springframework.test.context.support.DependencyInjectionTestExecutionListener@2b546384, org.springframework.test.context.support.DirtiesContextTestExecutionListener@5d740a0f, org.springframework.test.context.transaction.TransactionalTestExecutionListener@214b199c, org.springframework.test.context.jdbc.SqlScriptsTestExecutionListener@20d3d15a] 
 2018-05-18 19:51:27 [main] INFO  org.springframework.test.context.support.DefaultTestContextBootstrapper [AbstractTestContextBootstrapper.java line: 257] - Loaded default TestExecutionListener class names from location [META-INF/spring.factories]: [org.springframework.test.context.web.ServletTestExecutionListener, org.springframework.test.context.support.DirtiesContextBeforeModesTestExecutionListener, org.springframework.test.context.support.DependencyInjectionTestExecutionListener, org.springframework.test.context.support.DirtiesContextTestExecutionListener, org.springframework.test.context.transaction.TransactionalTestExecutionListener, org.springframework.test.context.jdbc.SqlScriptsTestExecutionListener] 
 2018-05-18 19:51:27 [main] INFO  org.springframework.test.context.support.DefaultTestContextBootstrapper [AbstractTestContextBootstrapper.java line: 184] - Using TestExecutionListeners: [org.springframework.test.context.web.ServletTestExecutionListener@17c1bced, org.springframework.test.context.support.DirtiesContextBeforeModesTestExecutionListener@2d9d4f9d, org.springframework.test.context.support.DependencyInjectionTestExecutionListener@4034c28c, org.springframework.test.context.support.DirtiesContextTestExecutionListener@e50a6f6, org.springframework.test.context.transaction.TransactionalTestExecutionListener@14ec4505, org.springframework.test.context.jdbc.SqlScriptsTestExecutionListener@53ca01a2] 
 2018-05-18 19:51:27 [main] INFO  org.springframework.test.context.support.DefaultTestContextBootstrapper [AbstractTestContextBootstrapper.java line: 257] - Loaded default TestExecutionListener class names from location [META-INF/spring.factories]: [org.springframework.test.context.web.ServletTestExecutionListener, org.springframework.test.context.support.DirtiesContextBeforeModesTestExecutionListener, org.springframework.test.context.support.DependencyInjectionTestExecutionListener, org.springframework.test.context.support.DirtiesContextTestExecutionListener, org.springframework.test.context.transaction.TransactionalTestExecutionListener, org.springframework.test.context.jdbc.SqlScriptsTestExecutionListener] 
 2018-05-18 19:51:27 [main] INFO  org.springframework.test.context.support.DefaultTestContextBootstrapper [AbstractTestContextBootstrapper.java line: 184] - Using TestExecutionListeners: [org.springframework.test.context.web.ServletTestExecutionListener@3b2cf7ab, org.springframework.test.context.support.DirtiesContextBeforeModesTestExecutionListener@2aa5fe93, org.springframework.test.context.support.DependencyInjectionTestExecutionListener@5c1a8622, org.springframework.test.context.support.DirtiesContextTestExecutionListener@5ad851c9, org.springframework.test.context.transaction.TransactionalTestExecutionListener@6156496, org.springframework.test.context.jdbc.SqlScriptsTestExecutionListener@3c153a1] 
 2018-05-18 19:51:27 [main] INFO  org.springframework.test.context.support.DefaultTestContextBootstrapper [AbstractTestContextBootstrapper.java line: 257] - Loaded default TestExecutionListener class names from location [META-INF/spring.factories]: [org.springframework.test.context.web.ServletTestExecutionListener, org.springframework.test.context.support.DirtiesContextBeforeModesTestExecutionListener, org.springframework.test.context.support.DependencyInjectionTestExecutionListener, org.springframework.test.context.support.DirtiesContextTestExecutionListener, org.springframework.test.context.transaction.TransactionalTestExecutionListener, org.springframework.test.context.jdbc.SqlScriptsTestExecutionListener] 
 2018-05-18 19:51:27 [main] INFO  org.springframework.test.context.support.DefaultTestContextBootstrapper [AbstractTestContextBootstrapper.java line: 184] - Using TestExecutionListeners: [org.springframework.test.context.web.ServletTestExecutionListener@327b636c, org.springframework.test.context.support.DirtiesContextBeforeModesTestExecutionListener@45dd4eda, org.springframework.test.context.support.DependencyInjectionTestExecutionListener@60611244, org.springframework.test.context.support.DirtiesContextTestExecutionListener@3745e5c6, org.springframework.test.context.transaction.TransactionalTestExecutionListener@5e4c8041, org.springframework.test.context.jdbc.SqlScriptsTestExecutionListener@71c8becc] 
 2018-05-18 19:51:27 [main] INFO  org.springframework.beans.factory.xml.XmlBeanDefinitionReader [XmlBeanDefinitionReader.java line: 316] - Loading XML bean definitions from class path resource [TestConfig.xml] 
 2018-05-18 19:51:28 [main] INFO  org.springframework.context.support.GenericApplicationContext [AbstractApplicationContext.java line: 589] - Refreshing org.springframework.context.support.GenericApplicationContext@3d121db3: startup date [Fri May 18 19:51:28 WAT 2018]; root of context hierarchy 
 2018-05-18 19:51:29 [main] INFO  org.springframework.jdbc.datasource.DriverManagerDataSource [DriverManagerDataSource.java line: 133] - Loaded JDBC driver: org.hsqldb.jdbcDriver 
 2018-05-18 19:51:30 [main] INFO  org.springframework.orm.jpa.LocalContainerEntityManagerFactoryBean [LocalContainerEntityManagerFactoryBean.java line: 361] - Building JPA container EntityManagerFactory for persistence unit 'jpaData' 
 2018-05-18 19:51:34 [main] INFO  org.springframework.orm.jpa.LocalContainerEntityManagerFactoryBean [AbstractEntityManagerFactoryBean.java line: 393] - Initialized JPA EntityManagerFactory for persistence unit 'jpaData' 
 2018-05-18 19:51:37 [main] WARN  org.springframework.context.support.GenericApplicationContext [AbstractApplicationContext.java line: 557] - Exception encountered during context initialization - cancelling refresh attempt: org.springframework.beans.factory.UnsatisfiedDependencyException: Error creating bean with name 'emailServiceImpl' defined in file [C:\Users\tadzotsa\NetBeansProjects\egucepayment-web\target\classes\org\guce\epayment\core\services\EmailServiceImpl.class]: Unsatisfied dependency expressed through constructor parameter 0; nested exception is org.springframework.beans.factory.NoSuchBeanDefinitionException: No qualifying bean of type 'org.springframework.mail.javamail.JavaMailSender' available: expected at least 1 bean which qualifies as autowire candidate. Dependency annotations: {} 
 2018-05-18 19:51:37 [main] INFO  org.springframework.orm.jpa.LocalContainerEntityManagerFactoryBean [AbstractEntityManagerFactoryBean.java line: 571] - Closing JPA EntityManagerFactory for persistence unit 'jpaData' 
 2018-05-18 19:51:37 [main] ERROR org.springframework.test.context.TestContextManager [TestContextManager.java line: 246] - Caught exception while allowing TestExecutionListener [org.springframework.test.context.support.DependencyInjectionTestExecutionListener@60611244] to prepare test instance [org.guce.epayment.security.services.AuthenticationServiceImplTest@53aa2fc9] 
 java.lang.IllegalStateException: Failed to load ApplicationContext
	at org.springframework.test.context.cache.DefaultCacheAwareContextLoaderDelegate.loadContext(DefaultCacheAwareContextLoaderDelegate.java:125)
	at org.springframework.test.context.support.DefaultTestContext.getApplicationContext(DefaultTestContext.java:107)
	at org.springframework.test.context.support.DependencyInjectionTestExecutionListener.injectDependencies(DependencyInjectionTestExecutionListener.java:117)
	at org.springframework.test.context.support.DependencyInjectionTestExecutionListener.prepareTestInstance(DependencyInjectionTestExecutionListener.java:83)
	at org.springframework.test.context.TestContextManager.prepareTestInstance(TestContextManager.java:242)
	at org.springframework.test.context.junit4.SpringJUnit4ClassRunner.createTest(SpringJUnit4ClassRunner.java:227)
	at org.springframework.test.context.junit4.SpringJUnit4ClassRunner$1.runReflectiveCall(SpringJUnit4ClassRunner.java:289)
	at org.junit.internal.runners.model.ReflectiveCallable.run(ReflectiveCallable.java:12)
	at org.springframework.test.context.junit4.SpringJUnit4ClassRunner.methodBlock(SpringJUnit4ClassRunner.java:291)
	at org.springframework.test.context.junit4.SpringJUnit4ClassRunner.runChild(SpringJUnit4ClassRunner.java:246)
	at org.springframework.test.context.junit4.SpringJUnit4ClassRunner.runChild(SpringJUnit4ClassRunner.java:97)
	at org.junit.runners.ParentRunner$3.run(ParentRunner.java:290)
	at org.junit.runners.ParentRunner$1.schedule(ParentRunner.java:71)
	at org.junit.runners.ParentRunner.runChildren(ParentRunner.java:288)
	at org.junit.runners.ParentRunner.access$000(ParentRunner.java:58)
	at org.junit.runners.ParentRunner$2.evaluate(ParentRunner.java:268)
	at org.springframework.test.context.junit4.statements.RunBeforeTestClassCallbacks.evaluate(RunBeforeTestClassCallbacks.java:61)
	at org.springframework.test.context.junit4.statements.RunAfterTestClassCallbacks.evaluate(RunAfterTestClassCallbacks.java:70)
	at org.junit.runners.ParentRunner.run(ParentRunner.java:363)
	at org.springframework.test.context.junit4.SpringJUnit4ClassRunner.run(SpringJUnit4ClassRunner.java:190)
	at org.apache.maven.surefire.junit4.JUnit4Provider.execute(JUnit4Provider.java:252)
	at org.apache.maven.surefire.junit4.JUnit4Provider.executeTestSet(JUnit4Provider.java:141)
	at org.apache.maven.surefire.junit4.JUnit4Provider.invoke(JUnit4Provider.java:112)
	at sun.reflect.NativeMethodAccessorImpl.invoke0(Native Method)
	at sun.reflect.NativeMethodAccessorImpl.invoke(NativeMethodAccessorImpl.java:62)
	at sun.reflect.DelegatingMethodAccessorImpl.invoke(DelegatingMethodAccessorImpl.java:43)
	at java.lang.reflect.Method.invoke(Method.java:483)
	at org.apache.maven.surefire.util.ReflectionUtils.invokeMethodWithArray(ReflectionUtils.java:189)
	at org.apache.maven.surefire.booter.ProviderFactory$ProviderProxy.invoke(ProviderFactory.java:165)
	at org.apache.maven.surefire.booter.ProviderFactory.invokeProvider(ProviderFactory.java:85)
	at org.apache.maven.surefire.booter.ForkedBooter.runSuitesInProcess(ForkedBooter.java:115)
	at org.apache.maven.surefire.booter.ForkedBooter.main(ForkedBooter.java:75)
Caused by: org.springframework.beans.factory.UnsatisfiedDependencyException: Error creating bean with name 'emailServiceImpl' defined in file [C:\Users\tadzotsa\NetBeansProjects\egucepayment-web\target\classes\org\guce\epayment\core\services\EmailServiceImpl.class]: Unsatisfied dependency expressed through constructor parameter 0; nested exception is org.springframework.beans.factory.NoSuchBeanDefinitionException: No qualifying bean of type 'org.springframework.mail.javamail.JavaMailSender' available: expected at least 1 bean which qualifies as autowire candidate. Dependency annotations: {}
	at org.springframework.beans.factory.support.ConstructorResolver.createArgumentArray(ConstructorResolver.java:729)
	at org.springframework.beans.factory.support.ConstructorResolver.autowireConstructor(ConstructorResolver.java:192)
	at org.springframework.beans.factory.support.AbstractAutowireCapableBeanFactory.autowireConstructor(AbstractAutowireCapableBeanFactory.java:1270)
	at org.springframework.beans.factory.support.AbstractAutowireCapableBeanFactory.createBeanInstance(AbstractAutowireCapableBeanFactory.java:1127)
	at org.springframework.beans.factory.support.AbstractAutowireCapableBeanFactory.doCreateBean(AbstractAutowireCapableBeanFactory.java:545)
	at org.springframework.beans.factory.support.AbstractAutowireCapableBeanFactory.createBean(AbstractAutowireCapableBeanFactory.java:502)
	at org.springframework.beans.factory.support.AbstractBeanFactory.lambda$doGetBean$0(AbstractBeanFactory.java:312)
	at org.springframework.beans.factory.support.AbstractBeanFactory$$Lambda$71/867988177.getObject(Unknown Source)
	at org.springframework.beans.factory.support.DefaultSingletonBeanRegistry.getSingleton(DefaultSingletonBeanRegistry.java:228)
	at org.springframework.beans.factory.support.AbstractBeanFactory.doGetBean(AbstractBeanFactory.java:310)
	at org.springframework.beans.factory.support.AbstractBeanFactory.getBean(AbstractBeanFactory.java:200)
	at org.springframework.beans.factory.support.DefaultListableBeanFactory.preInstantiateSingletons(DefaultListableBeanFactory.java:758)
	at org.springframework.context.support.AbstractApplicationContext.finishBeanFactoryInitialization(AbstractApplicationContext.java:868)
	at org.springframework.context.support.AbstractApplicationContext.refresh(AbstractApplicationContext.java:549)
	at org.springframework.test.context.support.AbstractGenericContextLoader.loadContext(AbstractGenericContextLoader.java:128)
	at org.springframework.test.context.support.AbstractGenericContextLoader.loadContext(AbstractGenericContextLoader.java:60)
	at org.springframework.test.context.support.AbstractDelegatingSmartContextLoader.delegateLoading(AbstractDelegatingSmartContextLoader.java:109)
	at org.springframework.test.context.support.AbstractDelegatingSmartContextLoader.loadContext(AbstractDelegatingSmartContextLoader.java:246)
	at org.springframework.test.context.cache.DefaultCacheAwareContextLoaderDelegate.loadContextInternal(DefaultCacheAwareContextLoaderDelegate.java:99)
	at org.springframework.test.context.cache.DefaultCacheAwareContextLoaderDelegate.loadContext(DefaultCacheAwareContextLoaderDelegate.java:117)
	... 31 common frames omitted
Caused by: org.springframework.beans.factory.NoSuchBeanDefinitionException: No qualifying bean of type 'org.springframework.mail.javamail.JavaMailSender' available: expected at least 1 bean which qualifies as autowire candidate. Dependency annotations: {}
	at org.springframework.beans.factory.support.DefaultListableBeanFactory.raiseNoMatchingBeanFound(DefaultListableBeanFactory.java:1504)
	at org.springframework.beans.factory.support.DefaultListableBeanFactory.doResolveDependency(DefaultListableBeanFactory.java:1101)
	at org.springframework.beans.factory.support.DefaultListableBeanFactory.resolveDependency(DefaultListableBeanFactory.java:1062)
	at org.springframework.beans.factory.support.ConstructorResolver.resolveAutowiredArgument(ConstructorResolver.java:815)
	at org.springframework.beans.factory.support.ConstructorResolver.createArgumentArray(ConstructorResolver.java:721)
	... 50 common frames omitted
2018-05-18 19:51:37 [main] INFO  org.springframework.beans.factory.xml.XmlBeanDefinitionReader [XmlBeanDefinitionReader.java line: 316] - Loading XML bean definitions from class path resource [TestConfig.xml] 
 2018-05-18 19:51:38 [main] INFO  org.springframework.context.support.GenericApplicationContext [AbstractApplicationContext.java line: 589] - Refreshing org.springframework.context.support.GenericApplicationContext@64502326: startup date [Fri May 18 19:51:38 WAT 2018]; root of context hierarchy 
 2018-05-18 19:51:38 [main] INFO  org.springframework.jdbc.datasource.DriverManagerDataSource [DriverManagerDataSource.java line: 133] - Loaded JDBC driver: org.hsqldb.jdbcDriver 
 2018-05-18 19:51:38 [main] INFO  org.springframework.orm.jpa.LocalContainerEntityManagerFactoryBean [LocalContainerEntityManagerFactoryBean.java line: 361] - Building JPA container EntityManagerFactory for persistence unit 'jpaData' 
 2018-05-18 19:51:40 [main] INFO  org.springframework.orm.jpa.LocalContainerEntityManagerFactoryBean [AbstractEntityManagerFactoryBean.java line: 393] - Initialized JPA EntityManagerFactory for persistence unit 'jpaData' 
 2018-05-18 19:51:41 [main] WARN  org.springframework.context.support.GenericApplicationContext [AbstractApplicationContext.java line: 557] - Exception encountered during context initialization - cancelling refresh attempt: org.springframework.beans.factory.UnsatisfiedDependencyException: Error creating bean with name 'emailServiceImpl' defined in file [C:\Users\tadzotsa\NetBeansProjects\egucepayment-web\target\classes\org\guce\epayment\core\services\EmailServiceImpl.class]: Unsatisfied dependency expressed through constructor parameter 0; nested exception is org.springframework.beans.factory.NoSuchBeanDefinitionException: No qualifying bean of type 'org.springframework.mail.javamail.JavaMailSender' available: expected at least 1 bean which qualifies as autowire candidate. Dependency annotations: {} 
 2018-05-18 19:51:41 [main] INFO  org.springframework.orm.jpa.LocalContainerEntityManagerFactoryBean [AbstractEntityManagerFactoryBean.java line: 571] - Closing JPA EntityManagerFactory for persistence unit 'jpaData' 
 2018-05-18 19:51:41 [main] ERROR org.springframework.test.context.TestContextManager [TestContextManager.java line: 246] - Caught exception while allowing TestExecutionListener [org.springframework.test.context.support.DependencyInjectionTestExecutionListener@60611244] to prepare test instance [org.guce.epayment.security.services.AuthenticationServiceImplTest@2fbd390] 
 java.lang.IllegalStateException: Failed to load ApplicationContext
	at org.springframework.test.context.cache.DefaultCacheAwareContextLoaderDelegate.loadContext(DefaultCacheAwareContextLoaderDelegate.java:125)
	at org.springframework.test.context.support.DefaultTestContext.getApplicationContext(DefaultTestContext.java:107)
	at org.springframework.test.context.support.DependencyInjectionTestExecutionListener.injectDependencies(DependencyInjectionTestExecutionListener.java:117)
	at org.springframework.test.context.support.DependencyInjectionTestExecutionListener.prepareTestInstance(DependencyInjectionTestExecutionListener.java:83)
	at org.springframework.test.context.TestContextManager.prepareTestInstance(TestContextManager.java:242)
	at org.springframework.test.context.junit4.SpringJUnit4ClassRunner.createTest(SpringJUnit4ClassRunner.java:227)
	at org.springframework.test.context.junit4.SpringJUnit4ClassRunner$1.runReflectiveCall(SpringJUnit4ClassRunner.java:289)
	at org.junit.internal.runners.model.ReflectiveCallable.run(ReflectiveCallable.java:12)
	at org.springframework.test.context.junit4.SpringJUnit4ClassRunner.methodBlock(SpringJUnit4ClassRunner.java:291)
	at org.springframework.test.context.junit4.SpringJUnit4ClassRunner.runChild(SpringJUnit4ClassRunner.java:246)
	at org.springframework.test.context.junit4.SpringJUnit4ClassRunner.runChild(SpringJUnit4ClassRunner.java:97)
	at org.junit.runners.ParentRunner$3.run(ParentRunner.java:290)
	at org.junit.runners.ParentRunner$1.schedule(ParentRunner.java:71)
	at org.junit.runners.ParentRunner.runChildren(ParentRunner.java:288)
	at org.junit.runners.ParentRunner.access$000(ParentRunner.java:58)
	at org.junit.runners.ParentRunner$2.evaluate(ParentRunner.java:268)
	at org.springframework.test.context.junit4.statements.RunBeforeTestClassCallbacks.evaluate(RunBeforeTestClassCallbacks.java:61)
	at org.springframework.test.context.junit4.statements.RunAfterTestClassCallbacks.evaluate(RunAfterTestClassCallbacks.java:70)
	at org.junit.runners.ParentRunner.run(ParentRunner.java:363)
	at org.springframework.test.context.junit4.SpringJUnit4ClassRunner.run(SpringJUnit4ClassRunner.java:190)
	at org.apache.maven.surefire.junit4.JUnit4Provider.execute(JUnit4Provider.java:252)
	at org.apache.maven.surefire.junit4.JUnit4Provider.executeTestSet(JUnit4Provider.java:141)
	at org.apache.maven.surefire.junit4.JUnit4Provider.invoke(JUnit4Provider.java:112)
	at sun.reflect.NativeMethodAccessorImpl.invoke0(Native Method)
	at sun.reflect.NativeMethodAccessorImpl.invoke(NativeMethodAccessorImpl.java:62)
	at sun.reflect.DelegatingMethodAccessorImpl.invoke(DelegatingMethodAccessorImpl.java:43)
	at java.lang.reflect.Method.invoke(Method.java:483)
	at org.apache.maven.surefire.util.ReflectionUtils.invokeMethodWithArray(ReflectionUtils.java:189)
	at org.apache.maven.surefire.booter.ProviderFactory$ProviderProxy.invoke(ProviderFactory.java:165)
	at org.apache.maven.surefire.booter.ProviderFactory.invokeProvider(ProviderFactory.java:85)
	at org.apache.maven.surefire.booter.ForkedBooter.runSuitesInProcess(ForkedBooter.java:115)
	at org.apache.maven.surefire.booter.ForkedBooter.main(ForkedBooter.java:75)
Caused by: org.springframework.beans.factory.UnsatisfiedDependencyException: Error creating bean with name 'emailServiceImpl' defined in file [C:\Users\tadzotsa\NetBeansProjects\egucepayment-web\target\classes\org\guce\epayment\core\services\EmailServiceImpl.class]: Unsatisfied dependency expressed through constructor parameter 0; nested exception is org.springframework.beans.factory.NoSuchBeanDefinitionException: No qualifying bean of type 'org.springframework.mail.javamail.JavaMailSender' available: expected at least 1 bean which qualifies as autowire candidate. Dependency annotations: {}
	at org.springframework.beans.factory.support.ConstructorResolver.createArgumentArray(ConstructorResolver.java:729)
	at org.springframework.beans.factory.support.ConstructorResolver.autowireConstructor(ConstructorResolver.java:192)
	at org.springframework.beans.factory.support.AbstractAutowireCapableBeanFactory.autowireConstructor(AbstractAutowireCapableBeanFactory.java:1270)
	at org.springframework.beans.factory.support.AbstractAutowireCapableBeanFactory.createBeanInstance(AbstractAutowireCapableBeanFactory.java:1127)
	at org.springframework.beans.factory.support.AbstractAutowireCapableBeanFactory.doCreateBean(AbstractAutowireCapableBeanFactory.java:545)
	at org.springframework.beans.factory.support.AbstractAutowireCapableBeanFactory.createBean(AbstractAutowireCapableBeanFactory.java:502)
	at org.springframework.beans.factory.support.AbstractBeanFactory.lambda$doGetBean$0(AbstractBeanFactory.java:312)
	at org.springframework.beans.factory.support.AbstractBeanFactory$$Lambda$71/867988177.getObject(Unknown Source)
	at org.springframework.beans.factory.support.DefaultSingletonBeanRegistry.getSingleton(DefaultSingletonBeanRegistry.java:228)
	at org.springframework.beans.factory.support.AbstractBeanFactory.doGetBean(AbstractBeanFactory.java:310)
	at org.springframework.beans.factory.support.AbstractBeanFactory.getBean(AbstractBeanFactory.java:200)
	at org.springframework.beans.factory.support.DefaultListableBeanFactory.preInstantiateSingletons(DefaultListableBeanFactory.java:758)
	at org.springframework.context.support.AbstractApplicationContext.finishBeanFactoryInitialization(AbstractApplicationContext.java:868)
	at org.springframework.context.support.AbstractApplicationContext.refresh(AbstractApplicationContext.java:549)
	at org.springframework.test.context.support.AbstractGenericContextLoader.loadContext(AbstractGenericContextLoader.java:128)
	at org.springframework.test.context.support.AbstractGenericContextLoader.loadContext(AbstractGenericContextLoader.java:60)
	at org.springframework.test.context.support.AbstractDelegatingSmartContextLoader.delegateLoading(AbstractDelegatingSmartContextLoader.java:109)
	at org.springframework.test.context.support.AbstractDelegatingSmartContextLoader.loadContext(AbstractDelegatingSmartContextLoader.java:246)
	at org.springframework.test.context.cache.DefaultCacheAwareContextLoaderDelegate.loadContextInternal(DefaultCacheAwareContextLoaderDelegate.java:99)
	at org.springframework.test.context.cache.DefaultCacheAwareContextLoaderDelegate.loadContext(DefaultCacheAwareContextLoaderDelegate.java:117)
	... 31 common frames omitted
Caused by: org.springframework.beans.factory.NoSuchBeanDefinitionException: No qualifying bean of type 'org.springframework.mail.javamail.JavaMailSender' available: expected at least 1 bean which qualifies as autowire candidate. Dependency annotations: {}
	at org.springframework.beans.factory.support.DefaultListableBeanFactory.raiseNoMatchingBeanFound(DefaultListableBeanFactory.java:1504)
	at org.springframework.beans.factory.support.DefaultListableBeanFactory.doResolveDependency(DefaultListableBeanFactory.java:1101)
	at org.springframework.beans.factory.support.DefaultListableBeanFactory.resolveDependency(DefaultListableBeanFactory.java:1062)
	at org.springframework.beans.factory.support.ConstructorResolver.resolveAutowiredArgument(ConstructorResolver.java:815)
	at org.springframework.beans.factory.support.ConstructorResolver.createArgumentArray(ConstructorResolver.java:721)
	... 50 common frames omitted
2018-05-18 19:56:15 [main] INFO  org.springframework.test.context.support.DefaultTestContextBootstrapper [AbstractTestContextBootstrapper.java line: 257] - Loaded default TestExecutionListener class names from location [META-INF/spring.factories]: [org.springframework.test.context.web.ServletTestExecutionListener, org.springframework.test.context.support.DirtiesContextBeforeModesTestExecutionListener, org.springframework.test.context.support.DependencyInjectionTestExecutionListener, org.springframework.test.context.support.DirtiesContextTestExecutionListener, org.springframework.test.context.transaction.TransactionalTestExecutionListener, org.springframework.test.context.jdbc.SqlScriptsTestExecutionListener] 
 2018-05-18 19:56:15 [main] INFO  org.springframework.test.context.support.DefaultTestContextBootstrapper [AbstractTestContextBootstrapper.java line: 184] - Using TestExecutionListeners: [org.springframework.test.context.web.ServletTestExecutionListener@1f1c7bf6, org.springframework.test.context.support.DirtiesContextBeforeModesTestExecutionListener@25b485ba, org.springframework.test.context.support.DependencyInjectionTestExecutionListener@2b546384, org.springframework.test.context.support.DirtiesContextTestExecutionListener@5d740a0f, org.springframework.test.context.transaction.TransactionalTestExecutionListener@214b199c, org.springframework.test.context.jdbc.SqlScriptsTestExecutionListener@20d3d15a] 
 2018-05-18 19:56:16 [main] INFO  org.springframework.test.context.support.DefaultTestContextBootstrapper [AbstractTestContextBootstrapper.java line: 257] - Loaded default TestExecutionListener class names from location [META-INF/spring.factories]: [org.springframework.test.context.web.ServletTestExecutionListener, org.springframework.test.context.support.DirtiesContextBeforeModesTestExecutionListener, org.springframework.test.context.support.DependencyInjectionTestExecutionListener, org.springframework.test.context.support.DirtiesContextTestExecutionListener, org.springframework.test.context.transaction.TransactionalTestExecutionListener, org.springframework.test.context.jdbc.SqlScriptsTestExecutionListener] 
 2018-05-18 19:56:16 [main] INFO  org.springframework.test.context.support.DefaultTestContextBootstrapper [AbstractTestContextBootstrapper.java line: 184] - Using TestExecutionListeners: [org.springframework.test.context.web.ServletTestExecutionListener@17c1bced, org.springframework.test.context.support.DirtiesContextBeforeModesTestExecutionListener@2d9d4f9d, org.springframework.test.context.support.DependencyInjectionTestExecutionListener@4034c28c, org.springframework.test.context.support.DirtiesContextTestExecutionListener@e50a6f6, org.springframework.test.context.transaction.TransactionalTestExecutionListener@14ec4505, org.springframework.test.context.jdbc.SqlScriptsTestExecutionListener@53ca01a2] 
 2018-05-18 19:56:16 [main] INFO  org.springframework.test.context.support.DefaultTestContextBootstrapper [AbstractTestContextBootstrapper.java line: 257] - Loaded default TestExecutionListener class names from location [META-INF/spring.factories]: [org.springframework.test.context.web.ServletTestExecutionListener, org.springframework.test.context.support.DirtiesContextBeforeModesTestExecutionListener, org.springframework.test.context.support.DependencyInjectionTestExecutionListener, org.springframework.test.context.support.DirtiesContextTestExecutionListener, org.springframework.test.context.transaction.TransactionalTestExecutionListener, org.springframework.test.context.jdbc.SqlScriptsTestExecutionListener] 
 2018-05-18 19:56:16 [main] INFO  org.springframework.test.context.support.DefaultTestContextBootstrapper [AbstractTestContextBootstrapper.java line: 184] - Using TestExecutionListeners: [org.springframework.test.context.web.ServletTestExecutionListener@3b2cf7ab, org.springframework.test.context.support.DirtiesContextBeforeModesTestExecutionListener@2aa5fe93, org.springframework.test.context.support.DependencyInjectionTestExecutionListener@5c1a8622, org.springframework.test.context.support.DirtiesContextTestExecutionListener@5ad851c9, org.springframework.test.context.transaction.TransactionalTestExecutionListener@6156496, org.springframework.test.context.jdbc.SqlScriptsTestExecutionListener@3c153a1] 
 2018-05-18 19:56:16 [main] INFO  org.springframework.test.context.support.DefaultTestContextBootstrapper [AbstractTestContextBootstrapper.java line: 257] - Loaded default TestExecutionListener class names from location [META-INF/spring.factories]: [org.springframework.test.context.web.ServletTestExecutionListener, org.springframework.test.context.support.DirtiesContextBeforeModesTestExecutionListener, org.springframework.test.context.support.DependencyInjectionTestExecutionListener, org.springframework.test.context.support.DirtiesContextTestExecutionListener, org.springframework.test.context.transaction.TransactionalTestExecutionListener, org.springframework.test.context.jdbc.SqlScriptsTestExecutionListener] 
 2018-05-18 19:56:16 [main] INFO  org.springframework.test.context.support.DefaultTestContextBootstrapper [AbstractTestContextBootstrapper.java line: 184] - Using TestExecutionListeners: [org.springframework.test.context.web.ServletTestExecutionListener@327b636c, org.springframework.test.context.support.DirtiesContextBeforeModesTestExecutionListener@45dd4eda, org.springframework.test.context.support.DependencyInjectionTestExecutionListener@60611244, org.springframework.test.context.support.DirtiesContextTestExecutionListener@3745e5c6, org.springframework.test.context.transaction.TransactionalTestExecutionListener@5e4c8041, org.springframework.test.context.jdbc.SqlScriptsTestExecutionListener@71c8becc] 
 2018-05-18 19:56:16 [main] INFO  org.springframework.beans.factory.xml.XmlBeanDefinitionReader [XmlBeanDefinitionReader.java line: 316] - Loading XML bean definitions from class path resource [TestConfig.xml] 
 2018-05-18 19:56:17 [main] INFO  org.springframework.context.support.GenericApplicationContext [AbstractApplicationContext.java line: 589] - Refreshing org.springframework.context.support.GenericApplicationContext@3d121db3: startup date [Fri May 18 19:56:17 WAT 2018]; root of context hierarchy 
 2018-05-18 19:56:18 [main] INFO  org.springframework.beans.factory.support.DefaultListableBeanFactory [DefaultListableBeanFactory.java line: 822] - Overriding bean definition for bean 'org.springframework.transaction.config.internalTransactionAdvisor' with a different definition: replacing [Root bean: class [org.springframework.transaction.interceptor.BeanFactoryTransactionAttributeSourceAdvisor]; scope=; abstract=false; lazyInit=false; autowireMode=0; dependencyCheck=0; autowireCandidate=true; primary=false; factoryBeanName=null; factoryMethodName=null; initMethodName=null; destroyMethodName=null] with [Root bean: class [null]; scope=; abstract=false; lazyInit=false; autowireMode=3; dependencyCheck=0; autowireCandidate=true; primary=false; factoryBeanName=org.springframework.transaction.annotation.ProxyTransactionManagementConfiguration; factoryMethodName=transactionAdvisor; initMethodName=null; destroyMethodName=(inferred); defined in class path resource [org/springframework/transaction/annotation/ProxyTransactionManagementConfiguration.class]] 
 2018-05-18 19:56:18 [main] INFO  org.springframework.context.annotation.ConfigurationClassBeanDefinitionReader [ConfigurationClassBeanDefinitionReader.java line: 306] - Skipping bean definition for [BeanMethod:name=transactionalEventListenerFactory,declaringClass=org.springframework.transaction.annotation.AbstractTransactionManagementConfiguration]: a definition for bean 'org.springframework.transaction.config.internalTransactionalEventListenerFactory' already exists. This top-level bean definition is considered as an override. 
 2018-05-18 19:56:18 [main] INFO  org.springframework.context.annotation.ConfigurationClassBeanDefinitionReader [ConfigurationClassBeanDefinitionReader.java line: 306] - Skipping bean definition for [BeanMethod:name=dataSource,declaringClass=org.guce.epayment.core.dao.config.DataBaseConfig]: a definition for bean 'dataSource' already exists. This top-level bean definition is considered as an override. 
 2018-05-18 19:56:18 [main] INFO  org.springframework.context.annotation.ConfigurationClassBeanDefinitionReader [ConfigurationClassBeanDefinitionReader.java line: 306] - Skipping bean definition for [BeanMethod:name=entityManagerFactory,declaringClass=org.guce.epayment.core.dao.config.DataBaseConfig]: a definition for bean 'entityManagerFactory' already exists. This top-level bean definition is considered as an override. 
 2018-05-18 19:56:18 [main] INFO  org.springframework.context.annotation.ConfigurationClassBeanDefinitionReader [ConfigurationClassBeanDefinitionReader.java line: 306] - Skipping bean definition for [BeanMethod:name=transactionManager,declaringClass=org.guce.epayment.core.dao.config.DataBaseConfig]: a definition for bean 'transactionManager' already exists. This top-level bean definition is considered as an override. 
 2018-05-18 19:56:18 [main] INFO  org.springframework.beans.factory.support.DefaultListableBeanFactory [DefaultListableBeanFactory.java line: 822] - Overriding bean definition for bean 'partnerTypeRepository' with a different definition: replacing [Root bean: class [org.springframework.data.jpa.repository.support.JpaRepositoryFactoryBean]; scope=; abstract=false; lazyInit=false; autowireMode=0; dependencyCheck=0; autowireCandidate=true; primary=false; factoryBeanName=null; factoryMethodName=null; initMethodName=null; destroyMethodName=null] with [Root bean: class [org.springframework.data.jpa.repository.support.JpaRepositoryFactoryBean]; scope=; abstract=false; lazyInit=false; autowireMode=0; dependencyCheck=0; autowireCandidate=true; primary=false; factoryBeanName=null; factoryMethodName=null; initMethodName=null; destroyMethodName=null] 
 2018-05-18 19:56:18 [main] INFO  org.springframework.beans.factory.support.DefaultListableBeanFactory [DefaultListableBeanFactory.java line: 822] - Overriding bean definition for bean 'paymentInvoiceVersionRepository' with a different definition: replacing [Root bean: class [org.springframework.data.jpa.repository.support.JpaRepositoryFactoryBean]; scope=; abstract=false; lazyInit=false; autowireMode=0; dependencyCheck=0; autowireCandidate=true; primary=false; factoryBeanName=null; factoryMethodName=null; initMethodName=null; destroyMethodName=null] with [Root bean: class [org.springframework.data.jpa.repository.support.JpaRepositoryFactoryBean]; scope=; abstract=false; lazyInit=false; autowireMode=0; dependencyCheck=0; autowireCandidate=true; primary=false; factoryBeanName=null; factoryMethodName=null; initMethodName=null; destroyMethodName=null] 
 2018-05-18 19:56:18 [main] INFO  org.springframework.beans.factory.support.DefaultListableBeanFactory [DefaultListableBeanFactory.java line: 822] - Overriding bean definition for bean 'stepRepository' with a different definition: replacing [Root bean: class [org.springframework.data.jpa.repository.support.JpaRepositoryFactoryBean]; scope=; abstract=false; lazyInit=false; autowireMode=0; dependencyCheck=0; autowireCandidate=true; primary=false; factoryBeanName=null; factoryMethodName=null; initMethodName=null; destroyMethodName=null] with [Root bean: class [org.springframework.data.jpa.repository.support.JpaRepositoryFactoryBean]; scope=; abstract=false; lazyInit=false; autowireMode=0; dependencyCheck=0; autowireCandidate=true; primary=false; factoryBeanName=null; factoryMethodName=null; initMethodName=null; destroyMethodName=null] 
 2018-05-18 19:56:18 [main] INFO  org.springframework.beans.factory.support.DefaultListableBeanFactory [DefaultListableBeanFactory.java line: 822] - Overriding bean definition for bean 'roleRepository' with a different definition: replacing [Root bean: class [org.springframework.data.jpa.repository.support.JpaRepositoryFactoryBean]; scope=; abstract=false; lazyInit=false; autowireMode=0; dependencyCheck=0; autowireCandidate=true; primary=false; factoryBeanName=null; factoryMethodName=null; initMethodName=null; destroyMethodName=null] with [Root bean: class [org.springframework.data.jpa.repository.support.JpaRepositoryFactoryBean]; scope=; abstract=false; lazyInit=false; autowireMode=0; dependencyCheck=0; autowireCandidate=true; primary=false; factoryBeanName=null; factoryMethodName=null; initMethodName=null; destroyMethodName=null] 
 2018-05-18 19:56:18 [main] INFO  org.springframework.beans.factory.support.DefaultListableBeanFactory [DefaultListableBeanFactory.java line: 822] - Overriding bean definition for bean 'paramsRepository' with a different definition: replacing [Root bean: class [org.springframework.data.jpa.repository.support.JpaRepositoryFactoryBean]; scope=; abstract=false; lazyInit=false; autowireMode=0; dependencyCheck=0; autowireCandidate=true; primary=false; factoryBeanName=null; factoryMethodName=null; initMethodName=null; destroyMethodName=null] with [Root bean: class [org.springframework.data.jpa.repository.support.JpaRepositoryFactoryBean]; scope=; abstract=false; lazyInit=false; autowireMode=0; dependencyCheck=0; autowireCandidate=true; primary=false; factoryBeanName=null; factoryMethodName=null; initMethodName=null; destroyMethodName=null] 
 2018-05-18 19:56:18 [main] INFO  org.springframework.beans.factory.support.DefaultListableBeanFactory [DefaultListableBeanFactory.java line: 822] - Overriding bean definition for bean 'credentialsRepository' with a different definition: replacing [Root bean: class [org.springframework.data.jpa.repository.support.JpaRepositoryFactoryBean]; scope=; abstract=false; lazyInit=false; autowireMode=0; dependencyCheck=0; autowireCandidate=true; primary=false; factoryBeanName=null; factoryMethodName=null; initMethodName=null; destroyMethodName=null] with [Root bean: class [org.springframework.data.jpa.repository.support.JpaRepositoryFactoryBean]; scope=; abstract=false; lazyInit=false; autowireMode=0; dependencyCheck=0; autowireCandidate=true; primary=false; factoryBeanName=null; factoryMethodName=null; initMethodName=null; destroyMethodName=null] 
 2018-05-18 19:56:18 [main] INFO  org.springframework.beans.factory.support.DefaultListableBeanFactory [DefaultListableBeanFactory.java line: 822] - Overriding bean definition for bean 'paymentRepository' with a different definition: replacing [Root bean: class [org.springframework.data.jpa.repository.support.JpaRepositoryFactoryBean]; scope=; abstract=false; lazyInit=false; autowireMode=0; dependencyCheck=0; autowireCandidate=true; primary=false; factoryBeanName=null; factoryMethodName=null; initMethodName=null; destroyMethodName=null] with [Root bean: class [org.springframework.data.jpa.repository.support.JpaRepositoryFactoryBean]; scope=; abstract=false; lazyInit=false; autowireMode=0; dependencyCheck=0; autowireCandidate=true; primary=false; factoryBeanName=null; factoryMethodName=null; initMethodName=null; destroyMethodName=null] 
 2018-05-18 19:56:18 [main] INFO  org.springframework.beans.factory.support.DefaultListableBeanFactory [DefaultListableBeanFactory.java line: 822] - Overriding bean definition for bean 'signatureRepository' with a different definition: replacing [Root bean: class [org.springframework.data.jpa.repository.support.JpaRepositoryFactoryBean]; scope=; abstract=false; lazyInit=false; autowireMode=0; dependencyCheck=0; autowireCandidate=true; primary=false; factoryBeanName=null; factoryMethodName=null; initMethodName=null; destroyMethodName=null] with [Root bean: class [org.springframework.data.jpa.repository.support.JpaRepositoryFactoryBean]; scope=; abstract=false; lazyInit=false; autowireMode=0; dependencyCheck=0; autowireCandidate=true; primary=false; factoryBeanName=null; factoryMethodName=null; initMethodName=null; destroyMethodName=null] 
 2018-05-18 19:56:18 [main] INFO  org.springframework.beans.factory.support.DefaultListableBeanFactory [DefaultListableBeanFactory.java line: 822] - Overriding bean definition for bean 'userStepRepository' with a different definition: replacing [Root bean: class [org.springframework.data.jpa.repository.support.JpaRepositoryFactoryBean]; scope=; abstract=false; lazyInit=false; autowireMode=0; dependencyCheck=0; autowireCandidate=true; primary=false; factoryBeanName=null; factoryMethodName=null; initMethodName=null; destroyMethodName=null] with [Root bean: class [org.springframework.data.jpa.repository.support.JpaRepositoryFactoryBean]; scope=; abstract=false; lazyInit=false; autowireMode=0; dependencyCheck=0; autowireCandidate=true; primary=false; factoryBeanName=null; factoryMethodName=null; initMethodName=null; destroyMethodName=null] 
 2018-05-18 19:56:18 [main] INFO  org.springframework.beans.factory.support.DefaultListableBeanFactory [DefaultListableBeanFactory.java line: 822] - Overriding bean definition for bean 'userRepository' with a different definition: replacing [Root bean: class [org.springframework.data.jpa.repository.support.JpaRepositoryFactoryBean]; scope=; abstract=false; lazyInit=false; autowireMode=0; dependencyCheck=0; autowireCandidate=true; primary=false; factoryBeanName=null; factoryMethodName=null; initMethodName=null; destroyMethodName=null] with [Root bean: class [org.springframework.data.jpa.repository.support.JpaRepositoryFactoryBean]; scope=; abstract=false; lazyInit=false; autowireMode=0; dependencyCheck=0; autowireCandidate=true; primary=false; factoryBeanName=null; factoryMethodName=null; initMethodName=null; destroyMethodName=null] 
 2018-05-18 19:56:18 [main] INFO  org.springframework.beans.factory.support.DefaultListableBeanFactory [DefaultListableBeanFactory.java line: 822] - Overriding bean definition for bean 'partnerRepository' with a different definition: replacing [Root bean: class [org.springframework.data.jpa.repository.support.JpaRepositoryFactoryBean]; scope=; abstract=false; lazyInit=false; autowireMode=0; dependencyCheck=0; autowireCandidate=true; primary=false; factoryBeanName=null; factoryMethodName=null; initMethodName=null; destroyMethodName=null] with [Root bean: class [org.springframework.data.jpa.repository.support.JpaRepositoryFactoryBean]; scope=; abstract=false; lazyInit=false; autowireMode=0; dependencyCheck=0; autowireCandidate=true; primary=false; factoryBeanName=null; factoryMethodName=null; initMethodName=null; destroyMethodName=null] 
 2018-05-18 19:56:18 [main] INFO  org.springframework.beans.factory.support.DefaultListableBeanFactory [DefaultListableBeanFactory.java line: 822] - Overriding bean definition for bean 'bankAccountRepository' with a different definition: replacing [Root bean: class [org.springframework.data.jpa.repository.support.JpaRepositoryFactoryBean]; scope=; abstract=false; lazyInit=false; autowireMode=0; dependencyCheck=0; autowireCandidate=true; primary=false; factoryBeanName=null; factoryMethodName=null; initMethodName=null; destroyMethodName=null] with [Root bean: class [org.springframework.data.jpa.repository.support.JpaRepositoryFactoryBean]; scope=; abstract=false; lazyInit=false; autowireMode=0; dependencyCheck=0; autowireCandidate=true; primary=false; factoryBeanName=null; factoryMethodName=null; initMethodName=null; destroyMethodName=null] 
 2018-05-18 19:56:18 [main] INFO  org.springframework.beans.factory.support.DefaultListableBeanFactory [DefaultListableBeanFactory.java line: 822] - Overriding bean definition for bean 'sittingDateRepository' with a different definition: replacing [Root bean: class [org.springframework.data.jpa.repository.support.JpaRepositoryFactoryBean]; scope=; abstract=false; lazyInit=false; autowireMode=0; dependencyCheck=0; autowireCandidate=true; primary=false; factoryBeanName=null; factoryMethodName=null; initMethodName=null; destroyMethodName=null] with [Root bean: class [org.springframework.data.jpa.repository.support.JpaRepositoryFactoryBean]; scope=; abstract=false; lazyInit=false; autowireMode=0; dependencyCheck=0; autowireCandidate=true; primary=false; factoryBeanName=null; factoryMethodName=null; initMethodName=null; destroyMethodName=null] 
 2018-05-18 19:56:18 [main] INFO  org.springframework.beans.factory.support.DefaultListableBeanFactory [DefaultListableBeanFactory.java line: 822] - Overriding bean definition for bean 'repReceiptRepository' with a different definition: replacing [Root bean: class [org.springframework.data.jpa.repository.support.JpaRepositoryFactoryBean]; scope=; abstract=false; lazyInit=false; autowireMode=0; dependencyCheck=0; autowireCandidate=true; primary=false; factoryBeanName=null; factoryMethodName=null; initMethodName=null; destroyMethodName=null] with [Root bean: class [org.springframework.data.jpa.repository.support.JpaRepositoryFactoryBean]; scope=; abstract=false; lazyInit=false; autowireMode=0; dependencyCheck=0; autowireCandidate=true; primary=false; factoryBeanName=null; factoryMethodName=null; initMethodName=null; destroyMethodName=null] 
 2018-05-18 19:56:18 [main] INFO  org.springframework.beans.factory.support.DefaultListableBeanFactory [DefaultListableBeanFactory.java line: 822] - Overriding bean definition for bean 'campostAccountRepository' with a different definition: replacing [Root bean: class [org.springframework.data.jpa.repository.support.JpaRepositoryFactoryBean]; scope=; abstract=false; lazyInit=false; autowireMode=0; dependencyCheck=0; autowireCandidate=true; primary=false; factoryBeanName=null; factoryMethodName=null; initMethodName=null; destroyMethodName=null] with [Root bean: class [org.springframework.data.jpa.repository.support.JpaRepositoryFactoryBean]; scope=; abstract=false; lazyInit=false; autowireMode=0; dependencyCheck=0; autowireCandidate=true; primary=false; factoryBeanName=null; factoryMethodName=null; initMethodName=null; destroyMethodName=null] 
 2018-05-18 19:56:18 [main] INFO  org.springframework.beans.factory.support.DefaultListableBeanFactory [DefaultListableBeanFactory.java line: 822] - Overriding bean definition for bean 'assetRepository' with a different definition: replacing [Root bean: class [org.springframework.data.jpa.repository.support.JpaRepositoryFactoryBean]; scope=; abstract=false; lazyInit=false; autowireMode=0; dependencyCheck=0; autowireCandidate=true; primary=false; factoryBeanName=null; factoryMethodName=null; initMethodName=null; destroyMethodName=null] with [Root bean: class [org.springframework.data.jpa.repository.support.JpaRepositoryFactoryBean]; scope=; abstract=false; lazyInit=false; autowireMode=0; dependencyCheck=0; autowireCandidate=true; primary=false; factoryBeanName=null; factoryMethodName=null; initMethodName=null; destroyMethodName=null] 
 2018-05-18 19:56:18 [main] INFO  org.springframework.beans.factory.support.DefaultListableBeanFactory [DefaultListableBeanFactory.java line: 822] - Overriding bean definition for bean 'invoiceRepository' with a different definition: replacing [Root bean: class [org.springframework.data.jpa.repository.support.JpaRepositoryFactoryBean]; scope=; abstract=false; lazyInit=false; autowireMode=0; dependencyCheck=0; autowireCandidate=true; primary=false; factoryBeanName=null; factoryMethodName=null; initMethodName=null; destroyMethodName=null] with [Root bean: class [org.springframework.data.jpa.repository.support.JpaRepositoryFactoryBean]; scope=; abstract=false; lazyInit=false; autowireMode=0; dependencyCheck=0; autowireCandidate=true; primary=false; factoryBeanName=null; factoryMethodName=null; initMethodName=null; destroyMethodName=null] 
 2018-05-18 19:56:18 [main] INFO  org.springframework.beans.factory.support.DefaultListableBeanFactory [DefaultListableBeanFactory.java line: 822] - Overriding bean definition for bean 'assetTypeRepository' with a different definition: replacing [Root bean: class [org.springframework.data.jpa.repository.support.JpaRepositoryFactoryBean]; scope=; abstract=false; lazyInit=false; autowireMode=0; dependencyCheck=0; autowireCandidate=true; primary=false; factoryBeanName=null; factoryMethodName=null; initMethodName=null; destroyMethodName=null] with [Root bean: class [org.springframework.data.jpa.repository.support.JpaRepositoryFactoryBean]; scope=; abstract=false; lazyInit=false; autowireMode=0; dependencyCheck=0; autowireCandidate=true; primary=false; factoryBeanName=null; factoryMethodName=null; initMethodName=null; destroyMethodName=null] 
 2018-05-18 19:56:18 [main] INFO  org.springframework.beans.factory.support.DefaultListableBeanFactory [DefaultListableBeanFactory.java line: 822] - Overriding bean definition for bean 'repPartnerGroupRepository' with a different definition: replacing [Root bean: class [org.springframework.data.jpa.repository.support.JpaRepositoryFactoryBean]; scope=; abstract=false; lazyInit=false; autowireMode=0; dependencyCheck=0; autowireCandidate=true; primary=false; factoryBeanName=null; factoryMethodName=null; initMethodName=null; destroyMethodName=null] with [Root bean: class [org.springframework.data.jpa.repository.support.JpaRepositoryFactoryBean]; scope=; abstract=false; lazyInit=false; autowireMode=0; dependencyCheck=0; autowireCandidate=true; primary=false; factoryBeanName=null; factoryMethodName=null; initMethodName=null; destroyMethodName=null] 
 2018-05-18 19:56:18 [main] INFO  org.springframework.beans.factory.support.DefaultListableBeanFactory [DefaultListableBeanFactory.java line: 822] - Overriding bean definition for bean 'invoiceTypeRepository' with a different definition: replacing [Root bean: class [org.springframework.data.jpa.repository.support.JpaRepositoryFactoryBean]; scope=; abstract=false; lazyInit=false; autowireMode=0; dependencyCheck=0; autowireCandidate=true; primary=false; factoryBeanName=null; factoryMethodName=null; initMethodName=null; destroyMethodName=null] with [Root bean: class [org.springframework.data.jpa.repository.support.JpaRepositoryFactoryBean]; scope=; abstract=false; lazyInit=false; autowireMode=0; dependencyCheck=0; autowireCandidate=true; primary=false; factoryBeanName=null; factoryMethodName=null; initMethodName=null; destroyMethodName=null] 
 2018-05-18 19:56:18 [main] INFO  org.springframework.beans.factory.support.DefaultListableBeanFactory [DefaultListableBeanFactory.java line: 822] - Overriding bean definition for bean 'paymentModeRepository' with a different definition: replacing [Root bean: class [org.springframework.data.jpa.repository.support.JpaRepositoryFactoryBean]; scope=; abstract=false; lazyInit=false; autowireMode=0; dependencyCheck=0; autowireCandidate=true; primary=false; factoryBeanName=null; factoryMethodName=null; initMethodName=null; destroyMethodName=null] with [Root bean: class [org.springframework.data.jpa.repository.support.JpaRepositoryFactoryBean]; scope=; abstract=false; lazyInit=false; autowireMode=0; dependencyCheck=0; autowireCandidate=true; primary=false; factoryBeanName=null; factoryMethodName=null; initMethodName=null; destroyMethodName=null] 
 2018-05-18 19:56:18 [main] INFO  org.springframework.beans.factory.support.DefaultListableBeanFactory [DefaultListableBeanFactory.java line: 822] - Overriding bean definition for bean 'invoiceTypeBeneficiaryRepository' with a different definition: replacing [Root bean: class [org.springframework.data.jpa.repository.support.JpaRepositoryFactoryBean]; scope=; abstract=false; lazyInit=false; autowireMode=0; dependencyCheck=0; autowireCandidate=true; primary=false; factoryBeanName=null; factoryMethodName=null; initMethodName=null; destroyMethodName=null] with [Root bean: class [org.springframework.data.jpa.repository.support.JpaRepositoryFactoryBean]; scope=; abstract=false; lazyInit=false; autowireMode=0; dependencyCheck=0; autowireCandidate=true; primary=false; factoryBeanName=null; factoryMethodName=null; initMethodName=null; destroyMethodName=null] 
 2018-05-18 19:56:18 [main] INFO  org.springframework.beans.factory.support.DefaultListableBeanFactory [DefaultListableBeanFactory.java line: 822] - Overriding bean definition for bean 'invoiceTypeAssetRepository' with a different definition: replacing [Root bean: class [org.springframework.data.jpa.repository.support.JpaRepositoryFactoryBean]; scope=; abstract=false; lazyInit=false; autowireMode=0; dependencyCheck=0; autowireCandidate=true; primary=false; factoryBeanName=null; factoryMethodName=null; initMethodName=null; destroyMethodName=null] with [Root bean: class [org.springframework.data.jpa.repository.support.JpaRepositoryFactoryBean]; scope=; abstract=false; lazyInit=false; autowireMode=0; dependencyCheck=0; autowireCandidate=true; primary=false; factoryBeanName=null; factoryMethodName=null; initMethodName=null; destroyMethodName=null] 
 2018-05-18 19:56:18 [main] INFO  org.springframework.beans.factory.support.DefaultListableBeanFactory [DefaultListableBeanFactory.java line: 822] - Overriding bean definition for bean 'invoiceVersionRepository' with a different definition: replacing [Root bean: class [org.springframework.data.jpa.repository.support.JpaRepositoryFactoryBean]; scope=; abstract=false; lazyInit=false; autowireMode=0; dependencyCheck=0; autowireCandidate=true; primary=false; factoryBeanName=null; factoryMethodName=null; initMethodName=null; destroyMethodName=null] with [Root bean: class [org.springframework.data.jpa.repository.support.JpaRepositoryFactoryBean]; scope=; abstract=false; lazyInit=false; autowireMode=0; dependencyCheck=0; autowireCandidate=true; primary=false; factoryBeanName=null; factoryMethodName=null; initMethodName=null; destroyMethodName=null] 
 2018-05-18 19:56:18 [main] INFO  org.springframework.jdbc.datasource.DriverManagerDataSource [DriverManagerDataSource.java line: 133] - Loaded JDBC driver: org.hsqldb.jdbcDriver 
 2018-05-18 19:56:19 [main] INFO  org.springframework.orm.jpa.LocalContainerEntityManagerFactoryBean [LocalContainerEntityManagerFactoryBean.java line: 361] - Building JPA container EntityManagerFactory for persistence unit 'jpaData' 
 2018-05-18 19:56:24 [main] INFO  org.springframework.orm.jpa.LocalContainerEntityManagerFactoryBean [AbstractEntityManagerFactoryBean.java line: 393] - Initialized JPA EntityManagerFactory for persistence unit 'jpaData' 
 2018-05-18 19:56:28 [main] INFO  org.springframework.jdbc.datasource.init.ScriptUtils [ScriptUtils.java line: 442] - Executing SQL script from class path resource [mode.sql] 
 2018-05-18 19:56:28 [main] INFO  org.springframework.jdbc.datasource.init.ScriptUtils [ScriptUtils.java line: 508] - Executed SQL script from class path resource [mode.sql] in 10 ms. 
 2018-05-18 19:56:28 [main] INFO  org.springframework.jdbc.datasource.init.ScriptUtils [ScriptUtils.java line: 442] - Executing SQL script from class path resource [sample_data_test.sql] 
 2018-05-18 19:56:28 [main] INFO  org.springframework.jdbc.datasource.init.ScriptUtils [ScriptUtils.java line: 508] - Executed SQL script from class path resource [sample_data_test.sql] in 1 ms. 
 2018-05-18 19:56:29 [main] ERROR org.guce.epayment.core.services.CoreServiceImpl [CoreServiceImpl.java line: 42] - null 
 java.lang.NoSuchMethodException: com.sun.proxy.$Proxy75.findByEmail(java.lang.String)
	at java.lang.Class.getMethod(Class.java:1778)
	at org.guce.epayment.core.services.CoreServiceImpl.findByUniqueKey(CoreServiceImpl.java:38)
	at sun.reflect.NativeMethodAccessorImpl.invoke0(Native Method)
	at sun.reflect.NativeMethodAccessorImpl.invoke(NativeMethodAccessorImpl.java:62)
	at sun.reflect.DelegatingMethodAccessorImpl.invoke(DelegatingMethodAccessorImpl.java:43)
	at java.lang.reflect.Method.invoke(Method.java:483)
	at org.springframework.aop.support.AopUtils.invokeJoinpointUsingReflection(AopUtils.java:338)
	at org.springframework.aop.framework.ReflectiveMethodInvocation.invokeJoinpoint(ReflectiveMethodInvocation.java:197)
	at org.springframework.aop.framework.ReflectiveMethodInvocation.proceed(ReflectiveMethodInvocation.java:163)
	at org.springframework.transaction.interceptor.TransactionInterceptor$$Lambda$286/1487365582.proceedWithInvocation(Unknown Source)
	at org.springframework.transaction.interceptor.TransactionAspectSupport.invokeWithinTransaction(TransactionAspectSupport.java:294)
	at org.springframework.transaction.interceptor.TransactionInterceptor.invoke(TransactionInterceptor.java:98)
	at org.springframework.aop.framework.ReflectiveMethodInvocation.proceed(ReflectiveMethodInvocation.java:185)
	at org.springframework.aop.framework.JdkDynamicAopProxy.invoke(JdkDynamicAopProxy.java:212)
	at com.sun.proxy.$Proxy94.findByUniqueKey(Unknown Source)
	at org.guce.epayment.security.services.AuthenticationServiceImplTest.testSaveUser(AuthenticationServiceImplTest.java:50)
	at sun.reflect.NativeMethodAccessorImpl.invoke0(Native Method)
	at sun.reflect.NativeMethodAccessorImpl.invoke(NativeMethodAccessorImpl.java:62)
	at sun.reflect.DelegatingMethodAccessorImpl.invoke(DelegatingMethodAccessorImpl.java:43)
	at java.lang.reflect.Method.invoke(Method.java:483)
	at org.junit.runners.model.FrameworkMethod$1.runReflectiveCall(FrameworkMethod.java:50)
	at org.junit.internal.runners.model.ReflectiveCallable.run(ReflectiveCallable.java:12)
	at org.junit.runners.model.FrameworkMethod.invokeExplosively(FrameworkMethod.java:47)
	at org.junit.internal.runners.statements.InvokeMethod.evaluate(InvokeMethod.java:17)
	at org.springframework.test.context.junit4.statements.RunBeforeTestExecutionCallbacks.evaluate(RunBeforeTestExecutionCallbacks.java:73)
	at org.springframework.test.context.junit4.statements.RunAfterTestExecutionCallbacks.evaluate(RunAfterTestExecutionCallbacks.java:83)
	at org.springframework.test.context.junit4.statements.RunBeforeTestMethodCallbacks.evaluate(RunBeforeTestMethodCallbacks.java:75)
	at org.springframework.test.context.junit4.statements.RunAfterTestMethodCallbacks.evaluate(RunAfterTestMethodCallbacks.java:86)
	at org.springframework.test.context.junit4.statements.SpringRepeat.evaluate(SpringRepeat.java:84)
	at org.junit.runners.ParentRunner.runLeaf(ParentRunner.java:325)
	at org.springframework.test.context.junit4.SpringJUnit4ClassRunner.runChild(SpringJUnit4ClassRunner.java:251)
	at org.springframework.test.context.junit4.SpringJUnit4ClassRunner.runChild(SpringJUnit4ClassRunner.java:97)
	at org.junit.runners.ParentRunner$3.run(ParentRunner.java:290)
	at org.junit.runners.ParentRunner$1.schedule(ParentRunner.java:71)
	at org.junit.runners.ParentRunner.runChildren(ParentRunner.java:288)
	at org.junit.runners.ParentRunner.access$000(ParentRunner.java:58)
	at org.junit.runners.ParentRunner$2.evaluate(ParentRunner.java:268)
	at org.springframework.test.context.junit4.statements.RunBeforeTestClassCallbacks.evaluate(RunBeforeTestClassCallbacks.java:61)
	at org.springframework.test.context.junit4.statements.RunAfterTestClassCallbacks.evaluate(RunAfterTestClassCallbacks.java:70)
	at org.junit.runners.ParentRunner.run(ParentRunner.java:363)
	at org.springframework.test.context.junit4.SpringJUnit4ClassRunner.run(SpringJUnit4ClassRunner.java:190)
	at org.apache.maven.surefire.junit4.JUnit4Provider.execute(JUnit4Provider.java:252)
	at org.apache.maven.surefire.junit4.JUnit4Provider.executeTestSet(JUnit4Provider.java:141)
	at org.apache.maven.surefire.junit4.JUnit4Provider.invoke(JUnit4Provider.java:112)
	at sun.reflect.NativeMethodAccessorImpl.invoke0(Native Method)
	at sun.reflect.NativeMethodAccessorImpl.invoke(NativeMethodAccessorImpl.java:62)
	at sun.reflect.DelegatingMethodAccessorImpl.invoke(DelegatingMethodAccessorImpl.java:43)
	at java.lang.reflect.Method.invoke(Method.java:483)
	at org.apache.maven.surefire.util.ReflectionUtils.invokeMethodWithArray(ReflectionUtils.java:189)
	at org.apache.maven.surefire.booter.ProviderFactory$ProviderProxy.invoke(ProviderFactory.java:165)
	at org.apache.maven.surefire.booter.ProviderFactory.invokeProvider(ProviderFactory.java:85)
	at org.apache.maven.surefire.booter.ForkedBooter.runSuitesInProcess(ForkedBooter.java:115)
	at org.apache.maven.surefire.booter.ForkedBooter.main(ForkedBooter.java:75)
2018-05-18 19:56:29 [Thread-1] INFO  org.springframework.context.support.GenericApplicationContext [AbstractApplicationContext.java line: 989] - Closing org.springframework.context.support.GenericApplicationContext@3d121db3: startup date [Fri May 18 19:56:17 WAT 2018]; root of context hierarchy 
 2018-05-18 19:56:29 [Thread-1] INFO  org.springframework.orm.jpa.LocalContainerEntityManagerFactoryBean [AbstractEntityManagerFactoryBean.java line: 571] - Closing JPA EntityManagerFactory for persistence unit 'jpaData' 
 2018-05-18 20:30:04 [main] INFO  org.springframework.test.context.support.DefaultTestContextBootstrapper [AbstractTestContextBootstrapper.java line: 257] - Loaded default TestExecutionListener class names from location [META-INF/spring.factories]: [org.springframework.test.context.web.ServletTestExecutionListener, org.springframework.test.context.support.DirtiesContextBeforeModesTestExecutionListener, org.springframework.test.context.support.DependencyInjectionTestExecutionListener, org.springframework.test.context.support.DirtiesContextTestExecutionListener, org.springframework.test.context.transaction.TransactionalTestExecutionListener, org.springframework.test.context.jdbc.SqlScriptsTestExecutionListener] 
 2018-05-18 20:30:04 [main] INFO  org.springframework.test.context.support.DefaultTestContextBootstrapper [AbstractTestContextBootstrapper.java line: 184] - Using TestExecutionListeners: [org.springframework.test.context.web.ServletTestExecutionListener@1f1c7bf6, org.springframework.test.context.support.DirtiesContextBeforeModesTestExecutionListener@25b485ba, org.springframework.test.context.support.DependencyInjectionTestExecutionListener@2b546384, org.springframework.test.context.support.DirtiesContextTestExecutionListener@5d740a0f, org.springframework.test.context.transaction.TransactionalTestExecutionListener@214b199c, org.springframework.test.context.jdbc.SqlScriptsTestExecutionListener@20d3d15a] 
 2018-05-18 20:30:04 [main] INFO  org.springframework.test.context.support.DefaultTestContextBootstrapper [AbstractTestContextBootstrapper.java line: 257] - Loaded default TestExecutionListener class names from location [META-INF/spring.factories]: [org.springframework.test.context.web.ServletTestExecutionListener, org.springframework.test.context.support.DirtiesContextBeforeModesTestExecutionListener, org.springframework.test.context.support.DependencyInjectionTestExecutionListener, org.springframework.test.context.support.DirtiesContextTestExecutionListener, org.springframework.test.context.transaction.TransactionalTestExecutionListener, org.springframework.test.context.jdbc.SqlScriptsTestExecutionListener] 
 2018-05-18 20:30:04 [main] INFO  org.springframework.test.context.support.DefaultTestContextBootstrapper [AbstractTestContextBootstrapper.java line: 184] - Using TestExecutionListeners: [org.springframework.test.context.web.ServletTestExecutionListener@17c1bced, org.springframework.test.context.support.DirtiesContextBeforeModesTestExecutionListener@2d9d4f9d, org.springframework.test.context.support.DependencyInjectionTestExecutionListener@4034c28c, org.springframework.test.context.support.DirtiesContextTestExecutionListener@e50a6f6, org.springframework.test.context.transaction.TransactionalTestExecutionListener@14ec4505, org.springframework.test.context.jdbc.SqlScriptsTestExecutionListener@53ca01a2] 
 2018-05-18 20:30:04 [main] INFO  org.springframework.test.context.support.DefaultTestContextBootstrapper [AbstractTestContextBootstrapper.java line: 257] - Loaded default TestExecutionListener class names from location [META-INF/spring.factories]: [org.springframework.test.context.web.ServletTestExecutionListener, org.springframework.test.context.support.DirtiesContextBeforeModesTestExecutionListener, org.springframework.test.context.support.DependencyInjectionTestExecutionListener, org.springframework.test.context.support.DirtiesContextTestExecutionListener, org.springframework.test.context.transaction.TransactionalTestExecutionListener, org.springframework.test.context.jdbc.SqlScriptsTestExecutionListener] 
 2018-05-18 20:30:04 [main] INFO  org.springframework.test.context.support.DefaultTestContextBootstrapper [AbstractTestContextBootstrapper.java line: 184] - Using TestExecutionListeners: [org.springframework.test.context.web.ServletTestExecutionListener@3b2cf7ab, org.springframework.test.context.support.DirtiesContextBeforeModesTestExecutionListener@2aa5fe93, org.springframework.test.context.support.DependencyInjectionTestExecutionListener@5c1a8622, org.springframework.test.context.support.DirtiesContextTestExecutionListener@5ad851c9, org.springframework.test.context.transaction.TransactionalTestExecutionListener@6156496, org.springframework.test.context.jdbc.SqlScriptsTestExecutionListener@3c153a1] 
 2018-05-18 20:30:04 [main] INFO  org.springframework.test.context.support.DefaultTestContextBootstrapper [AbstractTestContextBootstrapper.java line: 257] - Loaded default TestExecutionListener class names from location [META-INF/spring.factories]: [org.springframework.test.context.web.ServletTestExecutionListener, org.springframework.test.context.support.DirtiesContextBeforeModesTestExecutionListener, org.springframework.test.context.support.DependencyInjectionTestExecutionListener, org.springframework.test.context.support.DirtiesContextTestExecutionListener, org.springframework.test.context.transaction.TransactionalTestExecutionListener, org.springframework.test.context.jdbc.SqlScriptsTestExecutionListener] 
 2018-05-18 20:30:04 [main] INFO  org.springframework.test.context.support.DefaultTestContextBootstrapper [AbstractTestContextBootstrapper.java line: 184] - Using TestExecutionListeners: [org.springframework.test.context.web.ServletTestExecutionListener@327b636c, org.springframework.test.context.support.DirtiesContextBeforeModesTestExecutionListener@45dd4eda, org.springframework.test.context.support.DependencyInjectionTestExecutionListener@60611244, org.springframework.test.context.support.DirtiesContextTestExecutionListener@3745e5c6, org.springframework.test.context.transaction.TransactionalTestExecutionListener@5e4c8041, org.springframework.test.context.jdbc.SqlScriptsTestExecutionListener@71c8becc] 
 2018-05-18 23:13:14 [main] INFO  org.springframework.test.context.support.DefaultTestContextBootstrapper [AbstractTestContextBootstrapper.java line: 257] - Loaded default TestExecutionListener class names from location [META-INF/spring.factories]: [org.springframework.test.context.web.ServletTestExecutionListener, org.springframework.test.context.support.DirtiesContextBeforeModesTestExecutionListener, org.springframework.test.context.support.DependencyInjectionTestExecutionListener, org.springframework.test.context.support.DirtiesContextTestExecutionListener, org.springframework.test.context.transaction.TransactionalTestExecutionListener, org.springframework.test.context.jdbc.SqlScriptsTestExecutionListener] 
 2018-05-18 23:13:14 [main] INFO  org.springframework.test.context.support.DefaultTestContextBootstrapper [AbstractTestContextBootstrapper.java line: 184] - Using TestExecutionListeners: [org.springframework.test.context.web.ServletTestExecutionListener@1f1c7bf6, org.springframework.test.context.support.DirtiesContextBeforeModesTestExecutionListener@25b485ba, org.springframework.test.context.support.DependencyInjectionTestExecutionListener@2b546384, org.springframework.test.context.support.DirtiesContextTestExecutionListener@5d740a0f, org.springframework.test.context.transaction.TransactionalTestExecutionListener@214b199c, org.springframework.test.context.jdbc.SqlScriptsTestExecutionListener@20d3d15a] 
 2018-05-18 23:13:14 [main] INFO  org.springframework.test.context.support.DefaultTestContextBootstrapper [AbstractTestContextBootstrapper.java line: 257] - Loaded default TestExecutionListener class names from location [META-INF/spring.factories]: [org.springframework.test.context.web.ServletTestExecutionListener, org.springframework.test.context.support.DirtiesContextBeforeModesTestExecutionListener, org.springframework.test.context.support.DependencyInjectionTestExecutionListener, org.springframework.test.context.support.DirtiesContextTestExecutionListener, org.springframework.test.context.transaction.TransactionalTestExecutionListener, org.springframework.test.context.jdbc.SqlScriptsTestExecutionListener] 
 2018-05-18 23:13:14 [main] INFO  org.springframework.test.context.support.DefaultTestContextBootstrapper [AbstractTestContextBootstrapper.java line: 184] - Using TestExecutionListeners: [org.springframework.test.context.web.ServletTestExecutionListener@17c1bced, org.springframework.test.context.support.DirtiesContextBeforeModesTestExecutionListener@2d9d4f9d, org.springframework.test.context.support.DependencyInjectionTestExecutionListener@4034c28c, org.springframework.test.context.support.DirtiesContextTestExecutionListener@e50a6f6, org.springframework.test.context.transaction.TransactionalTestExecutionListener@14ec4505, org.springframework.test.context.jdbc.SqlScriptsTestExecutionListener@53ca01a2] 
 2018-05-18 23:13:14 [main] INFO  org.springframework.test.context.support.DefaultTestContextBootstrapper [AbstractTestContextBootstrapper.java line: 257] - Loaded default TestExecutionListener class names from location [META-INF/spring.factories]: [org.springframework.test.context.web.ServletTestExecutionListener, org.springframework.test.context.support.DirtiesContextBeforeModesTestExecutionListener, org.springframework.test.context.support.DependencyInjectionTestExecutionListener, org.springframework.test.context.support.DirtiesContextTestExecutionListener, org.springframework.test.context.transaction.TransactionalTestExecutionListener, org.springframework.test.context.jdbc.SqlScriptsTestExecutionListener] 
 2018-05-18 23:13:14 [main] INFO  org.springframework.test.context.support.DefaultTestContextBootstrapper [AbstractTestContextBootstrapper.java line: 184] - Using TestExecutionListeners: [org.springframework.test.context.web.ServletTestExecutionListener@3b2cf7ab, org.springframework.test.context.support.DirtiesContextBeforeModesTestExecutionListener@2aa5fe93, org.springframework.test.context.support.DependencyInjectionTestExecutionListener@5c1a8622, org.springframework.test.context.support.DirtiesContextTestExecutionListener@5ad851c9, org.springframework.test.context.transaction.TransactionalTestExecutionListener@6156496, org.springframework.test.context.jdbc.SqlScriptsTestExecutionListener@3c153a1] 
 2018-05-18 23:13:14 [main] INFO  org.springframework.test.context.support.DefaultTestContextBootstrapper [AbstractTestContextBootstrapper.java line: 257] - Loaded default TestExecutionListener class names from location [META-INF/spring.factories]: [org.springframework.test.context.web.ServletTestExecutionListener, org.springframework.test.context.support.DirtiesContextBeforeModesTestExecutionListener, org.springframework.test.context.support.DependencyInjectionTestExecutionListener, org.springframework.test.context.support.DirtiesContextTestExecutionListener, org.springframework.test.context.transaction.TransactionalTestExecutionListener, org.springframework.test.context.jdbc.SqlScriptsTestExecutionListener] 
 2018-05-18 23:13:14 [main] INFO  org.springframework.test.context.support.DefaultTestContextBootstrapper [AbstractTestContextBootstrapper.java line: 184] - Using TestExecutionListeners: [org.springframework.test.context.web.ServletTestExecutionListener@327b636c, org.springframework.test.context.support.DirtiesContextBeforeModesTestExecutionListener@45dd4eda, org.springframework.test.context.support.DependencyInjectionTestExecutionListener@60611244, org.springframework.test.context.support.DirtiesContextTestExecutionListener@3745e5c6, org.springframework.test.context.transaction.TransactionalTestExecutionListener@5e4c8041, org.springframework.test.context.jdbc.SqlScriptsTestExecutionListener@71c8becc] 
 2018-05-18 23:40:35 [main] INFO  org.springframework.test.context.support.DefaultTestContextBootstrapper [AbstractTestContextBootstrapper.java line: 257] - Loaded default TestExecutionListener class names from location [META-INF/spring.factories]: [org.springframework.test.context.web.ServletTestExecutionListener, org.springframework.test.context.support.DirtiesContextBeforeModesTestExecutionListener, org.springframework.test.context.support.DependencyInjectionTestExecutionListener, org.springframework.test.context.support.DirtiesContextTestExecutionListener, org.springframework.test.context.transaction.TransactionalTestExecutionListener, org.springframework.test.context.jdbc.SqlScriptsTestExecutionListener] 
 2018-05-18 23:40:35 [main] INFO  org.springframework.test.context.support.DefaultTestContextBootstrapper [AbstractTestContextBootstrapper.java line: 184] - Using TestExecutionListeners: [org.springframework.test.context.web.ServletTestExecutionListener@1f1c7bf6, org.springframework.test.context.support.DirtiesContextBeforeModesTestExecutionListener@25b485ba, org.springframework.test.context.support.DependencyInjectionTestExecutionListener@2b546384, org.springframework.test.context.support.DirtiesContextTestExecutionListener@5d740a0f, org.springframework.test.context.transaction.TransactionalTestExecutionListener@214b199c, org.springframework.test.context.jdbc.SqlScriptsTestExecutionListener@20d3d15a] 
 2018-05-18 23:40:35 [main] INFO  org.springframework.test.context.support.DefaultTestContextBootstrapper [AbstractTestContextBootstrapper.java line: 257] - Loaded default TestExecutionListener class names from location [META-INF/spring.factories]: [org.springframework.test.context.web.ServletTestExecutionListener, org.springframework.test.context.support.DirtiesContextBeforeModesTestExecutionListener, org.springframework.test.context.support.DependencyInjectionTestExecutionListener, org.springframework.test.context.support.DirtiesContextTestExecutionListener, org.springframework.test.context.transaction.TransactionalTestExecutionListener, org.springframework.test.context.jdbc.SqlScriptsTestExecutionListener] 
 2018-05-18 23:40:35 [main] INFO  org.springframework.test.context.support.DefaultTestContextBootstrapper [AbstractTestContextBootstrapper.java line: 184] - Using TestExecutionListeners: [org.springframework.test.context.web.ServletTestExecutionListener@17c1bced, org.springframework.test.context.support.DirtiesContextBeforeModesTestExecutionListener@2d9d4f9d, org.springframework.test.context.support.DependencyInjectionTestExecutionListener@4034c28c, org.springframework.test.context.support.DirtiesContextTestExecutionListener@e50a6f6, org.springframework.test.context.transaction.TransactionalTestExecutionListener@14ec4505, org.springframework.test.context.jdbc.SqlScriptsTestExecutionListener@53ca01a2] 
 2018-05-18 23:40:35 [main] INFO  org.springframework.test.context.support.DefaultTestContextBootstrapper [AbstractTestContextBootstrapper.java line: 257] - Loaded default TestExecutionListener class names from location [META-INF/spring.factories]: [org.springframework.test.context.web.ServletTestExecutionListener, org.springframework.test.context.support.DirtiesContextBeforeModesTestExecutionListener, org.springframework.test.context.support.DependencyInjectionTestExecutionListener, org.springframework.test.context.support.DirtiesContextTestExecutionListener, org.springframework.test.context.transaction.TransactionalTestExecutionListener, org.springframework.test.context.jdbc.SqlScriptsTestExecutionListener] 
 2018-05-18 23:40:35 [main] INFO  org.springframework.test.context.support.DefaultTestContextBootstrapper [AbstractTestContextBootstrapper.java line: 184] - Using TestExecutionListeners: [org.springframework.test.context.web.ServletTestExecutionListener@3b2cf7ab, org.springframework.test.context.support.DirtiesContextBeforeModesTestExecutionListener@2aa5fe93, org.springframework.test.context.support.DependencyInjectionTestExecutionListener@5c1a8622, org.springframework.test.context.support.DirtiesContextTestExecutionListener@5ad851c9, org.springframework.test.context.transaction.TransactionalTestExecutionListener@6156496, org.springframework.test.context.jdbc.SqlScriptsTestExecutionListener@3c153a1] 
 2018-05-18 23:40:35 [main] INFO  org.springframework.test.context.support.DefaultTestContextBootstrapper [AbstractTestContextBootstrapper.java line: 257] - Loaded default TestExecutionListener class names from location [META-INF/spring.factories]: [org.springframework.test.context.web.ServletTestExecutionListener, org.springframework.test.context.support.DirtiesContextBeforeModesTestExecutionListener, org.springframework.test.context.support.DependencyInjectionTestExecutionListener, org.springframework.test.context.support.DirtiesContextTestExecutionListener, org.springframework.test.context.transaction.TransactionalTestExecutionListener, org.springframework.test.context.jdbc.SqlScriptsTestExecutionListener] 
 2018-05-18 23:40:35 [main] INFO  org.springframework.test.context.support.DefaultTestContextBootstrapper [AbstractTestContextBootstrapper.java line: 184] - Using TestExecutionListeners: [org.springframework.test.context.web.ServletTestExecutionListener@327b636c, org.springframework.test.context.support.DirtiesContextBeforeModesTestExecutionListener@45dd4eda, org.springframework.test.context.support.DependencyInjectionTestExecutionListener@60611244, org.springframework.test.context.support.DirtiesContextTestExecutionListener@3745e5c6, org.springframework.test.context.transaction.TransactionalTestExecutionListener@5e4c8041, org.springframework.test.context.jdbc.SqlScriptsTestExecutionListener@71c8becc] 
 2018-05-18 23:44:37 [main] INFO  org.springframework.test.context.support.DefaultTestContextBootstrapper [AbstractTestContextBootstrapper.java line: 257] - Loaded default TestExecutionListener class names from location [META-INF/spring.factories]: [org.springframework.test.context.web.ServletTestExecutionListener, org.springframework.test.context.support.DirtiesContextBeforeModesTestExecutionListener, org.springframework.test.context.support.DependencyInjectionTestExecutionListener, org.springframework.test.context.support.DirtiesContextTestExecutionListener, org.springframework.test.context.transaction.TransactionalTestExecutionListener, org.springframework.test.context.jdbc.SqlScriptsTestExecutionListener] 
 2018-05-18 23:44:37 [main] INFO  org.springframework.test.context.support.DefaultTestContextBootstrapper [AbstractTestContextBootstrapper.java line: 184] - Using TestExecutionListeners: [org.springframework.test.context.web.ServletTestExecutionListener@1f1c7bf6, org.springframework.test.context.support.DirtiesContextBeforeModesTestExecutionListener@25b485ba, org.springframework.test.context.support.DependencyInjectionTestExecutionListener@2b546384, org.springframework.test.context.support.DirtiesContextTestExecutionListener@5d740a0f, org.springframework.test.context.transaction.TransactionalTestExecutionListener@214b199c, org.springframework.test.context.jdbc.SqlScriptsTestExecutionListener@20d3d15a] 
 2018-05-18 23:44:37 [main] INFO  org.springframework.test.context.support.DefaultTestContextBootstrapper [AbstractTestContextBootstrapper.java line: 257] - Loaded default TestExecutionListener class names from location [META-INF/spring.factories]: [org.springframework.test.context.web.ServletTestExecutionListener, org.springframework.test.context.support.DirtiesContextBeforeModesTestExecutionListener, org.springframework.test.context.support.DependencyInjectionTestExecutionListener, org.springframework.test.context.support.DirtiesContextTestExecutionListener, org.springframework.test.context.transaction.TransactionalTestExecutionListener, org.springframework.test.context.jdbc.SqlScriptsTestExecutionListener] 
 2018-05-18 23:44:37 [main] INFO  org.springframework.test.context.support.DefaultTestContextBootstrapper [AbstractTestContextBootstrapper.java line: 184] - Using TestExecutionListeners: [org.springframework.test.context.web.ServletTestExecutionListener@17c1bced, org.springframework.test.context.support.DirtiesContextBeforeModesTestExecutionListener@2d9d4f9d, org.springframework.test.context.support.DependencyInjectionTestExecutionListener@4034c28c, org.springframework.test.context.support.DirtiesContextTestExecutionListener@e50a6f6, org.springframework.test.context.transaction.TransactionalTestExecutionListener@14ec4505, org.springframework.test.context.jdbc.SqlScriptsTestExecutionListener@53ca01a2] 
 2018-05-18 23:44:37 [main] INFO  org.springframework.test.context.support.DefaultTestContextBootstrapper [AbstractTestContextBootstrapper.java line: 257] - Loaded default TestExecutionListener class names from location [META-INF/spring.factories]: [org.springframework.test.context.web.ServletTestExecutionListener, org.springframework.test.context.support.DirtiesContextBeforeModesTestExecutionListener, org.springframework.test.context.support.DependencyInjectionTestExecutionListener, org.springframework.test.context.support.DirtiesContextTestExecutionListener, org.springframework.test.context.transaction.TransactionalTestExecutionListener, org.springframework.test.context.jdbc.SqlScriptsTestExecutionListener] 
 2018-05-18 23:44:37 [main] INFO  org.springframework.test.context.support.DefaultTestContextBootstrapper [AbstractTestContextBootstrapper.java line: 184] - Using TestExecutionListeners: [org.springframework.test.context.web.ServletTestExecutionListener@3b2cf7ab, org.springframework.test.context.support.DirtiesContextBeforeModesTestExecutionListener@2aa5fe93, org.springframework.test.context.support.DependencyInjectionTestExecutionListener@5c1a8622, org.springframework.test.context.support.DirtiesContextTestExecutionListener@5ad851c9, org.springframework.test.context.transaction.TransactionalTestExecutionListener@6156496, org.springframework.test.context.jdbc.SqlScriptsTestExecutionListener@3c153a1] 
 2018-05-18 23:44:37 [main] INFO  org.springframework.test.context.support.DefaultTestContextBootstrapper [AbstractTestContextBootstrapper.java line: 257] - Loaded default TestExecutionListener class names from location [META-INF/spring.factories]: [org.springframework.test.context.web.ServletTestExecutionListener, org.springframework.test.context.support.DirtiesContextBeforeModesTestExecutionListener, org.springframework.test.context.support.DependencyInjectionTestExecutionListener, org.springframework.test.context.support.DirtiesContextTestExecutionListener, org.springframework.test.context.transaction.TransactionalTestExecutionListener, org.springframework.test.context.jdbc.SqlScriptsTestExecutionListener] 
 2018-05-18 23:44:37 [main] INFO  org.springframework.test.context.support.DefaultTestContextBootstrapper [AbstractTestContextBootstrapper.java line: 184] - Using TestExecutionListeners: [org.springframework.test.context.web.ServletTestExecutionListener@327b636c, org.springframework.test.context.support.DirtiesContextBeforeModesTestExecutionListener@45dd4eda, org.springframework.test.context.support.DependencyInjectionTestExecutionListener@60611244, org.springframework.test.context.support.DirtiesContextTestExecutionListener@3745e5c6, org.springframework.test.context.transaction.TransactionalTestExecutionListener@5e4c8041, org.springframework.test.context.jdbc.SqlScriptsTestExecutionListener@71c8becc] 
 2018-05-18 23:49:52 [main] INFO  org.springframework.test.context.support.DefaultTestContextBootstrapper [AbstractTestContextBootstrapper.java line: 257] - Loaded default TestExecutionListener class names from location [META-INF/spring.factories]: [org.springframework.test.context.web.ServletTestExecutionListener, org.springframework.test.context.support.DirtiesContextBeforeModesTestExecutionListener, org.springframework.test.context.support.DependencyInjectionTestExecutionListener, org.springframework.test.context.support.DirtiesContextTestExecutionListener, org.springframework.test.context.transaction.TransactionalTestExecutionListener, org.springframework.test.context.jdbc.SqlScriptsTestExecutionListener] 
 2018-05-18 23:49:52 [main] INFO  org.springframework.test.context.support.DefaultTestContextBootstrapper [AbstractTestContextBootstrapper.java line: 184] - Using TestExecutionListeners: [org.springframework.test.context.web.ServletTestExecutionListener@1f1c7bf6, org.springframework.test.context.support.DirtiesContextBeforeModesTestExecutionListener@25b485ba, org.springframework.test.context.support.DependencyInjectionTestExecutionListener@2b546384, org.springframework.test.context.support.DirtiesContextTestExecutionListener@5d740a0f, org.springframework.test.context.transaction.TransactionalTestExecutionListener@214b199c, org.springframework.test.context.jdbc.SqlScriptsTestExecutionListener@20d3d15a] 
 2018-05-18 23:49:52 [main] INFO  org.springframework.test.context.support.DefaultTestContextBootstrapper [AbstractTestContextBootstrapper.java line: 257] - Loaded default TestExecutionListener class names from location [META-INF/spring.factories]: [org.springframework.test.context.web.ServletTestExecutionListener, org.springframework.test.context.support.DirtiesContextBeforeModesTestExecutionListener, org.springframework.test.context.support.DependencyInjectionTestExecutionListener, org.springframework.test.context.support.DirtiesContextTestExecutionListener, org.springframework.test.context.transaction.TransactionalTestExecutionListener, org.springframework.test.context.jdbc.SqlScriptsTestExecutionListener] 
 2018-05-18 23:49:52 [main] INFO  org.springframework.test.context.support.DefaultTestContextBootstrapper [AbstractTestContextBootstrapper.java line: 184] - Using TestExecutionListeners: [org.springframework.test.context.web.ServletTestExecutionListener@17c1bced, org.springframework.test.context.support.DirtiesContextBeforeModesTestExecutionListener@2d9d4f9d, org.springframework.test.context.support.DependencyInjectionTestExecutionListener@4034c28c, org.springframework.test.context.support.DirtiesContextTestExecutionListener@e50a6f6, org.springframework.test.context.transaction.TransactionalTestExecutionListener@14ec4505, org.springframework.test.context.jdbc.SqlScriptsTestExecutionListener@53ca01a2] 
 2018-05-18 23:49:52 [main] INFO  org.springframework.test.context.support.DefaultTestContextBootstrapper [AbstractTestContextBootstrapper.java line: 257] - Loaded default TestExecutionListener class names from location [META-INF/spring.factories]: [org.springframework.test.context.web.ServletTestExecutionListener, org.springframework.test.context.support.DirtiesContextBeforeModesTestExecutionListener, org.springframework.test.context.support.DependencyInjectionTestExecutionListener, org.springframework.test.context.support.DirtiesContextTestExecutionListener, org.springframework.test.context.transaction.TransactionalTestExecutionListener, org.springframework.test.context.jdbc.SqlScriptsTestExecutionListener] 
 2018-05-18 23:49:52 [main] INFO  org.springframework.test.context.support.DefaultTestContextBootstrapper [AbstractTestContextBootstrapper.java line: 184] - Using TestExecutionListeners: [org.springframework.test.context.web.ServletTestExecutionListener@3b2cf7ab, org.springframework.test.context.support.DirtiesContextBeforeModesTestExecutionListener@2aa5fe93, org.springframework.test.context.support.DependencyInjectionTestExecutionListener@5c1a8622, org.springframework.test.context.support.DirtiesContextTestExecutionListener@5ad851c9, org.springframework.test.context.transaction.TransactionalTestExecutionListener@6156496, org.springframework.test.context.jdbc.SqlScriptsTestExecutionListener@3c153a1] 
 2018-05-18 23:49:52 [main] INFO  org.springframework.test.context.support.DefaultTestContextBootstrapper [AbstractTestContextBootstrapper.java line: 257] - Loaded default TestExecutionListener class names from location [META-INF/spring.factories]: [org.springframework.test.context.web.ServletTestExecutionListener, org.springframework.test.context.support.DirtiesContextBeforeModesTestExecutionListener, org.springframework.test.context.support.DependencyInjectionTestExecutionListener, org.springframework.test.context.support.DirtiesContextTestExecutionListener, org.springframework.test.context.transaction.TransactionalTestExecutionListener, org.springframework.test.context.jdbc.SqlScriptsTestExecutionListener] 
 2018-05-18 23:49:52 [main] INFO  org.springframework.test.context.support.DefaultTestContextBootstrapper [AbstractTestContextBootstrapper.java line: 184] - Using TestExecutionListeners: [org.springframework.test.context.web.ServletTestExecutionListener@327b636c, org.springframework.test.context.support.DirtiesContextBeforeModesTestExecutionListener@45dd4eda, org.springframework.test.context.support.DependencyInjectionTestExecutionListener@60611244, org.springframework.test.context.support.DirtiesContextTestExecutionListener@3745e5c6, org.springframework.test.context.transaction.TransactionalTestExecutionListener@5e4c8041, org.springframework.test.context.jdbc.SqlScriptsTestExecutionListener@71c8becc] 
 